{"numTotalTestSuites":27,"numPassedTestSuites":27,"numFailedTestSuites":0,"numPendingTestSuites":0,"numTotalTests":94,"numPassedTests":94,"numFailedTests":0,"numPendingTests":0,"numTodoTests":0,"snapshot":{"added":0,"failure":false,"filesAdded":0,"filesRemoved":0,"filesRemovedList":[],"filesUnmatched":0,"filesUpdated":0,"matched":0,"total":0,"unchecked":0,"uncheckedKeysByFile":[],"unmatched":0,"updated":0,"didUpdate":false},"startTime":1770580702326,"success":true,"testResults":[{"assertionResults":[{"ancestorTitles":["ExpenseForm - Edit Mode with Backend Data Formats"],"fullName":"ExpenseForm - Edit Mode with Backend Data Formats should handle people data with id format from backend","status":"passed","title":"should handle people data with id format from backend","duration":108.39219999999978,"failureMessages":[],"meta":{}},{"ancestorTitles":["ExpenseForm - Edit Mode with Backend Data Formats"],"fullName":"ExpenseForm - Edit Mode with Backend Data Formats should pass people to InvoiceUpload with id field","status":"passed","title":"should pass people to InvoiceUpload with id field","duration":64.41050000000041,"failureMessages":[],"meta":{}},{"ancestorTitles":["ExpenseForm - Edit Mode with Backend Data Formats"],"fullName":"ExpenseForm - Edit Mode with Backend Data Formats should include invoice count in callback when invoices exist","status":"passed","title":"should include invoice count in callback when invoices exist","duration":320.25689999999986,"failureMessages":[],"meta":{}},{"ancestorTitles":["ExpenseForm - Edit Mode with Backend Data Formats"],"fullName":"ExpenseForm - Edit Mode with Backend Data Formats should use id from backend format when submitting edit","status":"passed","title":"should use id from backend format when submitting edit","duration":138.92279999999982,"failureMessages":[],"meta":{}}],"startTime":1770580705652,"endTime":1770580706284.9229,"status":"passed","message":"","name":"C:/Users/krazy/Projects/Expense Tracker/frontend/src/components/ExpenseForm.editMode.test.jsx"},{"assertionResults":[{"ancestorTitles":["ExpenseForm - Invoice Integration"],"fullName":"ExpenseForm - Invoice Integration should not show invoice section for non-medical expenses","status":"passed","title":"should not show invoice section for non-medical expenses","duration":82.04460000000017,"failureMessages":[],"meta":{}},{"ancestorTitles":["ExpenseForm - Invoice Integration"],"fullName":"ExpenseForm - Invoice Integration should show invoice section for medical expenses","status":"passed","title":"should show invoice section for medical expenses","duration":58.69540000000006,"failureMessages":[],"meta":{}},{"ancestorTitles":["ExpenseForm - Invoice Integration"],"fullName":"ExpenseForm - Invoice Integration should handle file selection for new medical expenses","status":"passed","title":"should handle file selection for new medical expenses","duration":92.87379999999985,"failureMessages":[],"meta":{}},{"ancestorTitles":["ExpenseForm - Invoice Integration"],"fullName":"ExpenseForm - Invoice Integration should validate file type and size for new expenses","status":"passed","title":"should validate file type and size for new expenses","duration":111.07559999999967,"failureMessages":[],"meta":{}},{"ancestorTitles":["ExpenseForm - Invoice Integration"],"fullName":"ExpenseForm - Invoice Integration should use InvoiceUpload component for editing existing expenses","status":"passed","title":"should use InvoiceUpload component for editing existing expenses","duration":48.301600000000235,"failureMessages":[],"meta":{}},{"ancestorTitles":["ExpenseForm - Invoice Integration"],"fullName":"ExpenseForm - Invoice Integration should clear invoice when changing away from medical expenses","status":"passed","title":"should clear invoice when changing away from medical expenses","duration":105.9402,"failureMessages":[],"meta":{}},{"ancestorTitles":["ExpenseForm - Invoice Integration"],"fullName":"ExpenseForm - Invoice Integration should handle invoice upload callbacks","status":"passed","title":"should handle invoice upload callbacks","duration":89.88540000000012,"failureMessages":[],"meta":{}}],"startTime":1770580705655,"endTime":1770580706244.8855,"status":"passed","message":"","name":"C:/Users/krazy/Projects/Expense Tracker/frontend/src/components/ExpenseForm.invoice.test.jsx"},{"assertionResults":[{"ancestorTitles":["ExpenseForm Property-Based Tests"],"fullName":"ExpenseForm Property-Based Tests Property 1: should include all valid categories in the dropdown","status":"passed","title":"Property 1: should include all valid categories in the dropdown","duration":2178.3869,"failureMessages":[],"meta":{}},{"ancestorTitles":["ExpenseForm Property-Based Tests"],"fullName":"ExpenseForm Property-Based Tests Property 5: should persist payment method to localStorage and pre-select on next form open","status":"passed","title":"Property 5: should persist payment method to localStorage and pre-select on next form open","duration":7267.180799999999,"failureMessages":[],"meta":{}},{"ancestorTitles":["ExpenseForm Property-Based Tests"],"fullName":"ExpenseForm Property-Based Tests Property 4: should enable submit button when all required fields have valid values","status":"passed","title":"Property 4: should enable submit button when all required fields have valid values","duration":15580.169100000001,"failureMessages":[],"meta":{}},{"ancestorTitles":["ExpenseForm Property-Based Tests"],"fullName":"ExpenseForm Property-Based Tests Property 1: should render with all advanced sections collapsed in create mode","status":"passed","title":"Property 1: should render with all advanced sections collapsed in create mode","duration":13482.971999999998,"failureMessages":[],"meta":{}},{"ancestorTitles":["ExpenseForm Property-Based Tests"],"fullName":"ExpenseForm Property-Based Tests Property 2: should expand sections with data and collapse empty sections in edit mode","status":"passed","title":"Property 2: should expand sections with data and collapse empty sections in edit mode","duration":13019.400399999999,"failureMessages":[],"meta":{}},{"ancestorTitles":["ExpenseForm Property-Based Tests"],"fullName":"ExpenseForm Property-Based Tests Property 4: should preserve data when sections are collapsed and re-expanded","status":"passed","title":"Property 4: should preserve data when sections are collapsed and re-expanded","duration":7924.113700000002,"failureMessages":[],"meta":{}},{"ancestorTitles":["ExpenseForm Property-Based Tests"],"fullName":"ExpenseForm Property-Based Tests Property 21: should reset section expansion states after successful submission","status":"passed","title":"Property 21: should reset section expansion states after successful submission","duration":7830.359899999996,"failureMessages":[],"meta":{}}],"startTime":1770580705690,"endTime":1770580772973.3599,"status":"passed","message":"","name":"C:/Users/krazy/Projects/Expense Tracker/frontend/src/components/ExpenseForm.pbt.test.jsx"},{"assertionResults":[{"ancestorTitles":["ExpenseForm Posted Date Field Visibility Property-Based Tests"],"fullName":"ExpenseForm Posted Date Field Visibility Property-Based Tests Property 1: posted_date field should be visible if and only if payment method is credit_card","status":"passed","title":"Property 1: posted_date field should be visible if and only if payment method is credit_card","duration":5259.636699999999,"failureMessages":[],"meta":{}},{"ancestorTitles":["ExpenseForm Posted Date Field Visibility Property-Based Tests"],"fullName":"ExpenseForm Posted Date Field Visibility Property-Based Tests Property 1b: posted_date field should hide when switching away from credit_card","status":"passed","title":"Property 1b: posted_date field should hide when switching away from credit_card","duration":1520.0079999999998,"failureMessages":[],"meta":{}},{"ancestorTitles":["ExpenseForm Posted Date Field Visibility Property-Based Tests"],"fullName":"ExpenseForm Posted Date Field Visibility Property-Based Tests Property 1c: posted_date field should show when switching to credit_card","status":"passed","title":"Property 1c: posted_date field should show when switching to credit_card","duration":4481.057999999999,"failureMessages":[],"meta":{}}],"startTime":1770580705689,"endTime":1770580716949.058,"status":"passed","message":"","name":"C:/Users/krazy/Projects/Expense Tracker/frontend/src/components/ExpenseForm.postedDate.pbt.test.jsx"},{"assertionResults":[{"ancestorTitles":["ExpenseForm - People Selection Enhancement"],"fullName":"ExpenseForm - People Selection Enhancement should show people dropdown only for medical expenses","status":"passed","title":"should show people dropdown only for medical expenses","duration":170.07670000000007,"failureMessages":[],"meta":{}},{"ancestorTitles":["ExpenseForm - People Selection Enhancement"],"fullName":"ExpenseForm - People Selection Enhancement should handle single person selection correctly","status":"passed","title":"should handle single person selection correctly","duration":412.08410000000003,"failureMessages":[],"meta":{}},{"ancestorTitles":["ExpenseForm - People Selection Enhancement"],"fullName":"ExpenseForm - People Selection Enhancement should trigger allocation modal for multiple people selection","status":"passed","title":"should trigger allocation modal for multiple people selection","duration":162.11410000000024,"failureMessages":[],"meta":{}},{"ancestorTitles":["ExpenseForm - People Selection Enhancement"],"fullName":"ExpenseForm - People Selection Enhancement should handle allocation modal correctly","status":"passed","title":"should handle allocation modal correctly","duration":151.8349000000003,"failureMessages":[],"meta":{}},{"ancestorTitles":["ExpenseForm - People Selection Enhancement"],"fullName":"ExpenseForm - People Selection Enhancement should clear people selection when changing away from medical expenses","status":"passed","title":"should clear people selection when changing away from medical expenses","duration":95.85769999999957,"failureMessages":[],"meta":{}},{"ancestorTitles":["ExpenseForm - People Selection Enhancement"],"fullName":"ExpenseForm - People Selection Enhancement should validate form correctly with people selection","status":"passed","title":"should validate form correctly with people selection","duration":70.71870000000035,"failureMessages":[],"meta":{}},{"ancestorTitles":["ExpenseForm - Future Months Feature"],"fullName":"ExpenseForm - Future Months Feature should render future months checkbox","status":"passed","title":"should render future months checkbox","duration":32.77840000000015,"failureMessages":[],"meta":{}},{"ancestorTitles":["ExpenseForm - Future Months Feature"],"fullName":"ExpenseForm - Future Months Feature should have future months checkbox unchecked by default","status":"passed","title":"should have future months checkbox unchecked by default","duration":32.431400000000394,"failureMessages":[],"meta":{}},{"ancestorTitles":["ExpenseForm - Future Months Feature"],"fullName":"ExpenseForm - Future Months Feature should show date range preview when future months checkbox is checked","status":"passed","title":"should show date range preview when future months checkbox is checked","duration":46.96770000000015,"failureMessages":[],"meta":{}},{"ancestorTitles":["ExpenseForm - Future Months Feature"],"fullName":"ExpenseForm - Future Months Feature should reset future months to 0 after successful submission","status":"passed","title":"should reset future months to 0 after successful submission","duration":123.5039999999999,"failureMessages":[],"meta":{}},{"ancestorTitles":["ExpenseForm - Future Months Feature"],"fullName":"ExpenseForm - Future Months Feature should pass futureMonths to createExpense API","status":"passed","title":"should pass futureMonths to createExpense API","duration":100.4412999999995,"failureMessages":[],"meta":{}},{"ancestorTitles":["ExpenseForm - Future Months Feature"],"fullName":"ExpenseForm - Future Months Feature should show success message with future expenses count","status":"passed","title":"should show success message with future expenses count","duration":106.91280000000006,"failureMessages":[],"meta":{}},{"ancestorTitles":["ExpenseForm - Future Months Feature"],"fullName":"ExpenseForm - Future Months Feature should not show preview when future months checkbox is unchecked","status":"passed","title":"should not show preview when future months checkbox is unchecked","duration":60.42709999999988,"failureMessages":[],"meta":{}},{"ancestorTitles":["ExpenseForm - Advanced Options Section"],"fullName":"ExpenseForm - Advanced Options Section should render Advanced Options section collapsed by default in create mode","status":"passed","title":"should render Advanced Options section collapsed by default in create mode","duration":10.163700000000063,"failureMessages":[],"meta":{}},{"ancestorTitles":["ExpenseForm - Advanced Options Section"],"fullName":"ExpenseForm - Advanced Options Section should expand Advanced Options section when header is clicked","status":"passed","title":"should expand Advanced Options section when header is clicked","duration":22.665400000000773,"failureMessages":[],"meta":{}},{"ancestorTitles":["ExpenseForm - Advanced Options Section"],"fullName":"ExpenseForm - Advanced Options Section should display badge with future months count when set","status":"passed","title":"should display badge with future months count when set","duration":59.52530000000024,"failureMessages":[],"meta":{}},{"ancestorTitles":["ExpenseForm - Advanced Options Section"],"fullName":"ExpenseForm - Advanced Options Section should show posted date field only for credit card payment methods","status":"passed","title":"should show posted date field only for credit card payment methods","duration":64.0637999999999,"failureMessages":[],"meta":{}},{"ancestorTitles":["ExpenseForm - Advanced Options Section"],"fullName":"ExpenseForm - Advanced Options Section should display badge with posted date when set for credit card","status":"passed","title":"should display badge with posted date when set for credit card","duration":80.32220000000052,"failureMessages":[],"meta":{}},{"ancestorTitles":["ExpenseForm - Advanced Options Section"],"fullName":"ExpenseForm - Advanced Options Section should display badge with both future months and posted date when both are set","status":"passed","title":"should display badge with both future months and posted date when both are set","duration":91.34430000000066,"failureMessages":[],"meta":{}},{"ancestorTitles":["ExpenseForm - Advanced Options Section"],"fullName":"ExpenseForm - Advanced Options Section should display help tooltip for posted date field","status":"passed","title":"should display help tooltip for posted date field","duration":49.88330000000042,"failureMessages":[],"meta":{}},{"ancestorTitles":["ExpenseForm - Advanced Options Section"],"fullName":"ExpenseForm - Advanced Options Section should display help tooltip for future months field","status":"passed","title":"should display help tooltip for future months field","duration":29.471299999999246,"failureMessages":[],"meta":{}},{"ancestorTitles":["ExpenseForm - Reimbursement Section"],"fullName":"ExpenseForm - Reimbursement Section should show Reimbursement section for non-medical expenses","status":"passed","title":"should show Reimbursement section for non-medical expenses","duration":13.730199999999968,"failureMessages":[],"meta":{}},{"ancestorTitles":["ExpenseForm - Reimbursement Section"],"fullName":"ExpenseForm - Reimbursement Section should hide Reimbursement section for medical expenses","status":"passed","title":"should hide Reimbursement section for medical expenses","duration":31.816899999999805,"failureMessages":[],"meta":{}},{"ancestorTitles":["ExpenseForm - Reimbursement Section"],"fullName":"ExpenseForm - Reimbursement Section should display badge with reimbursement amount when original cost is set","status":"passed","title":"should display badge with reimbursement amount when original cost is set","duration":45.18990000000031,"failureMessages":[],"meta":{}},{"ancestorTitles":["ExpenseForm - Reimbursement Section"],"fullName":"ExpenseForm - Reimbursement Section should display breakdown with Charged, Reimbursed, and Net values","status":"passed","title":"should display breakdown with Charged, Reimbursed, and Net values","duration":64.67399999999998,"failureMessages":[],"meta":{}},{"ancestorTitles":["ExpenseForm - Reimbursement Section"],"fullName":"ExpenseForm - Reimbursement Section should display validation error when net amount exceeds original cost","status":"passed","title":"should display validation error when net amount exceeds original cost","duration":48.42579999999998,"failureMessages":[],"meta":{}},{"ancestorTitles":["ExpenseForm - Reimbursement Section"],"fullName":"ExpenseForm - Reimbursement Section should display help tooltip for original cost field","status":"passed","title":"should display help tooltip for original cost field","duration":43.73750000000018,"failureMessages":[],"meta":{}},{"ancestorTitles":["ExpenseForm - Insurance Tracking Section"],"fullName":"ExpenseForm - Insurance Tracking Section should show Insurance Tracking section for medical expenses","status":"passed","title":"should show Insurance Tracking section for medical expenses","duration":21.33929999999964,"failureMessages":[],"meta":{}},{"ancestorTitles":["ExpenseForm - Insurance Tracking Section"],"fullName":"ExpenseForm - Insurance Tracking Section should hide Insurance Tracking section for non-medical expenses","status":"passed","title":"should hide Insurance Tracking section for non-medical expenses","duration":24.019099999999526,"failureMessages":[],"meta":{}},{"ancestorTitles":["ExpenseForm - Insurance Tracking Section"],"fullName":"ExpenseForm - Insurance Tracking Section should display badge with claim status when insurance is enabled","status":"passed","title":"should display badge with claim status when insurance is enabled","duration":65.34220000000005,"failureMessages":[],"meta":{}},{"ancestorTitles":["ExpenseForm - Insurance Tracking Section"],"fullName":"ExpenseForm - Insurance Tracking Section should show insurance details when checkbox is checked","status":"passed","title":"should show insurance details when checkbox is checked","duration":64.21860000000015,"failureMessages":[],"meta":{}},{"ancestorTitles":["ExpenseForm - Insurance Tracking Section"],"fullName":"ExpenseForm - Insurance Tracking Section should display appropriate status note for each claim status","status":"passed","title":"should display appropriate status note for each claim status","duration":122.47409999999945,"failureMessages":[],"meta":{}},{"ancestorTitles":["ExpenseForm - Insurance Tracking Section"],"fullName":"ExpenseForm - Insurance Tracking Section should display help tooltips for insurance fields","status":"passed","title":"should display help tooltips for insurance fields","duration":79.22129999999925,"failureMessages":[],"meta":{}},{"ancestorTitles":["ExpenseForm - People Assignment Section"],"fullName":"ExpenseForm - People Assignment Section should display People Assignment section only for medical expenses","status":"passed","title":"should display People Assignment section only for medical expenses","duration":45.91359999999986,"failureMessages":[],"meta":{}},{"ancestorTitles":["ExpenseForm - People Assignment Section"],"fullName":"ExpenseForm - People Assignment Section should display badge with people count when people are selected","status":"passed","title":"should display badge with people count when people are selected","duration":55.70690000000013,"failureMessages":[],"meta":{}},{"ancestorTitles":["ExpenseForm - People Assignment Section"],"fullName":"ExpenseForm - People Assignment Section should display allocation summary with Edit button for multiple people","status":"passed","title":"should display allocation summary with Edit button for multiple people","duration":89.59150000000045,"failureMessages":[],"meta":{}},{"ancestorTitles":["ExpenseForm - People Assignment Section"],"fullName":"ExpenseForm - People Assignment Section should display allocation breakdown when amounts are set","status":"passed","title":"should display allocation breakdown when amounts are set","duration":42.38869999999952,"failureMessages":[],"meta":{}},{"ancestorTitles":["ExpenseForm - People Assignment Section"],"fullName":"ExpenseForm - People Assignment Section should display simple selection for single person without Edit button","status":"passed","title":"should display simple selection for single person without Edit button","duration":92.3177999999998,"failureMessages":[],"meta":{}},{"ancestorTitles":["ExpenseForm - Invoice Attachments Section"],"fullName":"ExpenseForm - Invoice Attachments Section should show Invoice Attachments section for Tax - Medical expenses","status":"passed","title":"should show Invoice Attachments section for Tax - Medical expenses","duration":32.632800000000316,"failureMessages":[],"meta":{}},{"ancestorTitles":["ExpenseForm - Invoice Attachments Section"],"fullName":"ExpenseForm - Invoice Attachments Section should show Invoice Attachments section for Tax - Donation expenses","status":"passed","title":"should show Invoice Attachments section for Tax - Donation expenses","duration":14.832800000000134,"failureMessages":[],"meta":{}},{"ancestorTitles":["ExpenseForm - Invoice Attachments Section"],"fullName":"ExpenseForm - Invoice Attachments Section should NOT show Invoice Attachments section for non-tax-deductible expenses","status":"passed","title":"should NOT show Invoice Attachments section for non-tax-deductible expenses","duration":125.93159999999989,"failureMessages":[],"meta":{}},{"ancestorTitles":["ExpenseForm - Invoice Attachments Section"],"fullName":"ExpenseForm - Invoice Attachments Section should display invoice count badge in edit mode with existing invoices","status":"passed","title":"should display invoice count badge in edit mode with existing invoices","duration":31.21979999999985,"failureMessages":[],"meta":{}},{"ancestorTitles":["ExpenseForm - Invoice Attachments Section"],"fullName":"ExpenseForm - Invoice Attachments Section should display InvoiceUpload component in edit mode","status":"passed","title":"should display InvoiceUpload component in edit mode","duration":47.29370000000017,"failureMessages":[],"meta":{}},{"ancestorTitles":["ExpenseForm - Invoice Attachments Section"],"fullName":"ExpenseForm - Invoice Attachments Section should display file selection interface in create mode","status":"passed","title":"should display file selection interface in create mode","duration":44.36290000000008,"failureMessages":[],"meta":{}},{"ancestorTitles":["ExpenseForm - Invoice Attachments Section"],"fullName":"ExpenseForm - Invoice Attachments Section should support multiple invoice file selection","status":"passed","title":"should support multiple invoice file selection","duration":52.003999999999905,"failureMessages":[],"meta":{}},{"ancestorTitles":["ExpenseForm - Invoice Attachments Section"],"fullName":"ExpenseForm - Invoice Attachments Section should show person assignment dropdown for medical expense invoices","status":"passed","title":"should show person assignment dropdown for medical expense invoices","duration":49.776199999999335,"failureMessages":[],"meta":{}},{"ancestorTitles":["ExpenseForm - Error Handling and Auto-Expansion"],"fullName":"ExpenseForm - Error Handling and Auto-Expansion should auto-expand Reimbursement section when it contains validation error","status":"passed","title":"should auto-expand Reimbursement section when it contains validation error","duration":72.20740000000023,"failureMessages":[],"meta":{}},{"ancestorTitles":["ExpenseForm - Error Handling and Auto-Expansion"],"fullName":"ExpenseForm - Error Handling and Auto-Expansion should display error indicator on section header when section has validation error","status":"passed","title":"should display error indicator on section header when section has validation error","duration":77.88060000000041,"failureMessages":[],"meta":{}},{"ancestorTitles":["ExpenseForm - Error Handling and Auto-Expansion"],"fullName":"ExpenseForm - Error Handling and Auto-Expansion should focus first field with error after auto-expansion","status":"passed","title":"should focus first field with error after auto-expansion","duration":77.0650999999998,"failureMessages":[],"meta":{}},{"ancestorTitles":["ExpenseForm - Error Handling and Auto-Expansion"],"fullName":"ExpenseForm - Error Handling and Auto-Expansion should handle multiple errors in different sections","status":"passed","title":"should handle multiple errors in different sections","duration":110.05000000000018,"failureMessages":[],"meta":{}},{"ancestorTitles":["ExpenseForm - Initial State Logic"],"fullName":"ExpenseForm - Initial State Logic should render all sections collapsed in create mode","status":"passed","title":"should render all sections collapsed in create mode","duration":16.60529999999926,"failureMessages":[],"meta":{}},{"ancestorTitles":["ExpenseForm - Initial State Logic"],"fullName":"ExpenseForm - Initial State Logic should expand Advanced Options section when editing expense with future months","status":"passed","title":"should expand Advanced Options section when editing expense with future months","duration":9.378899999999703,"failureMessages":[],"meta":{}},{"ancestorTitles":["ExpenseForm - Initial State Logic"],"fullName":"ExpenseForm - Initial State Logic should expand Advanced Options section when editing expense with posted date","status":"passed","title":"should expand Advanced Options section when editing expense with posted date","duration":11.298899999999776,"failureMessages":[],"meta":{}},{"ancestorTitles":["ExpenseForm - Initial State Logic"],"fullName":"ExpenseForm - Initial State Logic should expand Reimbursement section when editing non-medical expense with original cost","status":"passed","title":"should expand Reimbursement section when editing non-medical expense with original cost","duration":10.27889999999934,"failureMessages":[],"meta":{}},{"ancestorTitles":["ExpenseForm - Initial State Logic"],"fullName":"ExpenseForm - Initial State Logic should expand Insurance section when editing medical expense with insurance enabled","status":"passed","title":"should expand Insurance section when editing medical expense with insurance enabled","duration":22.293099999999868,"failureMessages":[],"meta":{}},{"ancestorTitles":["ExpenseForm - Initial State Logic"],"fullName":"ExpenseForm - Initial State Logic should expand People section when editing medical expense with people assigned","status":"passed","title":"should expand People section when editing medical expense with people assigned","duration":13.178799999999683,"failureMessages":[],"meta":{}},{"ancestorTitles":["ExpenseForm - Initial State Logic"],"fullName":"ExpenseForm - Initial State Logic should expand Invoice section when editing tax-deductible expense with invoices","status":"passed","title":"should expand Invoice section when editing tax-deductible expense with invoices","duration":20.444100000000617,"failureMessages":[],"meta":{}},{"ancestorTitles":["ExpenseForm - Initial State Logic"],"fullName":"ExpenseForm - Initial State Logic should use sessionStorage state when available, overriding default expansion logic","status":"passed","title":"should use sessionStorage state when available, overriding default expansion logic","duration":10.094699999999648,"failureMessages":[],"meta":{}},{"ancestorTitles":["ExpenseForm - Initial State Logic"],"fullName":"ExpenseForm - Initial State Logic should collapse sections without data in edit mode","status":"passed","title":"should collapse sections without data in edit mode","duration":15.275499999999738,"failureMessages":[],"meta":{}},{"ancestorTitles":["ExpenseForm - Data Preservation During Collapse"],"fullName":"ExpenseForm - Data Preservation During Collapse should preserve posted date data when Advanced Options section is collapsed","status":"passed","title":"should preserve posted date data when Advanced Options section is collapsed","duration":74.30349999999999,"failureMessages":[],"meta":{}},{"ancestorTitles":["ExpenseForm - Data Preservation During Collapse"],"fullName":"ExpenseForm - Data Preservation During Collapse should preserve generic original cost when Reimbursement section is collapsed and re-expanded","status":"passed","title":"should preserve generic original cost when Reimbursement section is collapsed and re-expanded","duration":77.12750000000051,"failureMessages":[],"meta":{}},{"ancestorTitles":["ExpenseForm - Data Preservation During Collapse"],"fullName":"ExpenseForm - Data Preservation During Collapse should include data from collapsed sections in form submission","status":"passed","title":"should include data from collapsed sections in form submission","duration":87.1893,"failureMessages":[],"meta":{}},{"ancestorTitles":["ExpenseForm - Data Preservation During Collapse"],"fullName":"ExpenseForm - Data Preservation During Collapse should preserve insurance data when Insurance section is collapsed","status":"passed","title":"should preserve insurance data when Insurance section is collapsed","duration":99.6885000000002,"failureMessages":[],"meta":{}},{"ancestorTitles":["ExpenseForm - Data Preservation During Collapse"],"fullName":"ExpenseForm - Data Preservation During Collapse should preserve data in multiple collapsed sections independently","status":"passed","title":"should preserve data in multiple collapsed sections independently","duration":103.61110000000008,"failureMessages":[],"meta":{}},{"ancestorTitles":["ExpenseForm - State Reset After Submission"],"fullName":"ExpenseForm - State Reset After Submission should reset expansion states to collapsed after successful submission","status":"passed","title":"should reset expansion states to collapsed after successful submission","duration":85.33120000000054,"failureMessages":[],"meta":{}},{"ancestorTitles":["ExpenseForm - State Reset After Submission"],"fullName":"ExpenseForm - State Reset After Submission should update sessionStorage with collapsed states after successful submission","status":"passed","title":"should update sessionStorage with collapsed states after successful submission","duration":60.924699999999575,"failureMessages":[],"meta":{}},{"ancestorTitles":["ExpenseForm - State Reset After Submission"],"fullName":"ExpenseForm - State Reset After Submission should preserve last used payment method after successful submission","status":"passed","title":"should preserve last used payment method after successful submission","duration":95.0616,"failureMessages":[],"meta":{}}],"startTime":1770580705695,"endTime":1770580710168.0615,"status":"passed","message":"","name":"C:/Users/krazy/Projects/Expense Tracker/frontend/src/components/ExpenseForm.test.jsx"},{"assertionResults":[{"ancestorTitles":["Property 9: Invoice Data Loading and Display"],"fullName":"Property 9: Invoice Data Loading and Display validates invoice data loading for tax-deductible expenses","status":"passed","title":"validates invoice data loading for tax-deductible expenses","duration":4126.5934,"failureMessages":[],"meta":{}},{"ancestorTitles":["Property 11: People Data Loading and Display"],"fullName":"Property 11: People Data Loading and Display validates people data loading for medical expenses","status":"passed","title":"validates people data loading for medical expenses","duration":5108.2877,"failureMessages":[],"meta":{}}],"startTime":1770580705634,"endTime":1770580714869.2876,"status":"passed","message":"","name":"C:/Users/krazy/Projects/Expense Tracker/frontend/src/components/ExpenseList.editModal.dataLoading.pbt.test.jsx"},{"assertionResults":[{"ancestorTitles":["CSS Design System Properties","Property 1: Transition Duration Consistency"],"fullName":"CSS Design System Properties Property 1: Transition Duration Consistency all transition durations should be between 150ms and 300ms","status":"passed","title":"all transition durations should be between 150ms and 300ms","duration":11.708800000000338,"failureMessages":[],"meta":{}},{"ancestorTitles":["CSS Design System Properties","Property 1: Transition Duration Consistency"],"fullName":"CSS Design System Properties Property 1: Transition Duration Consistency should correctly parse various transition duration formats","status":"passed","title":"should correctly parse various transition duration formats","duration":12.936999999999898,"failureMessages":[],"meta":{}},{"ancestorTitles":["CSS Design System Properties","Property 2: Reduced Motion Accessibility"],"fullName":"CSS Design System Properties Property 2: Reduced Motion Accessibility all CSS files with animations should have prefers-reduced-motion support","status":"passed","title":"all CSS files with animations should have prefers-reduced-motion support","duration":26.16319999999996,"failureMessages":[],"meta":{}},{"ancestorTitles":["CSS Design System Properties","Property 2: Reduced Motion Accessibility"],"fullName":"CSS Design System Properties Property 2: Reduced Motion Accessibility reduced motion rules should set animation to none or transition to none","status":"passed","title":"reduced motion rules should set animation to none or transition to none","duration":12.529699999999593,"failureMessages":[],"meta":{}}],"startTime":1770580705386,"endTime":1770580705449.5298,"status":"passed","message":"","name":"C:/Users/krazy/Projects/Expense Tracker/frontend/src/styles/css-properties.pbt.test.js"}]}
