TN:
SF:config\logger.js
FN:19,getLogLevelConfig
FN:34,formatMessage
FN:45,log
FN:74,debug
FN:83,info
FN:92,warn
FN:101,error
FN:109,getLogLevel
FNF:8
FNH:7
FNDA:510,getLogLevelConfig
FNDA:222,formatMessage
FNDA:510,log
FNDA:288,debug
FNDA:165,info
FNDA:5,warn
FNDA:52,error
FNDA:0,getLogLevel
DA:7,50
DA:20,510
DA:21,510
DA:22,510
DA:25,510
DA:35,222
DA:36,222
DA:46,510
DA:47,510
DA:49,510
DA:50,222
DA:53,222
DA:55,52
DA:56,52
DA:58,5
DA:59,5
DA:63,165
DA:64,165
DA:75,288
DA:84,165
DA:93,5
DA:102,52
DA:110,0
DA:111,0
DA:114,50
LF:25
LH:23
BRDA:21,0,0,510
BRDA:21,0,1,510
BRDA:22,1,0,510
BRDA:22,1,1,0
BRDA:47,2,0,510
BRDA:47,2,1,0
BRDA:49,3,0,222
BRDA:49,3,1,288
BRDA:53,4,0,52
BRDA:53,4,1,5
BRDA:53,4,2,0
BRDA:53,4,3,165
BRDA:53,4,4,165
BRF:13
BRH:10
end_of_record
TN:
SF:config\paths.js
FN:23,getConfigDir
FN:31,getDatabasePath
FN:39,getBackupPath
FN:47,getBackupConfigPath
FN:55,getInvoicesPath
FN:64,ensureDirectories
FNF:6
FNH:5
FNDA:49,getConfigDir
FNDA:46,getDatabasePath
FNDA:0,getBackupPath
FNDA:48,getBackupConfigPath
FNDA:23,getInvoicesPath
FNDA:3,ensureDirectories
DA:1,47
DA:2,47
DA:3,47
DA:11,47
DA:14,47
DA:17,47
DA:24,49
DA:32,46
DA:40,0
DA:48,48
DA:56,23
DA:65,3
DA:73,3
DA:74,15
DA:75,15
DA:78,0
DA:83,47
LF:17
LH:15
BRDA:14,0,0,0
BRDA:14,0,1,47
BRF:2
BRH:1
end_of_record
TN:
SF:controllers\backupController.js
FN:11,getBackupConfig
FN:29,updateBackupConfig
FN:75,performManualBackup
FN:88,downloadBackup
FN:107,(anonymous_4)
FN:121,getBackupList
FN:134,getStorageStats
FN:149,restoreFromArchive
FN:194,restoreBackup
FNF:9
FNH:2
FNDA:0,getBackupConfig
FNDA:0,updateBackupConfig
FNDA:0,performManualBackup
FNDA:0,downloadBackup
FNDA:0,(anonymous_4)
FNDA:0,getBackupList
FNDA:2,getStorageStats
FNDA:7,restoreFromArchive
FNDA:0,restoreBackup
DA:1,1
DA:2,1
DA:3,1
DA:4,1
DA:5,1
DA:12,0
DA:13,0
DA:14,0
DA:16,0
DA:21,0
DA:30,0
DA:31,0
DA:34,0
DA:35,0
DA:38,0
DA:39,0
DA:40,0
DA:42,0
DA:49,0
DA:50,0
DA:52,0
DA:58,0
DA:59,0
DA:61,0
DA:67,0
DA:76,0
DA:77,0
DA:78,0
DA:80,0
DA:89,0
DA:91,0
DA:92,0
DA:96,0
DA:97,0
DA:100,0
DA:101,0
DA:104,0
DA:105,0
DA:107,0
DA:108,0
DA:109,0
DA:112,0
DA:113,0
DA:122,0
DA:123,0
DA:124,0
DA:126,0
DA:135,2
DA:136,2
DA:137,2
DA:139,0
DA:140,0
DA:150,7
DA:152,7
DA:153,1
DA:157,6
DA:158,3
DA:162,3
DA:163,1
DA:166,2
DA:168,2
DA:169,2
DA:172,2
DA:173,1
DA:177,1
DA:179,1
DA:185,0
DA:186,0
DA:195,0
DA:196,0
DA:199,0
DA:201,0
DA:202,0
DA:205,0
DA:208,0
DA:209,0
DA:211,0
DA:212,0
DA:213,0
DA:217,0
DA:218,0
DA:219,0
DA:222,0
DA:225,0
DA:229,0
DA:230,0
DA:232,0
DA:238,0
DA:239,0
DA:242,0
DA:243,0
DA:247,1
LF:92
LH:23
BRDA:18,0,0,0
BRDA:18,0,1,0
BRDA:34,1,0,0
BRDA:34,1,1,0
BRDA:38,2,0,0
BRDA:38,2,1,0
BRDA:63,3,0,0
BRDA:63,3,1,0
BRDA:91,4,0,0
BRDA:91,4,1,0
BRDA:152,5,0,1
BRDA:152,5,1,6
BRDA:157,6,0,3
BRDA:157,6,1,3
BRDA:157,7,0,6
BRDA:157,7,1,5
BRDA:157,7,2,4
BRDA:162,8,0,1
BRDA:162,8,1,2
BRDA:168,9,0,2
BRDA:168,9,1,0
BRDA:172,10,0,1
BRDA:172,10,1,1
BRDA:195,11,0,0
BRDA:195,11,1,0
BRDA:201,12,0,0
BRDA:201,12,1,0
BRDA:211,13,0,0
BRDA:211,13,1,0
BRDA:238,14,0,0
BRDA:238,14,1,0
BRDA:238,15,0,0
BRDA:238,15,1,0
BRF:33
BRH:12
end_of_record
TN:
SF:controllers\budgetController.js
FN:7,getBudgets
FN:24,(anonymous_1)
FN:57,createBudget
FN:129,updateBudget
FN:191,deleteBudget
FN:229,getBudgetSummary
FN:267,getBudgetHistory
FN:317,copyBudgets
FN:381,suggestBudget
FNF:9
FNH:9
FNDA:4,getBudgets
FNDA:1,(anonymous_1)
FNDA:5,createBudget
FNDA:4,updateBudget
FNDA:3,deleteBudget
FNDA:2,getBudgetSummary
FNDA:3,getBudgetHistory
FNDA:4,copyBudgets
FNDA:9,suggestBudget
DA:1,1
DA:8,4
DA:9,4
DA:11,4
DA:12,2
DA:20,2
DA:23,1
DA:25,1
DA:26,1
DA:33,1
DA:35,1
DA:36,1
DA:43,0
DA:58,5
DA:59,5
DA:62,5
DA:63,1
DA:71,4
DA:72,1
DA:75,3
DA:76,1
DA:88,2
DA:89,1
DA:97,1
DA:98,1
DA:106,0
DA:107,0
DA:115,0
DA:130,4
DA:131,4
DA:133,4
DA:134,1
DA:142,3
DA:144,3
DA:145,1
DA:153,2
DA:154,1
DA:156,1
DA:157,0
DA:169,1
DA:170,1
DA:178,0
DA:192,3
DA:193,3
DA:195,3
DA:196,1
DA:204,2
DA:205,1
DA:207,1
DA:208,1
DA:216,0
DA:230,2
DA:231,2
DA:233,2
DA:234,1
DA:242,1
DA:243,1
DA:245,0
DA:246,0
DA:254,0
DA:268,3
DA:269,3
DA:271,3
DA:272,0
DA:280,3
DA:282,3
DA:283,2
DA:285,1
DA:286,0
DA:294,1
DA:295,1
DA:303,0
DA:318,4
DA:319,4
DA:322,4
DA:323,1
DA:331,3
DA:339,1
DA:341,2
DA:342,1
DA:350,1
DA:351,1
DA:359,0
DA:360,0
DA:368,0
DA:382,9
DA:383,9
DA:386,9
DA:387,3
DA:395,6
DA:396,3
DA:398,3
DA:399,1
DA:407,2
DA:408,1
DA:416,1
DA:425,1
LF:97
LH:81
BRDA:11,0,0,2
BRDA:11,0,1,2
BRDA:11,1,0,4
BRDA:11,1,1,3
BRDA:35,2,0,1
BRDA:35,2,1,0
BRDA:62,3,0,1
BRDA:62,3,1,4
BRDA:62,4,0,5
BRDA:62,4,1,5
BRDA:62,4,2,5
BRDA:62,4,3,4
BRDA:62,4,4,4
BRDA:75,5,0,1
BRDA:75,5,1,2
BRDA:88,6,0,1
BRDA:88,6,1,1
BRDA:97,7,0,1
BRDA:97,7,1,0
BRDA:106,8,0,0
BRDA:106,8,1,0
BRDA:133,9,0,1
BRDA:133,9,1,3
BRDA:144,10,0,1
BRDA:144,10,1,2
BRDA:144,11,0,3
BRDA:144,11,1,2
BRDA:156,12,0,0
BRDA:156,12,1,1
BRDA:169,13,0,1
BRDA:169,13,1,0
BRDA:195,14,0,1
BRDA:195,14,1,2
BRDA:207,15,0,1
BRDA:207,15,1,0
BRDA:233,16,0,1
BRDA:233,16,1,1
BRDA:233,17,0,2
BRDA:233,17,1,2
BRDA:245,18,0,0
BRDA:245,18,1,0
BRDA:271,19,0,0
BRDA:271,19,1,3
BRDA:271,20,0,3
BRDA:271,20,1,3
BRDA:280,21,0,2
BRDA:280,21,1,1
BRDA:285,22,0,0
BRDA:285,22,1,1
BRDA:294,23,0,1
BRDA:294,23,1,0
BRDA:322,24,0,1
BRDA:322,24,1,3
BRDA:322,25,0,4
BRDA:322,25,1,4
BRDA:322,25,2,4
BRDA:322,25,3,3
BRDA:336,26,0,3
BRDA:336,26,1,3
BRDA:341,27,0,1
BRDA:341,27,1,1
BRDA:350,28,0,1
BRDA:350,28,1,0
BRDA:359,29,0,0
BRDA:359,29,1,0
BRDA:386,30,0,3
BRDA:386,30,1,6
BRDA:386,31,0,9
BRDA:386,31,1,8
BRDA:386,31,2,7
BRDA:398,32,0,1
BRDA:398,32,1,2
BRDA:407,33,0,1
BRDA:407,33,1,1
BRF:74
BRH:59
end_of_record
TN:
SF:controllers\expenseController.js
FN:20,generateFutureExpensesMessage
FN:37,createExpense
FN:76,getExpenses
FN:100,getExpenseWithPeople
FN:124,updateExpense
FN:173,deleteExpense
FN:197,getSummary
FN:227,getAnnualSummary
FN:246,getTaxDeductibleSummary
FN:274,getMonthlyGross
FN:297,setMonthlyGross
FN:320,convertDate
FN:359,importExpenses
FN:372,(anonymous_13)
FN:375,(anonymous_14)
FN:483,backupDatabase
FN:502,(anonymous_16)
FN:516,getDistinctPlaces
FN:536,getSuggestedCategory
FNF:19
FNH:4
FNDA:6,generateFutureExpensesMessage
FNDA:7,createExpense
FNDA:0,getExpenses
FNDA:0,getExpenseWithPeople
FNDA:6,updateExpense
FNDA:0,deleteExpense
FNDA:0,getSummary
FNDA:0,getAnnualSummary
FNDA:0,getTaxDeductibleSummary
FNDA:0,getMonthlyGross
FNDA:0,setMonthlyGross
FNDA:0,convertDate
FNDA:0,importExpenses
FNDA:0,(anonymous_13)
FNDA:0,(anonymous_14)
FNDA:0,backupDatabase
FNDA:0,(anonymous_16)
FNDA:0,getDistinctPlaces
FNDA:6,getSuggestedCategory
DA:1,2
DA:2,2
DA:3,2
DA:4,2
DA:5,2
DA:6,2
DA:7,2
DA:8,2
DA:9,2
DA:12,2
DA:21,6
DA:22,0
DA:26,6
DA:27,6
DA:29,6
DA:30,6
DA:38,7
DA:39,7
DA:42,7
DA:45,7
DA:47,1
DA:50,6
DA:54,6
DA:55,4
DA:56,4
DA:58,4
DA:65,2
DA:68,1
DA:77,0
DA:78,0
DA:79,0
DA:81,0
DA:82,0
DA:85,0
DA:86,0
DA:89,0
DA:90,0
DA:92,0
DA:101,0
DA:102,0
DA:104,0
DA:105,0
DA:108,0
DA:110,0
DA:111,0
DA:114,0
DA:116,0
DA:125,6
DA:126,6
DA:128,6
DA:129,1
DA:132,5
DA:135,5
DA:138,5
DA:140,1
DA:143,4
DA:146,4
DA:147,1
DA:151,3
DA:152,2
DA:153,2
DA:155,2
DA:162,1
DA:165,1
DA:174,0
DA:175,0
DA:177,0
DA:178,0
DA:181,0
DA:183,0
DA:184,0
DA:187,0
DA:189,0
DA:198,0
DA:199,0
DA:201,0
DA:202,0
DA:206,0
DA:207,0
DA:209,0
DA:210,0
DA:214,0
DA:216,0
DA:217,0
DA:219,0
DA:228,0
DA:229,0
DA:231,0
DA:232,0
DA:235,0
DA:236,0
DA:238,0
DA:247,0
DA:248,0
DA:250,0
DA:251,0
DA:254,0
DA:257,0
DA:258,0
DA:260,0
DA:263,0
DA:265,0
DA:266,0
DA:275,0
DA:276,0
DA:278,0
DA:279,0
DA:282,0
DA:283,0
DA:289,0
DA:298,0
DA:299,0
DA:301,0
DA:302,0
DA:305,0
DA:311,0
DA:313,0
DA:321,0
DA:324,0
DA:325,0
DA:326,0
DA:329,0
DA:330,0
DA:331,0
DA:332,0
DA:335,0
DA:336,0
DA:338,0
DA:343,0
DA:344,0
DA:346,0
DA:349,0
DA:360,0
DA:361,0
DA:364,0
DA:365,0
DA:366,0
DA:367,0
DA:369,0
DA:371,0
DA:372,0
DA:373,0
DA:376,0
DA:377,0
DA:378,0
DA:386,0
DA:387,0
DA:388,0
DA:391,0
DA:392,0
DA:393,0
DA:394,0
DA:395,0
DA:396,0
DA:397,0
DA:400,0
DA:401,0
DA:405,0
DA:406,0
DA:407,0
DA:412,0
DA:416,0
DA:417,0
DA:420,0
DA:421,0
DA:425,0
DA:430,0
DA:442,0
DA:443,0
DA:445,0
DA:446,0
DA:455,0
DA:457,0
DA:465,0
DA:466,0
DA:469,0
DA:470,0
DA:484,0
DA:486,0
DA:487,0
DA:491,0
DA:492,0
DA:495,0
DA:496,0
DA:499,0
DA:500,0
DA:502,0
DA:503,0
DA:504,0
DA:507,0
DA:508,0
DA:517,0
DA:518,0
DA:519,0
DA:521,0
DA:537,6
DA:538,6
DA:540,6
DA:541,3
DA:544,3
DA:545,2
DA:547,2
DA:552,1
DA:556,2
LF:204
LH:53
BRDA:21,0,0,0
BRDA:21,0,1,6
BRDA:29,1,0,3
BRDA:29,1,1,3
BRDA:42,2,0,6
BRDA:42,2,1,1
BRDA:45,3,0,1
BRDA:45,3,1,6
BRDA:45,4,0,7
BRDA:45,4,1,1
BRDA:54,5,0,4
BRDA:54,5,1,2
BRDA:54,6,0,6
BRDA:54,6,1,4
BRDA:81,7,0,0
BRDA:81,7,1,0
BRDA:85,8,0,0
BRDA:85,8,1,0
BRDA:104,9,0,0
BRDA:104,9,1,0
BRDA:110,10,0,0
BRDA:110,10,1,0
BRDA:128,11,0,1
BRDA:128,11,1,5
BRDA:135,12,0,4
BRDA:135,12,1,1
BRDA:138,13,0,1
BRDA:138,13,1,4
BRDA:146,14,0,1
BRDA:146,14,1,3
BRDA:151,15,0,2
BRDA:151,15,1,1
BRDA:151,16,0,3
BRDA:151,16,1,2
BRDA:177,17,0,0
BRDA:177,17,1,0
BRDA:183,18,0,0
BRDA:183,18,1,0
BRDA:201,19,0,0
BRDA:201,19,1,0
BRDA:201,20,0,0
BRDA:201,20,1,0
BRDA:209,21,0,0
BRDA:209,21,1,0
BRDA:209,22,0,0
BRDA:209,22,1,0
BRDA:214,23,0,0
BRDA:214,23,1,0
BRDA:231,24,0,0
BRDA:231,24,1,0
BRDA:250,25,0,0
BRDA:250,25,1,0
BRDA:254,26,0,0
BRDA:254,26,1,0
BRDA:257,27,0,0
BRDA:257,27,1,0
BRDA:278,28,0,0
BRDA:278,28,1,0
BRDA:278,29,0,0
BRDA:278,29,1,0
BRDA:286,30,0,0
BRDA:286,30,1,0
BRDA:301,31,0,0
BRDA:301,31,1,0
BRDA:301,32,0,0
BRDA:301,32,1,0
BRDA:301,32,2,0
BRDA:301,32,3,0
BRDA:321,33,0,0
BRDA:321,33,1,0
BRDA:325,34,0,0
BRDA:325,34,1,0
BRDA:329,35,0,0
BRDA:329,35,1,0
BRDA:335,36,0,0
BRDA:335,36,1,0
BRDA:360,37,0,0
BRDA:360,37,1,0
BRDA:377,38,0,0
BRDA:377,38,1,0
BRDA:393,39,0,0
BRDA:393,39,1,0
BRDA:395,40,0,0
BRDA:395,40,1,0
BRDA:400,41,0,0
BRDA:400,41,1,0
BRDA:400,42,0,0
BRDA:400,42,1,0
BRDA:400,42,2,0
BRDA:400,42,3,0
BRDA:405,43,0,0
BRDA:405,43,1,0
BRDA:420,44,0,0
BRDA:420,44,1,0
BRDA:461,45,0,0
BRDA:461,45,1,0
BRDA:465,46,0,0
BRDA:465,46,1,0
BRDA:465,47,0,0
BRDA:465,47,1,0
BRDA:486,48,0,0
BRDA:486,48,1,0
BRDA:540,49,0,3
BRDA:540,49,1,3
BRDA:540,50,0,6
BRDA:540,50,1,4
BRF:106
BRH:29
end_of_record
TN:
SF:controllers\invoiceController.js
FN:10,uploadInvoice
FN:129,getInvoicesForExpense
FN:145,(anonymous_2)
FN:180,getInvoiceFile
FN:232,(anonymous_4)
FN:272,getInvoice
FN:307,(anonymous_6)
FN:347,deleteInvoice
FN:403,deleteInvoiceById
FN:459,updateInvoicePersonLink
FN:538,getInvoiceMetadata
FN:594,replaceInvoice
FNF:12
FNH:7
FNDA:24,uploadInvoice
FNDA:7,getInvoicesForExpense
FNDA:2,(anonymous_2)
FNDA:0,getInvoiceFile
FNDA:0,(anonymous_4)
FNDA:3,getInvoice
FNDA:0,(anonymous_6)
FNDA:3,deleteInvoice
FNDA:3,deleteInvoiceById
FNDA:0,updateInvoicePersonLink
FNDA:3,getInvoiceMetadata
FNDA:0,replaceInvoice
DA:1,1
DA:2,1
DA:3,1
DA:11,24
DA:12,24
DA:13,24
DA:16,24
DA:17,1
DA:23,23
DA:24,1
DA:31,22
DA:32,22
DA:33,0
DA:40,22
DA:41,22
DA:42,0
DA:43,0
DA:44,0
DA:52,22
DA:54,20
DA:61,20
DA:75,2
DA:78,2
DA:79,1
DA:85,1
DA:86,0
DA:92,1
DA:94,1
DA:100,0
DA:103,0
DA:109,0
DA:111,0
DA:118,0
DA:130,7
DA:131,7
DA:133,7
DA:134,1
DA:141,6
DA:143,5
DA:145,2
DA:160,1
DA:162,1
DA:163,1
DA:169,0
DA:181,0
DA:182,0
DA:183,0
DA:185,0
DA:186,0
DA:192,0
DA:193,0
DA:200,0
DA:203,0
DA:204,0
DA:211,0
DA:212,0
DA:217,0
DA:224,0
DA:225,0
DA:226,0
DA:227,0
DA:230,0
DA:232,0
DA:233,0
DA:234,0
DA:235,0
DA:242,0
DA:245,0
DA:247,0
DA:248,0
DA:254,0
DA:255,0
DA:261,0
DA:273,3
DA:274,3
DA:276,3
DA:277,0
DA:284,3
DA:287,2
DA:288,0
DA:292,0
DA:299,2
DA:300,2
DA:301,2
DA:302,2
DA:305,2
DA:307,2
DA:308,0
DA:309,0
DA:310,0
DA:317,2
DA:320,1
DA:322,1
DA:323,0
DA:329,1
DA:330,0
DA:336,1
DA:348,3
DA:349,3
DA:351,3
DA:352,0
DA:359,3
DA:361,2
DA:362,1
DA:368,1
DA:370,1
DA:376,1
DA:378,1
DA:379,1
DA:385,0
DA:386,0
DA:392,0
DA:404,3
DA:405,3
DA:407,3
DA:408,0
DA:415,3
DA:417,3
DA:418,2
DA:424,1
DA:426,1
DA:432,0
DA:434,0
DA:435,0
DA:441,0
DA:442,0
DA:448,0
DA:460,0
DA:461,0
DA:462,0
DA:464,0
DA:465,0
DA:472,0
DA:473,0
DA:474,0
DA:475,0
DA:476,0
DA:484,0
DA:486,0
DA:488,0
DA:504,0
DA:506,0
DA:507,0
DA:513,0
DA:514,0
DA:520,0
DA:521,0
DA:527,0
DA:539,3
DA:540,3
DA:542,3
DA:543,0
DA:550,3
DA:552,2
DA:553,1
DA:559,1
DA:573,1
DA:576,1
DA:577,1
DA:583,0
DA:595,0
DA:596,0
DA:597,0
DA:599,0
DA:600,0
DA:606,0
DA:607,0
DA:614,0
DA:616,0
DA:622,0
DA:635,0
DA:638,0
DA:639,0
DA:645,0
DA:646,0
DA:652,0
DA:655,0
DA:661,0
DA:663,0
DA:669,0
DA:676,1
LF:181
LH:79
BRDA:16,0,0,1
BRDA:16,0,1,23
BRDA:23,1,0,1
BRDA:23,1,1,22
BRDA:32,2,0,0
BRDA:32,2,1,22
BRDA:41,3,0,0
BRDA:41,3,1,22
BRDA:41,4,0,22
BRDA:41,4,1,0
BRDA:41,4,2,0
BRDA:43,5,0,0
BRDA:43,5,1,0
BRDA:78,6,0,1
BRDA:78,6,1,1
BRDA:85,7,0,0
BRDA:85,7,1,1
BRDA:92,8,0,1
BRDA:92,8,1,0
BRDA:92,9,0,1
BRDA:92,9,1,1
BRDA:100,10,0,0
BRDA:100,10,1,0
BRDA:100,11,0,0
BRDA:100,11,1,0
BRDA:100,11,2,0
BRDA:109,12,0,0
BRDA:109,12,1,0
BRDA:109,13,0,0
BRDA:109,13,1,0
BRDA:133,14,0,1
BRDA:133,14,1,6
BRDA:162,15,0,1
BRDA:162,15,1,0
BRDA:185,16,0,0
BRDA:185,16,1,0
BRDA:192,17,0,0
BRDA:192,17,1,0
BRDA:203,18,0,0
BRDA:203,18,1,0
BRDA:211,19,0,0
BRDA:211,19,1,0
BRDA:234,20,0,0
BRDA:234,20,1,0
BRDA:247,21,0,0
BRDA:247,21,1,0
BRDA:254,22,0,0
BRDA:254,22,1,0
BRDA:276,23,0,0
BRDA:276,23,1,3
BRDA:287,24,0,0
BRDA:287,24,1,2
BRDA:309,25,0,0
BRDA:309,25,1,0
BRDA:322,26,0,0
BRDA:322,26,1,1
BRDA:329,27,0,0
BRDA:329,27,1,1
BRDA:351,28,0,0
BRDA:351,28,1,3
BRDA:361,29,0,1
BRDA:361,29,1,1
BRDA:378,30,0,1
BRDA:378,30,1,0
BRDA:385,31,0,0
BRDA:385,31,1,0
BRDA:407,32,0,0
BRDA:407,32,1,3
BRDA:417,33,0,2
BRDA:417,33,1,1
BRDA:434,34,0,0
BRDA:434,34,1,0
BRDA:441,35,0,0
BRDA:441,35,1,0
BRDA:464,36,0,0
BRDA:464,36,1,0
BRDA:473,37,0,0
BRDA:473,37,1,0
BRDA:473,38,0,0
BRDA:473,38,1,0
BRDA:473,38,2,0
BRDA:475,39,0,0
BRDA:475,39,1,0
BRDA:506,40,0,0
BRDA:506,40,1,0
BRDA:513,41,0,0
BRDA:513,41,1,0
BRDA:520,42,0,0
BRDA:520,42,1,0
BRDA:542,43,0,0
BRDA:542,43,1,3
BRDA:552,44,0,1
BRDA:552,44,1,1
BRDA:576,45,0,1
BRDA:576,45,1,0
BRDA:599,46,0,0
BRDA:599,46,1,0
BRDA:606,47,0,0
BRDA:606,47,1,0
BRDA:638,48,0,0
BRDA:638,48,1,0
BRDA:645,49,0,0
BRDA:645,49,1,0
BRDA:652,50,0,0
BRDA:652,50,1,0
BRDA:652,51,0,0
BRDA:652,51,1,0
BRDA:652,51,2,0
BRDA:661,52,0,0
BRDA:661,52,1,0
BRDA:661,53,0,0
BRDA:661,53,1,0
BRF:112
BRH:31
end_of_record
TN:
SF:controllers\peopleController.js
FN:8,getAllPeople
FN:22,createPerson
FN:62,updatePerson
FN:113,deletePerson
FNF:4
FNH:4
FNDA:3,getAllPeople
FNDA:9,createPerson
FNDA:7,updatePerson
FNDA:4,deletePerson
DA:1,1
DA:2,1
DA:9,3
DA:10,3
DA:11,2
DA:13,1
DA:14,1
DA:23,9
DA:24,9
DA:27,9
DA:28,3
DA:32,6
DA:33,4
DA:34,4
DA:35,1
DA:39,3
DA:40,3
DA:41,1
DA:45,4
DA:50,4
DA:51,3
DA:53,1
DA:54,1
DA:63,7
DA:64,7
DA:66,7
DA:67,1
DA:70,6
DA:73,6
DA:74,1
DA:78,5
DA:79,2
DA:80,2
DA:81,1
DA:85,1
DA:86,1
DA:87,0
DA:91,4
DA:96,4
DA:98,3
DA:99,1
DA:102,2
DA:104,1
DA:105,1
DA:114,4
DA:115,4
DA:117,4
DA:118,1
DA:121,3
DA:123,2
DA:124,1
DA:127,1
DA:132,1
DA:133,1
DA:137,1
LF:55
LH:54
BRDA:27,0,0,3
BRDA:27,0,1,6
BRDA:27,1,0,9
BRDA:27,1,1,7
BRDA:32,2,0,4
BRDA:32,2,1,2
BRDA:32,3,0,6
BRDA:32,3,1,4
BRDA:34,4,0,1
BRDA:34,4,1,3
BRDA:40,5,0,1
BRDA:40,5,1,2
BRDA:47,6,0,2
BRDA:47,6,1,2
BRDA:47,7,0,4
BRDA:47,7,1,2
BRDA:66,8,0,1
BRDA:66,8,1,6
BRDA:73,9,0,1
BRDA:73,9,1,5
BRDA:73,10,0,6
BRDA:73,10,1,5
BRDA:78,11,0,2
BRDA:78,11,1,3
BRDA:78,12,0,5
BRDA:78,12,1,2
BRDA:80,13,0,1
BRDA:80,13,1,1
BRDA:86,14,0,0
BRDA:86,14,1,1
BRDA:93,15,0,1
BRDA:93,15,1,3
BRDA:93,16,0,4
BRDA:93,16,1,1
BRDA:98,17,0,1
BRDA:98,17,1,2
BRDA:117,18,0,1
BRDA:117,18,1,3
BRDA:123,19,0,1
BRDA:123,19,1,1
BRF:40
BRH:39
end_of_record
TN:
SF:database\db.js
FN:17,migrateOldDatabase
FN:50,initializeDatabase
FN:51,(anonymous_2)
FN:73,(anonymous_3)
FN:82,(anonymous_4)
FN:92,(anonymous_5)
FN:196,(anonymous_6)
FN:210,(anonymous_7)
FN:219,(anonymous_8)
FN:228,(anonymous_9)
FN:237,(anonymous_10)
FN:246,(anonymous_11)
FN:255,(anonymous_12)
FN:264,(anonymous_13)
FN:273,(anonymous_14)
FN:290,(anonymous_15)
FN:310,(anonymous_16)
FN:333,(anonymous_17)
FN:342,(anonymous_18)
FN:350,(anonymous_19)
FN:378,(anonymous_20)
FN:379,(anonymous_21)
FN:392,(anonymous_22)
FN:395,(anonymous_23)
FN:421,getDatabase
FN:431,(anonymous_25)
FN:433,(anonymous_26)
FN:441,(anonymous_27)
FN:458,createTestDatabase
FN:459,(anonymous_29)
FN:474,(anonymous_30)
FN:481,(anonymous_31)
FN:488,(anonymous_32)
FN:489,(anonymous_33)
FN:670,(anonymous_34)
FN:677,(anonymous_35)
FN:696,createTestIndexes
FN:719,(anonymous_37)
FN:720,(anonymous_38)
FN:742,getTestDatabase
FN:763,(anonymous_40)
FN:776,resetTestDatabase
FN:798,(anonymous_42)
FN:799,(anonymous_43)
FN:804,(anonymous_44)
FN:813,(anonymous_45)
FN:818,(anonymous_46)
FN:833,closeTestDatabase
FN:849,recreateTestDatabase
FN:857,isTestMode
FNF:50
FNH:40
FNDA:3,migrateOldDatabase
FNDA:3,initializeDatabase
FNDA:3,(anonymous_2)
FNDA:3,(anonymous_3)
FNDA:3,(anonymous_4)
FNDA:51,(anonymous_5)
FNDA:45,(anonymous_6)
FNDA:3,(anonymous_7)
FNDA:3,(anonymous_8)
FNDA:3,(anonymous_9)
FNDA:3,(anonymous_10)
FNDA:3,(anonymous_11)
FNDA:3,(anonymous_12)
FNDA:3,(anonymous_13)
FNDA:3,(anonymous_14)
FNDA:3,(anonymous_15)
FNDA:3,(anonymous_16)
FNDA:3,(anonymous_17)
FNDA:3,(anonymous_18)
FNDA:3,(anonymous_19)
FNDA:45,(anonymous_20)
FNDA:45,(anonymous_21)
FNDA:3,(anonymous_22)
FNDA:0,(anonymous_23)
FNDA:7153,getDatabase
FNDA:7,(anonymous_25)
FNDA:7,(anonymous_26)
FNDA:7,(anonymous_27)
FNDA:29,createTestDatabase
FNDA:29,(anonymous_29)
FNDA:29,(anonymous_30)
FNDA:29,(anonymous_31)
FNDA:493,(anonymous_32)
FNDA:435,(anonymous_33)
FNDA:464,(anonymous_34)
FNDA:435,(anonymous_35)
FNDA:29,createTestIndexes
FNDA:522,(anonymous_37)
FNDA:522,(anonymous_38)
FNDA:7175,getTestDatabase
FNDA:29,(anonymous_40)
FNDA:0,resetTestDatabase
FNDA:0,(anonymous_42)
FNDA:0,(anonymous_43)
FNDA:0,(anonymous_44)
FNDA:0,(anonymous_45)
FNDA:0,(anonymous_46)
FNDA:0,closeTestDatabase
FNDA:0,recreateTestDatabase
FNDA:0,isTestMode
DA:1,46
DA:2,46
DA:3,46
DA:4,46
DA:5,46
DA:6,46
DA:7,46
DA:10,46
DA:11,46
DA:18,3
DA:19,3
DA:22,3
DA:23,0
DA:24,0
DA:25,0
DA:31,0
DA:33,0
DA:34,0
DA:35,0
DA:37,0
DA:43,0
DA:51,3
DA:52,3
DA:54,3
DA:57,3
DA:58,3
DA:59,3
DA:61,0
DA:66,3
DA:68,0
DA:69,0
DA:70,0
DA:73,3
DA:74,3
DA:75,0
DA:76,0
DA:77,0
DA:79,3
DA:82,3
DA:83,3
DA:84,0
DA:85,0
DA:86,0
DA:92,51
DA:93,3
DA:110,3
DA:122,3
DA:139,3
DA:152,3
DA:165,3
DA:180,3
DA:196,45
DA:197,3
DA:210,3
DA:211,3
DA:212,0
DA:213,0
DA:214,0
DA:216,3
DA:219,3
DA:220,3
DA:221,0
DA:222,0
DA:223,0
DA:225,3
DA:228,3
DA:229,3
DA:230,0
DA:231,0
DA:232,0
DA:234,3
DA:237,3
DA:238,3
DA:239,0
DA:240,0
DA:241,0
DA:243,3
DA:246,3
DA:247,3
DA:248,0
DA:249,0
DA:250,0
DA:252,3
DA:255,3
DA:256,3
DA:257,0
DA:258,0
DA:259,0
DA:261,3
DA:264,3
DA:265,3
DA:266,0
DA:267,0
DA:268,0
DA:270,3
DA:273,3
DA:274,3
DA:275,0
DA:276,0
DA:277,0
DA:279,3
DA:282,3
DA:290,3
DA:291,3
DA:292,0
DA:293,0
DA:294,0
DA:296,3
DA:299,3
DA:310,3
DA:311,3
DA:312,0
DA:313,0
DA:314,0
DA:316,3
DA:319,3
DA:333,3
DA:334,3
DA:335,0
DA:336,0
DA:337,0
DA:339,3
DA:342,3
DA:343,3
DA:344,0
DA:345,3
DA:346,0
DA:350,3
DA:351,3
DA:352,0
DA:353,3
DA:354,0
DA:359,3
DA:377,3
DA:378,3
DA:379,45
DA:380,45
DA:381,0
DA:382,0
DA:383,0
DA:385,45
DA:386,45
DA:387,3
DA:390,3
DA:391,3
DA:393,3
DA:396,0
DA:399,0
DA:422,7153
DA:423,7153
DA:427,7153
DA:428,7146
DA:431,7
DA:433,7
DA:434,7
DA:435,0
DA:436,0
DA:437,0
DA:441,7
DA:442,7
DA:443,0
DA:444,0
DA:445,0
DA:447,7
DA:459,29
DA:461,29
DA:465,29
DA:466,29
DA:467,29
DA:470,28
DA:474,29
DA:475,29
DA:476,0
DA:477,0
DA:481,29
DA:482,29
DA:483,0
DA:484,0
DA:488,493
DA:489,435
DA:491,29
DA:669,29
DA:670,29
DA:671,464
DA:673,29
DA:674,29
DA:677,435
DA:678,435
DA:679,0
DA:680,0
DA:682,435
DA:683,435
DA:687,29
DA:697,29
DA:718,29
DA:719,29
DA:720,522
DA:721,522
DA:722,0
DA:723,0
DA:725,522
DA:726,522
DA:727,29
DA:734,46
DA:735,46
DA:743,7175
DA:746,7175
DA:747,0
DA:748,0
DA:749,0
DA:753,7175
DA:754,7146
DA:758,29
DA:759,0
DA:763,29
DA:764,29
DA:765,29
DA:766,29
DA:769,29
DA:777,0
DA:779,0
DA:798,0
DA:799,0
DA:801,0
DA:803,0
DA:804,0
DA:805,0
DA:807,0
DA:813,0
DA:818,0
DA:819,0
DA:820,0
DA:822,0
DA:834,0
DA:835,0
DA:836,0
DA:840,0
DA:841,0
DA:850,0
DA:851,0
DA:858,0
DA:861,46
LF:242
LH:141
BRDA:22,0,0,0
BRDA:22,0,1,3
BRDA:22,1,0,3
BRDA:22,1,1,0
BRDA:22,1,2,0
BRDA:34,2,0,0
BRDA:34,2,1,0
BRDA:74,3,0,0
BRDA:74,3,1,3
BRDA:83,4,0,0
BRDA:83,4,1,3
BRDA:211,5,0,0
BRDA:211,5,1,3
BRDA:220,6,0,0
BRDA:220,6,1,3
BRDA:229,7,0,0
BRDA:229,7,1,3
BRDA:238,8,0,0
BRDA:238,8,1,3
BRDA:247,9,0,0
BRDA:247,9,1,3
BRDA:256,10,0,0
BRDA:256,10,1,3
BRDA:265,11,0,0
BRDA:265,11,1,3
BRDA:274,12,0,0
BRDA:274,12,1,3
BRDA:291,13,0,0
BRDA:291,13,1,3
BRDA:311,14,0,0
BRDA:311,14,1,3
BRDA:334,15,0,0
BRDA:334,15,1,3
BRDA:343,16,0,0
BRDA:343,16,1,3
BRDA:343,17,0,3
BRDA:343,17,1,3
BRDA:345,18,0,0
BRDA:345,18,1,3
BRDA:351,19,0,0
BRDA:351,19,1,3
BRDA:351,20,0,3
BRDA:351,20,1,3
BRDA:353,21,0,0
BRDA:353,21,1,3
BRDA:380,22,0,0
BRDA:380,22,1,45
BRDA:386,23,0,3
BRDA:386,23,1,42
BRDA:427,24,0,7146
BRDA:427,24,1,7
BRDA:427,25,0,7153
BRDA:427,25,1,7153
BRDA:427,25,2,7153
BRDA:434,26,0,0
BRDA:434,26,1,7
BRDA:442,27,0,0
BRDA:442,27,1,7
BRDA:465,28,0,29
BRDA:465,28,1,0
BRDA:465,29,0,29
BRDA:465,29,1,29
BRDA:475,30,0,0
BRDA:475,30,1,29
BRDA:482,31,0,0
BRDA:482,31,1,29
BRDA:671,32,0,29
BRDA:671,32,1,435
BRDA:678,33,0,0
BRDA:678,33,1,435
BRDA:721,34,0,0
BRDA:721,34,1,522
BRDA:726,35,0,29
BRDA:726,35,1,493
BRDA:746,36,0,0
BRDA:746,36,1,7175
BRDA:746,37,0,7175
BRDA:746,37,1,7146
BRDA:753,38,0,7146
BRDA:753,38,1,29
BRDA:758,39,0,0
BRDA:758,39,1,29
BRDA:805,40,0,0
BRDA:805,40,1,0
BRDA:805,41,0,0
BRDA:805,41,1,0
BRDA:819,42,0,0
BRDA:819,42,1,0
BRDA:834,43,0,0
BRDA:834,43,1,0
BRF:90
BRH:50
end_of_record
TN:
SF:database\migrations.js
FN:11,checkMigrationApplied
FN:12,(anonymous_1)
FN:20,(anonymous_2)
FN:30,(anonymous_3)
FN:45,markMigrationApplied
FN:46,(anonymous_5)
FN:50,(anonymous_6)
FN:64,createBackup
FN:65,(anonymous_8)
FN:95,migrateExpandCategories
FN:110,(anonymous_10)
FN:111,(anonymous_11)
FN:112,(anonymous_12)
FN:114,(anonymous_13)
FN:115,(anonymous_14)
FN:136,(anonymous_15)
FN:149,(anonymous_16)
FN:155,(anonymous_17)
FN:161,(anonymous_18)
FN:184,(anonymous_19)
FN:197,(anonymous_20)
FN:203,(anonymous_21)
FN:209,(anonymous_22)
FN:218,(anonymous_23)
FN:228,(anonymous_24)
FN:229,(anonymous_25)
FN:251,(anonymous_26)
FN:264,(anonymous_27)
FN:270,(anonymous_28)
FN:276,(anonymous_29)
FN:285,(anonymous_30)
FN:286,(anonymous_31)
FN:317,migrateAddClothingCategory
FN:332,(anonymous_33)
FN:333,(anonymous_34)
FN:334,(anonymous_35)
FN:336,(anonymous_36)
FN:337,(anonymous_37)
FN:357,(anonymous_38)
FN:366,(anonymous_39)
FN:372,(anonymous_40)
FN:378,(anonymous_41)
FN:395,(anonymous_42)
FN:396,(anonymous_43)
FN:418,(anonymous_44)
FN:427,(anonymous_45)
FN:433,(anonymous_46)
FN:439,(anonymous_47)
FN:448,(anonymous_48)
FN:455,(anonymous_49)
FN:465,(anonymous_50)
FN:466,(anonymous_51)
FN:488,(anonymous_52)
FN:497,(anonymous_53)
FN:503,(anonymous_54)
FN:509,(anonymous_55)
FN:518,(anonymous_56)
FN:524,(anonymous_57)
FN:536,(anonymous_58)
FN:543,(anonymous_59)
FN:544,(anonymous_60)
FN:582,migrateRemoveRecurringExpenses
FN:597,(anonymous_62)
FN:598,(anonymous_63)
FN:600,(anonymous_64)
FN:601,(anonymous_65)
FN:609,(anonymous_66)
FN:619,(anonymous_67)
FN:631,(anonymous_68)
FN:651,(anonymous_69)
FN:663,(anonymous_70)
FN:672,(anonymous_71)
FN:679,(anonymous_72)
FN:695,(anonymous_73)
FN:696,(anonymous_74)
FN:704,(anonymous_75)
FN:705,(anonymous_76)
FN:728,(anonymous_77)
FN:734,(anonymous_78)
FN:735,(anonymous_79)
FN:753,(anonymous_80)
FN:765,(anonymous_81)
FN:773,(anonymous_82)
FN:779,(anonymous_83)
FN:793,(anonymous_84)
FN:794,(anonymous_85)
FN:801,(anonymous_86)
FN:802,(anonymous_87)
FN:821,(anonymous_88)
FN:822,(anonymous_89)
FN:845,migrateFixCategoryConstraints
FN:860,(anonymous_91)
FN:861,(anonymous_92)
FN:862,(anonymous_93)
FN:864,(anonymous_94)
FN:865,(anonymous_95)
FN:873,(anonymous_96)
FN:903,(anonymous_97)
FN:913,(anonymous_98)
FN:922,(anonymous_99)
FN:929,(anonymous_100)
FN:945,(anonymous_101)
FN:946,(anonymous_102)
FN:970,checkAndUpdateRecurringTable
FN:973,(anonymous_104)
FN:983,(anonymous_105)
FN:1009,(anonymous_106)
FN:1018,(anonymous_107)
FN:1026,(anonymous_108)
FN:1032,(anonymous_109)
FN:1055,checkAndUpdateBudgetsTable
FN:1058,(anonymous_111)
FN:1068,(anonymous_112)
FN:1091,(anonymous_113)
FN:1100,(anonymous_114)
FN:1108,(anonymous_115)
FN:1114,(anonymous_116)
FN:1123,(anonymous_117)
FN:1129,(anonymous_118)
FN:1141,(anonymous_119)
FN:1166,commitFixMigration
FN:1167,(anonymous_121)
FN:1168,(anonymous_122)
FN:1182,migrateAddPersonalCareCategory
FN:1197,(anonymous_124)
FN:1198,(anonymous_125)
FN:1199,(anonymous_126)
FN:1201,(anonymous_127)
FN:1202,(anonymous_128)
FN:1208,(anonymous_129)
FN:1214,(anonymous_130)
FN:1215,(anonymous_131)
FN:1245,(anonymous_132)
FN:1254,(anonymous_133)
FN:1260,(anonymous_134)
FN:1266,(anonymous_135)
FN:1282,(anonymous_136)
FN:1283,(anonymous_137)
FN:1291,(anonymous_138)
FN:1301,(anonymous_139)
FN:1302,(anonymous_140)
FN:1324,(anonymous_141)
FN:1333,(anonymous_142)
FN:1339,(anonymous_143)
FN:1345,(anonymous_144)
FN:1354,(anonymous_145)
FN:1360,(anonymous_146)
FN:1372,(anonymous_147)
FN:1379,(anonymous_148)
FN:1380,(anonymous_149)
FN:1414,migrateAddCategoryAndPaymentTypeToFixedExpenses
FN:1429,(anonymous_151)
FN:1430,(anonymous_152)
FN:1431,(anonymous_153)
FN:1439,(anonymous_154)
FN:1447,(anonymous_155)
FN:1448,(anonymous_156)
FN:1461,(anonymous_157)
FN:1467,(anonymous_158)
FN:1468,(anonymous_159)
FN:1472,(anonymous_160)
FN:1473,(anonymous_161)
FN:1490,(anonymous_162)
FN:1502,(anonymous_163)
FN:1510,(anonymous_164)
FN:1511,(anonymous_165)
FN:1523,(anonymous_166)
FN:1524,(anonymous_167)
FN:1540,(anonymous_168)
FN:1548,(anonymous_169)
FN:1549,(anonymous_170)
FN:1571,migrateAddIncomeCategoryColumn
FN:1586,(anonymous_172)
FN:1587,(anonymous_173)
FN:1588,(anonymous_174)
FN:1596,(anonymous_175)
FN:1604,(anonymous_176)
FN:1605,(anonymous_177)
FN:1618,(anonymous_178)
FN:1624,(anonymous_179)
FN:1628,(anonymous_180)
FN:1629,(anonymous_181)
FN:1646,(anonymous_182)
FN:1655,(anonymous_183)
FN:1667,(anonymous_184)
FN:1668,(anonymous_185)
FN:1690,migrateAddInvestmentTables
FN:1705,(anonymous_187)
FN:1706,(anonymous_188)
FN:1707,(anonymous_189)
FN:1715,(anonymous_190)
FN:1727,(anonymous_191)
FN:1735,(anonymous_192)
FN:1736,(anonymous_193)
FN:1762,(anonymous_194)
FN:1771,(anonymous_195)
FN:1791,createInvestmentValuesTables
FN:1804,(anonymous_197)
FN:1819,(anonymous_198)
FN:1820,(anonymous_199)
FN:1830,(anonymous_200)
FN:1831,(anonymous_201)
FN:1849,migrateAddPeopleTables
FN:1864,(anonymous_203)
FN:1865,(anonymous_204)
FN:1866,(anonymous_205)
FN:1882,(anonymous_206)
FN:1903,(anonymous_207)
FN:1918,(anonymous_208)
FN:1919,(anonymous_209)
FN:1929,(anonymous_210)
FN:1930,(anonymous_211)
FN:1952,migrateAddPerformanceIndexes
FN:1964,(anonymous_213)
FN:1965,(anonymous_214)
FN:1966,(anonymous_215)
FN:1996,(anonymous_216)
FN:1997,(anonymous_217)
FN:2009,(anonymous_218)
FN:2010,(anonymous_219)
FN:2030,migrateAddExpenseInvoicesTable
FN:2045,(anonymous_221)
FN:2046,(anonymous_222)
FN:2047,(anonymous_223)
FN:2055,(anonymous_224)
FN:2063,(anonymous_225)
FN:2064,(anonymous_226)
FN:2092,(anonymous_227)
FN:2107,(anonymous_228)
FN:2108,(anonymous_229)
FN:2118,(anonymous_230)
FN:2119,(anonymous_231)
FN:2146,migrateMultiInvoiceSupport
FN:2161,(anonymous_233)
FN:2162,(anonymous_234)
FN:2163,(anonymous_235)
FN:2171,(anonymous_236)
FN:2197,(anonymous_237)
FN:2212,(anonymous_238)
FN:2218,(anonymous_239)
FN:2222,(anonymous_240)
FN:2223,(anonymous_241)
FN:2236,(anonymous_242)
FN:2262,(anonymous_243)
FN:2276,(anonymous_244)
FN:2286,(anonymous_245)
FN:2293,(anonymous_246)
FN:2319,createMultiInvoiceIndexes
FN:2327,(anonymous_248)
FN:2328,(anonymous_249)
FN:2338,(anonymous_250)
FN:2339,(anonymous_251)
FN:2361,migrateLinkInvoicesToSinglePerson
FN:2376,(anonymous_253)
FN:2377,(anonymous_254)
FN:2378,(anonymous_255)
FN:2403,(anonymous_256)
FN:2413,(anonymous_257)
FN:2414,(anonymous_258)
FN:2432,runMigrations
FNF:260
FNH:18
FNDA:39,checkMigrationApplied
FNDA:39,(anonymous_1)
FNDA:39,(anonymous_2)
FNDA:39,(anonymous_3)
FNDA:0,markMigrationApplied
FNDA:0,(anonymous_5)
FNDA:0,(anonymous_6)
FNDA:0,createBackup
FNDA:0,(anonymous_8)
FNDA:3,migrateExpandCategories
FNDA:0,(anonymous_10)
FNDA:0,(anonymous_11)
FNDA:0,(anonymous_12)
FNDA:0,(anonymous_13)
FNDA:0,(anonymous_14)
FNDA:0,(anonymous_15)
FNDA:0,(anonymous_16)
FNDA:0,(anonymous_17)
FNDA:0,(anonymous_18)
FNDA:0,(anonymous_19)
FNDA:0,(anonymous_20)
FNDA:0,(anonymous_21)
FNDA:0,(anonymous_22)
FNDA:0,(anonymous_23)
FNDA:0,(anonymous_24)
FNDA:0,(anonymous_25)
FNDA:0,(anonymous_26)
FNDA:0,(anonymous_27)
FNDA:0,(anonymous_28)
FNDA:0,(anonymous_29)
FNDA:0,(anonymous_30)
FNDA:0,(anonymous_31)
FNDA:3,migrateAddClothingCategory
FNDA:0,(anonymous_33)
FNDA:0,(anonymous_34)
FNDA:0,(anonymous_35)
FNDA:0,(anonymous_36)
FNDA:0,(anonymous_37)
FNDA:0,(anonymous_38)
FNDA:0,(anonymous_39)
FNDA:0,(anonymous_40)
FNDA:0,(anonymous_41)
FNDA:0,(anonymous_42)
FNDA:0,(anonymous_43)
FNDA:0,(anonymous_44)
FNDA:0,(anonymous_45)
FNDA:0,(anonymous_46)
FNDA:0,(anonymous_47)
FNDA:0,(anonymous_48)
FNDA:0,(anonymous_49)
FNDA:0,(anonymous_50)
FNDA:0,(anonymous_51)
FNDA:0,(anonymous_52)
FNDA:0,(anonymous_53)
FNDA:0,(anonymous_54)
FNDA:0,(anonymous_55)
FNDA:0,(anonymous_56)
FNDA:0,(anonymous_57)
FNDA:0,(anonymous_58)
FNDA:0,(anonymous_59)
FNDA:0,(anonymous_60)
FNDA:3,migrateRemoveRecurringExpenses
FNDA:0,(anonymous_62)
FNDA:0,(anonymous_63)
FNDA:0,(anonymous_64)
FNDA:0,(anonymous_65)
FNDA:0,(anonymous_66)
FNDA:0,(anonymous_67)
FNDA:0,(anonymous_68)
FNDA:0,(anonymous_69)
FNDA:0,(anonymous_70)
FNDA:0,(anonymous_71)
FNDA:0,(anonymous_72)
FNDA:0,(anonymous_73)
FNDA:0,(anonymous_74)
FNDA:0,(anonymous_75)
FNDA:0,(anonymous_76)
FNDA:0,(anonymous_77)
FNDA:0,(anonymous_78)
FNDA:0,(anonymous_79)
FNDA:0,(anonymous_80)
FNDA:0,(anonymous_81)
FNDA:0,(anonymous_82)
FNDA:0,(anonymous_83)
FNDA:0,(anonymous_84)
FNDA:0,(anonymous_85)
FNDA:0,(anonymous_86)
FNDA:0,(anonymous_87)
FNDA:0,(anonymous_88)
FNDA:0,(anonymous_89)
FNDA:3,migrateFixCategoryConstraints
FNDA:0,(anonymous_91)
FNDA:0,(anonymous_92)
FNDA:0,(anonymous_93)
FNDA:0,(anonymous_94)
FNDA:0,(anonymous_95)
FNDA:0,(anonymous_96)
FNDA:0,(anonymous_97)
FNDA:0,(anonymous_98)
FNDA:0,(anonymous_99)
FNDA:0,(anonymous_100)
FNDA:0,(anonymous_101)
FNDA:0,(anonymous_102)
FNDA:0,checkAndUpdateRecurringTable
FNDA:0,(anonymous_104)
FNDA:0,(anonymous_105)
FNDA:0,(anonymous_106)
FNDA:0,(anonymous_107)
FNDA:0,(anonymous_108)
FNDA:0,(anonymous_109)
FNDA:0,checkAndUpdateBudgetsTable
FNDA:0,(anonymous_111)
FNDA:0,(anonymous_112)
FNDA:0,(anonymous_113)
FNDA:0,(anonymous_114)
FNDA:0,(anonymous_115)
FNDA:0,(anonymous_116)
FNDA:0,(anonymous_117)
FNDA:0,(anonymous_118)
FNDA:0,(anonymous_119)
FNDA:0,commitFixMigration
FNDA:0,(anonymous_121)
FNDA:0,(anonymous_122)
FNDA:3,migrateAddPersonalCareCategory
FNDA:0,(anonymous_124)
FNDA:0,(anonymous_125)
FNDA:0,(anonymous_126)
FNDA:0,(anonymous_127)
FNDA:0,(anonymous_128)
FNDA:0,(anonymous_129)
FNDA:0,(anonymous_130)
FNDA:0,(anonymous_131)
FNDA:0,(anonymous_132)
FNDA:0,(anonymous_133)
FNDA:0,(anonymous_134)
FNDA:0,(anonymous_135)
FNDA:0,(anonymous_136)
FNDA:0,(anonymous_137)
FNDA:0,(anonymous_138)
FNDA:0,(anonymous_139)
FNDA:0,(anonymous_140)
FNDA:0,(anonymous_141)
FNDA:0,(anonymous_142)
FNDA:0,(anonymous_143)
FNDA:0,(anonymous_144)
FNDA:0,(anonymous_145)
FNDA:0,(anonymous_146)
FNDA:0,(anonymous_147)
FNDA:0,(anonymous_148)
FNDA:0,(anonymous_149)
FNDA:3,migrateAddCategoryAndPaymentTypeToFixedExpenses
FNDA:0,(anonymous_151)
FNDA:0,(anonymous_152)
FNDA:0,(anonymous_153)
FNDA:0,(anonymous_154)
FNDA:0,(anonymous_155)
FNDA:0,(anonymous_156)
FNDA:0,(anonymous_157)
FNDA:0,(anonymous_158)
FNDA:0,(anonymous_159)
FNDA:0,(anonymous_160)
FNDA:0,(anonymous_161)
FNDA:0,(anonymous_162)
FNDA:0,(anonymous_163)
FNDA:0,(anonymous_164)
FNDA:0,(anonymous_165)
FNDA:0,(anonymous_166)
FNDA:0,(anonymous_167)
FNDA:0,(anonymous_168)
FNDA:0,(anonymous_169)
FNDA:0,(anonymous_170)
FNDA:3,migrateAddIncomeCategoryColumn
FNDA:0,(anonymous_172)
FNDA:0,(anonymous_173)
FNDA:0,(anonymous_174)
FNDA:0,(anonymous_175)
FNDA:0,(anonymous_176)
FNDA:0,(anonymous_177)
FNDA:0,(anonymous_178)
FNDA:0,(anonymous_179)
FNDA:0,(anonymous_180)
FNDA:0,(anonymous_181)
FNDA:0,(anonymous_182)
FNDA:0,(anonymous_183)
FNDA:0,(anonymous_184)
FNDA:0,(anonymous_185)
FNDA:3,migrateAddInvestmentTables
FNDA:0,(anonymous_187)
FNDA:0,(anonymous_188)
FNDA:0,(anonymous_189)
FNDA:0,(anonymous_190)
FNDA:0,(anonymous_191)
FNDA:0,(anonymous_192)
FNDA:0,(anonymous_193)
FNDA:0,(anonymous_194)
FNDA:0,(anonymous_195)
FNDA:0,createInvestmentValuesTables
FNDA:0,(anonymous_197)
FNDA:0,(anonymous_198)
FNDA:0,(anonymous_199)
FNDA:0,(anonymous_200)
FNDA:0,(anonymous_201)
FNDA:3,migrateAddPeopleTables
FNDA:0,(anonymous_203)
FNDA:0,(anonymous_204)
FNDA:0,(anonymous_205)
FNDA:0,(anonymous_206)
FNDA:0,(anonymous_207)
FNDA:0,(anonymous_208)
FNDA:0,(anonymous_209)
FNDA:0,(anonymous_210)
FNDA:0,(anonymous_211)
FNDA:3,migrateAddPerformanceIndexes
FNDA:0,(anonymous_213)
FNDA:0,(anonymous_214)
FNDA:0,(anonymous_215)
FNDA:0,(anonymous_216)
FNDA:0,(anonymous_217)
FNDA:0,(anonymous_218)
FNDA:0,(anonymous_219)
FNDA:3,migrateAddExpenseInvoicesTable
FNDA:0,(anonymous_221)
FNDA:0,(anonymous_222)
FNDA:0,(anonymous_223)
FNDA:0,(anonymous_224)
FNDA:0,(anonymous_225)
FNDA:0,(anonymous_226)
FNDA:0,(anonymous_227)
FNDA:0,(anonymous_228)
FNDA:0,(anonymous_229)
FNDA:0,(anonymous_230)
FNDA:0,(anonymous_231)
FNDA:3,migrateMultiInvoiceSupport
FNDA:0,(anonymous_233)
FNDA:0,(anonymous_234)
FNDA:0,(anonymous_235)
FNDA:0,(anonymous_236)
FNDA:0,(anonymous_237)
FNDA:0,(anonymous_238)
FNDA:0,(anonymous_239)
FNDA:0,(anonymous_240)
FNDA:0,(anonymous_241)
FNDA:0,(anonymous_242)
FNDA:0,(anonymous_243)
FNDA:0,(anonymous_244)
FNDA:0,(anonymous_245)
FNDA:0,(anonymous_246)
FNDA:0,createMultiInvoiceIndexes
FNDA:0,(anonymous_248)
FNDA:0,(anonymous_249)
FNDA:0,(anonymous_250)
FNDA:0,(anonymous_251)
FNDA:3,migrateLinkInvoicesToSinglePerson
FNDA:0,(anonymous_253)
FNDA:0,(anonymous_254)
FNDA:0,(anonymous_255)
FNDA:0,(anonymous_256)
FNDA:0,(anonymous_257)
FNDA:0,(anonymous_258)
FNDA:3,runMigrations
DA:1,2
DA:2,2
DA:3,2
DA:4,2
DA:5,2
DA:6,2
DA:12,39
DA:14,39
DA:21,39
DA:22,0
DA:23,0
DA:27,39
DA:31,39
DA:32,0
DA:33,0
DA:35,39
DA:46,0
DA:47,0
DA:51,0
DA:52,0
DA:53,0
DA:55,0
DA:65,0
DA:66,0
DA:67,0
DA:69,0
DA:70,0
DA:73,0
DA:75,0
DA:76,0
DA:79,0
DA:80,0
DA:82,0
DA:84,0
DA:85,0
DA:87,0
DA:96,3
DA:99,3
DA:100,3
DA:101,3
DA:102,3
DA:105,0
DA:108,0
DA:110,0
DA:111,0
DA:112,0
DA:114,0
DA:115,0
DA:116,0
DA:117,0
DA:121,0
DA:137,0
DA:138,0
DA:139,0
DA:142,0
DA:150,0
DA:151,0
DA:152,0
DA:155,0
DA:156,0
DA:157,0
DA:158,0
DA:161,0
DA:162,0
DA:163,0
DA:164,0
DA:167,0
DA:170,0
DA:185,0
DA:186,0
DA:187,0
DA:190,0
DA:198,0
DA:199,0
DA:200,0
DA:203,0
DA:204,0
DA:205,0
DA:206,0
DA:209,0
DA:210,0
DA:211,0
DA:212,0
DA:215,0
DA:218,0
DA:219,0
DA:220,0
DA:221,0
DA:224,0
DA:226,0
DA:228,0
DA:229,0
DA:230,0
DA:231,0
DA:232,0
DA:234,0
DA:235,0
DA:240,0
DA:252,0
DA:253,0
DA:254,0
DA:257,0
DA:265,0
DA:266,0
DA:267,0
DA:270,0
DA:271,0
DA:272,0
DA:273,0
DA:276,0
DA:277,0
DA:278,0
DA:279,0
DA:282,0
DA:285,0
DA:286,0
DA:287,0
DA:288,0
DA:289,0
DA:291,0
DA:292,0
DA:318,3
DA:321,3
DA:322,3
DA:323,3
DA:324,3
DA:327,0
DA:330,0
DA:332,0
DA:333,0
DA:334,0
DA:336,0
DA:337,0
DA:338,0
DA:339,0
DA:343,0
DA:358,0
DA:359,0
DA:360,0
DA:363,0
DA:367,0
DA:368,0
DA:369,0
DA:372,0
DA:373,0
DA:374,0
DA:375,0
DA:378,0
DA:379,0
DA:380,0
DA:381,0
DA:384,0
DA:387,0
DA:394,0
DA:395,0
DA:396,0
DA:397,0
DA:398,0
DA:399,0
DA:401,0
DA:402,0
DA:404,0
DA:419,0
DA:420,0
DA:421,0
DA:424,0
DA:428,0
DA:429,0
DA:430,0
DA:433,0
DA:434,0
DA:435,0
DA:436,0
DA:439,0
DA:440,0
DA:441,0
DA:442,0
DA:445,0
DA:448,0
DA:449,0
DA:450,0
DA:451,0
DA:455,0
DA:456,0
DA:457,0
DA:458,0
DA:461,0
DA:463,0
DA:465,0
DA:466,0
DA:467,0
DA:468,0
DA:469,0
DA:471,0
DA:472,0
DA:477,0
DA:489,0
DA:490,0
DA:491,0
DA:494,0
DA:498,0
DA:499,0
DA:500,0
DA:503,0
DA:504,0
DA:505,0
DA:506,0
DA:509,0
DA:510,0
DA:511,0
DA:512,0
DA:515,0
DA:518,0
DA:519,0
DA:520,0
DA:521,0
DA:524,0
DA:525,0
DA:526,0
DA:527,0
DA:530,0
DA:537,0
DA:538,0
DA:539,0
DA:543,0
DA:544,0
DA:545,0
DA:546,0
DA:547,0
DA:549,0
DA:550,0
DA:583,3
DA:586,3
DA:587,3
DA:588,3
DA:589,3
DA:592,0
DA:595,0
DA:597,0
DA:598,0
DA:600,0
DA:601,0
DA:602,0
DA:603,0
DA:607,0
DA:610,0
DA:611,0
DA:612,0
DA:615,0
DA:616,0
DA:619,0
DA:620,0
DA:622,0
DA:625,0
DA:626,0
DA:627,0
DA:631,0
DA:632,0
DA:633,0
DA:634,0
DA:636,0
DA:639,0
DA:652,0
DA:653,0
DA:654,0
DA:658,0
DA:664,0
DA:665,0
DA:666,0
DA:669,0
DA:672,0
DA:673,0
DA:674,0
DA:675,0
DA:679,0
DA:680,0
DA:681,0
DA:682,0
DA:685,0
DA:688,0
DA:694,0
DA:695,0
DA:696,0
DA:697,0
DA:698,0
DA:699,0
DA:701,0
DA:702,0
DA:704,0
DA:705,0
DA:706,0
DA:707,0
DA:708,0
DA:710,0
DA:711,0
DA:712,0
DA:725,0
DA:728,0
DA:729,0
DA:730,0
DA:731,0
DA:734,0
DA:735,0
DA:737,0
DA:738,0
DA:741,0
DA:754,0
DA:755,0
DA:756,0
DA:760,0
DA:766,0
DA:767,0
DA:768,0
DA:771,0
DA:773,0
DA:774,0
DA:775,0
DA:776,0
DA:779,0
DA:780,0
DA:781,0
DA:782,0
DA:786,0
DA:792,0
DA:793,0
DA:794,0
DA:795,0
DA:796,0
DA:797,0
DA:799,0
DA:800,0
DA:801,0
DA:802,0
DA:803,0
DA:804,0
DA:805,0
DA:807,0
DA:808,0
DA:819,0
DA:821,0
DA:822,0
DA:823,0
DA:824,0
DA:825,0
DA:827,0
DA:828,0
DA:846,3
DA:849,3
DA:850,3
DA:851,3
DA:852,3
DA:855,0
DA:858,0
DA:860,0
DA:861,0
DA:862,0
DA:864,0
DA:865,0
DA:866,0
DA:867,0
DA:871,0
DA:874,0
DA:875,0
DA:876,0
DA:880,0
DA:881,0
DA:884,0
DA:886,0
DA:889,0
DA:904,0
DA:905,0
DA:906,0
DA:910,0
DA:914,0
DA:915,0
DA:916,0
DA:919,0
DA:922,0
DA:923,0
DA:924,0
DA:925,0
DA:929,0
DA:930,0
DA:931,0
DA:932,0
DA:935,0
DA:938,0
DA:944,0
DA:945,0
DA:946,0
DA:947,0
DA:948,0
DA:949,0
DA:951,0
DA:952,0
DA:954,0
DA:971,0
DA:974,0
DA:975,0
DA:976,0
DA:979,0
DA:981,0
DA:984,0
DA:985,0
DA:986,0
DA:989,0
DA:990,0
DA:991,0
DA:993,0
DA:995,0
DA:1010,0
DA:1011,0
DA:1012,0
DA:1015,0
DA:1019,0
DA:1020,0
DA:1021,0
DA:1024,0
DA:1026,0
DA:1027,0
DA:1028,0
DA:1029,0
DA:1032,0
DA:1033,0
DA:1034,0
DA:1035,0
DA:1038,0
DA:1039,0
DA:1049,0
DA:1056,0
DA:1059,0
DA:1060,0
DA:1061,0
DA:1064,0
DA:1066,0
DA:1069,0
DA:1070,0
DA:1071,0
DA:1074,0
DA:1075,0
DA:1076,0
DA:1078,0
DA:1080,0
DA:1092,0
DA:1093,0
DA:1094,0
DA:1097,0
DA:1101,0
DA:1102,0
DA:1103,0
DA:1106,0
DA:1108,0
DA:1109,0
DA:1110,0
DA:1111,0
DA:1114,0
DA:1115,0
DA:1116,0
DA:1117,0
DA:1120,0
DA:1123,0
DA:1124,0
DA:1125,0
DA:1126,0
DA:1129,0
DA:1130,0
DA:1131,0
DA:1132,0
DA:1135,0
DA:1142,0
DA:1143,0
DA:1144,0
DA:1147,0
DA:1160,0
DA:1167,0
DA:1168,0
DA:1169,0
DA:1170,0
DA:1171,0
DA:1173,0
DA:1174,0
DA:1183,3
DA:1186,3
DA:1187,3
DA:1188,3
DA:1189,3
DA:1192,0
DA:1195,0
DA:1197,0
DA:1198,0
DA:1199,0
DA:1201,0
DA:1202,0
DA:1203,0
DA:1204,0
DA:1208,0
DA:1209,0
DA:1210,0
DA:1211,0
DA:1214,0
DA:1215,0
DA:1218,0
DA:1245,0
DA:1246,0
DA:1247,0
DA:1248,0
DA:1251,0
DA:1255,0
DA:1256,0
DA:1257,0
DA:1260,0
DA:1261,0
DA:1262,0
DA:1263,0
DA:1266,0
DA:1267,0
DA:1268,0
DA:1269,0
DA:1272,0
DA:1275,0
DA:1281,0
DA:1282,0
DA:1283,0
DA:1284,0
DA:1285,0
DA:1286,0
DA:1288,0
DA:1289,0
DA:1291,0
DA:1292,0
DA:1293,0
DA:1294,0
DA:1297,0
DA:1299,0
DA:1301,0
DA:1302,0
DA:1303,0
DA:1304,0
DA:1305,0
DA:1307,0
DA:1308,0
DA:1313,0
DA:1325,0
DA:1326,0
DA:1327,0
DA:1330,0
DA:1334,0
DA:1335,0
DA:1336,0
DA:1339,0
DA:1340,0
DA:1341,0
DA:1342,0
DA:1345,0
DA:1346,0
DA:1347,0
DA:1348,0
DA:1351,0
DA:1354,0
DA:1355,0
DA:1356,0
DA:1357,0
DA:1360,0
DA:1361,0
DA:1362,0
DA:1363,0
DA:1366,0
DA:1373,0
DA:1374,0
DA:1375,0
DA:1379,0
DA:1380,0
DA:1381,0
DA:1382,0
DA:1383,0
DA:1385,0
DA:1386,0
DA:1415,3
DA:1418,3
DA:1419,3
DA:1420,3
DA:1421,3
DA:1424,0
DA:1427,0
DA:1429,0
DA:1430,0
DA:1431,0
DA:1432,0
DA:1433,0
DA:1437,0
DA:1440,0
DA:1441,0
DA:1442,0
DA:1445,0
DA:1446,0
DA:1447,0
DA:1448,0
DA:1449,0
DA:1450,0
DA:1451,0
DA:1453,0
DA:1454,0
DA:1457,0
DA:1461,0
DA:1462,0
DA:1463,0
DA:1464,0
DA:1467,0
DA:1468,0
DA:1470,0
DA:1471,0
DA:1472,0
DA:1473,0
DA:1474,0
DA:1475,0
DA:1476,0
DA:1478,0
DA:1479,0
DA:1482,0
DA:1486,0
DA:1487,0
DA:1491,0
DA:1492,0
DA:1493,0
DA:1495,0
DA:1498,0
DA:1499,0
DA:1503,0
DA:1504,0
DA:1505,0
DA:1507,0
DA:1510,0
DA:1511,0
DA:1512,0
DA:1513,0
DA:1514,0
DA:1516,0
DA:1517,0
DA:1523,0
DA:1524,0
DA:1525,0
DA:1526,0
DA:1527,0
DA:1529,0
DA:1530,0
DA:1535,0
DA:1537,0
DA:1541,0
DA:1542,0
DA:1543,0
DA:1545,0
DA:1548,0
DA:1549,0
DA:1550,0
DA:1551,0
DA:1552,0
DA:1554,0
DA:1555,0
DA:1572,3
DA:1575,3
DA:1576,3
DA:1577,3
DA:1578,3
DA:1581,0
DA:1584,0
DA:1586,0
DA:1587,0
DA:1588,0
DA:1589,0
DA:1590,0
DA:1594,0
DA:1597,0
DA:1598,0
DA:1599,0
DA:1602,0
DA:1603,0
DA:1604,0
DA:1605,0
DA:1606,0
DA:1607,0
DA:1608,0
DA:1610,0
DA:1611,0
DA:1614,0
DA:1618,0
DA:1619,0
DA:1620,0
DA:1621,0
DA:1624,0
DA:1626,0
DA:1627,0
DA:1628,0
DA:1629,0
DA:1630,0
DA:1631,0
DA:1632,0
DA:1634,0
DA:1635,0
DA:1638,0
DA:1642,0
DA:1647,0
DA:1648,0
DA:1649,0
DA:1652,0
DA:1655,0
DA:1656,0
DA:1657,0
DA:1658,0
DA:1661,0
DA:1662,0
DA:1663,0
DA:1667,0
DA:1668,0
DA:1669,0
DA:1670,0
DA:1671,0
DA:1673,0
DA:1674,0
DA:1691,3
DA:1694,3
DA:1695,3
DA:1696,3
DA:1697,3
DA:1700,0
DA:1703,0
DA:1705,0
DA:1706,0
DA:1707,0
DA:1708,0
DA:1709,0
DA:1713,0
DA:1716,0
DA:1717,0
DA:1718,0
DA:1721,0
DA:1722,0
DA:1725,0
DA:1728,0
DA:1729,0
DA:1730,0
DA:1733,0
DA:1734,0
DA:1735,0
DA:1736,0
DA:1737,0
DA:1738,0
DA:1739,0
DA:1741,0
DA:1742,0
DA:1747,0
DA:1753,0
DA:1763,0
DA:1764,0
DA:1765,0
DA:1768,0
DA:1771,0
DA:1772,0
DA:1773,0
DA:1774,0
DA:1777,0
DA:1780,0
DA:1792,0
DA:1805,0
DA:1806,0
DA:1807,0
DA:1810,0
DA:1813,0
DA:1818,0
DA:1819,0
DA:1820,0
DA:1821,0
DA:1822,0
DA:1823,0
DA:1825,0
DA:1826,0
DA:1827,0
DA:1830,0
DA:1831,0
DA:1832,0
DA:1833,0
DA:1834,0
DA:1836,0
DA:1837,0
DA:1850,3
DA:1853,3
DA:1854,3
DA:1855,3
DA:1856,3
DA:1859,0
DA:1862,0
DA:1864,0
DA:1865,0
DA:1866,0
DA:1867,0
DA:1868,0
DA:1872,0
DA:1882,0
DA:1883,0
DA:1884,0
DA:1885,0
DA:1887,0
DA:1890,0
DA:1903,0
DA:1904,0
DA:1905,0
DA:1906,0
DA:1908,0
DA:1911,0
DA:1917,0
DA:1918,0
DA:1919,0
DA:1920,0
DA:1921,0
DA:1922,0
DA:1924,0
DA:1925,0
DA:1926,0
DA:1929,0
DA:1930,0
DA:1931,0
DA:1932,0
DA:1933,0
DA:1935,0
DA:1936,0
DA:1953,3
DA:1956,3
DA:1957,3
DA:1958,3
DA:1959,3
DA:1962,0
DA:1964,0
DA:1965,0
DA:1966,0
DA:1967,0
DA:1968,0
DA:1972,0
DA:1981,0
DA:1991,0
DA:1992,0
DA:1994,0
DA:1996,0
DA:1997,0
DA:1998,0
DA:1999,0
DA:2000,0
DA:2001,0
DA:2004,0
DA:2005,0
DA:2006,0
DA:2009,0
DA:2010,0
DA:2011,0
DA:2012,0
DA:2013,0
DA:2015,0
DA:2016,0
DA:2031,3
DA:2034,3
DA:2035,3
DA:2036,3
DA:2037,3
DA:2040,0
DA:2043,0
DA:2045,0
DA:2046,0
DA:2047,0
DA:2048,0
DA:2049,0
DA:2053,0
DA:2056,0
DA:2057,0
DA:2058,0
DA:2061,0
DA:2062,0
DA:2063,0
DA:2064,0
DA:2065,0
DA:2066,0
DA:2067,0
DA:2069,0
DA:2070,0
DA:2073,0
DA:2077,0
DA:2092,0
DA:2093,0
DA:2094,0
DA:2095,0
DA:2098,0
DA:2101,0
DA:2106,0
DA:2107,0
DA:2108,0
DA:2109,0
DA:2110,0
DA:2111,0
DA:2113,0
DA:2114,0
DA:2115,0
DA:2118,0
DA:2119,0
DA:2120,0
DA:2121,0
DA:2122,0
DA:2124,0
DA:2125,0
DA:2147,3
DA:2150,3
DA:2151,3
DA:2152,3
DA:2153,3
DA:2156,0
DA:2159,0
DA:2161,0
DA:2162,0
DA:2163,0
DA:2164,0
DA:2165,0
DA:2169,0
DA:2172,0
DA:2173,0
DA:2174,0
DA:2177,0
DA:2179,0
DA:2181,0
DA:2197,0
DA:2198,0
DA:2199,0
DA:2200,0
DA:2203,0
DA:2206,0
DA:2208,0
DA:2212,0
DA:2213,0
DA:2214,0
DA:2215,0
DA:2218,0
DA:2220,0
DA:2221,0
DA:2222,0
DA:2223,0
DA:2224,0
DA:2225,0
DA:2226,0
DA:2228,0
DA:2229,0
DA:2232,0
DA:2236,0
DA:2237,0
DA:2238,0
DA:2239,0
DA:2242,0
DA:2243,0
DA:2246,0
DA:2262,0
DA:2263,0
DA:2264,0
DA:2265,0
DA:2268,0
DA:2271,0
DA:2277,0
DA:2278,0
DA:2279,0
DA:2282,0
DA:2283,0
DA:2286,0
DA:2287,0
DA:2288,0
DA:2289,0
DA:2293,0
DA:2294,0
DA:2295,0
DA:2296,0
DA:2299,0
DA:2302,0
DA:2320,0
DA:2326,0
DA:2327,0
DA:2328,0
DA:2329,0
DA:2330,0
DA:2331,0
DA:2333,0
DA:2334,0
DA:2335,0
DA:2338,0
DA:2339,0
DA:2340,0
DA:2341,0
DA:2342,0
DA:2344,0
DA:2345,0
DA:2362,3
DA:2365,3
DA:2366,3
DA:2367,3
DA:2368,3
DA:2371,0
DA:2374,0
DA:2376,0
DA:2377,0
DA:2378,0
DA:2379,0
DA:2380,0
DA:2385,0
DA:2403,0
DA:2404,0
DA:2405,0
DA:2406,0
DA:2409,0
DA:2410,0
DA:2413,0
DA:2414,0
DA:2415,0
DA:2416,0
DA:2417,0
DA:2419,0
DA:2420,0
DA:2433,3
DA:2435,3
DA:2436,3
DA:2437,3
DA:2438,3
DA:2439,3
DA:2440,3
DA:2441,3
DA:2442,3
DA:2443,3
DA:2444,3
DA:2445,3
DA:2446,3
DA:2447,3
DA:2448,3
DA:2449,3
DA:2451,0
DA:2452,0
DA:2456,2
LF:1036
LH:94
BRDA:21,0,0,0
BRDA:21,0,1,39
BRDA:31,1,0,0
BRDA:31,1,1,39
BRDA:51,2,0,0
BRDA:51,2,1,0
BRDA:69,3,0,0
BRDA:69,3,1,0
BRDA:75,4,0,0
BRDA:75,4,1,0
BRDA:100,5,0,3
BRDA:100,5,1,0
BRDA:116,6,0,0
BRDA:116,6,1,0
BRDA:137,7,0,0
BRDA:137,7,1,0
BRDA:150,8,0,0
BRDA:150,8,1,0
BRDA:156,9,0,0
BRDA:156,9,1,0
BRDA:162,10,0,0
BRDA:162,10,1,0
BRDA:185,11,0,0
BRDA:185,11,1,0
BRDA:198,12,0,0
BRDA:198,12,1,0
BRDA:204,13,0,0
BRDA:204,13,1,0
BRDA:210,14,0,0
BRDA:210,14,1,0
BRDA:219,15,0,0
BRDA:219,15,1,0
BRDA:224,16,0,0
BRDA:224,16,1,0
BRDA:230,17,0,0
BRDA:230,17,1,0
BRDA:252,18,0,0
BRDA:252,18,1,0
BRDA:265,19,0,0
BRDA:265,19,1,0
BRDA:271,20,0,0
BRDA:271,20,1,0
BRDA:277,21,0,0
BRDA:277,21,1,0
BRDA:287,22,0,0
BRDA:287,22,1,0
BRDA:322,23,0,3
BRDA:322,23,1,0
BRDA:338,24,0,0
BRDA:338,24,1,0
BRDA:358,25,0,0
BRDA:358,25,1,0
BRDA:367,26,0,0
BRDA:367,26,1,0
BRDA:373,27,0,0
BRDA:373,27,1,0
BRDA:379,28,0,0
BRDA:379,28,1,0
BRDA:397,29,0,0
BRDA:397,29,1,0
BRDA:402,30,0,0
BRDA:402,30,1,0
BRDA:419,31,0,0
BRDA:419,31,1,0
BRDA:428,32,0,0
BRDA:428,32,1,0
BRDA:434,33,0,0
BRDA:434,33,1,0
BRDA:440,34,0,0
BRDA:440,34,1,0
BRDA:449,35,0,0
BRDA:449,35,1,0
BRDA:456,36,0,0
BRDA:456,36,1,0
BRDA:461,37,0,0
BRDA:461,37,1,0
BRDA:467,38,0,0
BRDA:467,38,1,0
BRDA:489,39,0,0
BRDA:489,39,1,0
BRDA:498,40,0,0
BRDA:498,40,1,0
BRDA:504,41,0,0
BRDA:504,41,1,0
BRDA:510,42,0,0
BRDA:510,42,1,0
BRDA:519,43,0,0
BRDA:519,43,1,0
BRDA:525,44,0,0
BRDA:525,44,1,0
BRDA:537,45,0,0
BRDA:537,45,1,0
BRDA:545,46,0,0
BRDA:545,46,1,0
BRDA:587,47,0,3
BRDA:587,47,1,0
BRDA:602,48,0,0
BRDA:602,48,1,0
BRDA:610,49,0,0
BRDA:610,49,1,0
BRDA:615,50,0,0
BRDA:615,50,1,0
BRDA:620,51,0,0
BRDA:620,51,1,0
BRDA:625,52,0,0
BRDA:625,52,1,0
BRDA:626,53,0,0
BRDA:626,53,1,0
BRDA:632,54,0,0
BRDA:632,54,1,0
BRDA:652,55,0,0
BRDA:652,55,1,0
BRDA:664,56,0,0
BRDA:664,56,1,0
BRDA:673,57,0,0
BRDA:673,57,1,0
BRDA:680,58,0,0
BRDA:680,58,1,0
BRDA:697,59,0,0
BRDA:697,59,1,0
BRDA:702,60,0,0
BRDA:702,60,1,0
BRDA:706,61,0,0
BRDA:706,61,1,0
BRDA:729,62,0,0
BRDA:729,62,1,0
BRDA:737,63,0,0
BRDA:737,63,1,0
BRDA:737,64,0,0
BRDA:737,64,1,0
BRDA:754,65,0,0
BRDA:754,65,1,0
BRDA:766,66,0,0
BRDA:766,66,1,0
BRDA:774,67,0,0
BRDA:774,67,1,0
BRDA:780,68,0,0
BRDA:780,68,1,0
BRDA:795,69,0,0
BRDA:795,69,1,0
BRDA:800,70,0,0
BRDA:800,70,1,0
BRDA:803,71,0,0
BRDA:803,71,1,0
BRDA:823,72,0,0
BRDA:823,72,1,0
BRDA:850,73,0,3
BRDA:850,73,1,0
BRDA:866,74,0,0
BRDA:866,74,1,0
BRDA:874,75,0,0
BRDA:874,75,1,0
BRDA:880,76,0,0
BRDA:880,76,1,0
BRDA:880,77,0,0
BRDA:880,77,1,0
BRDA:904,78,0,0
BRDA:904,78,1,0
BRDA:914,79,0,0
BRDA:914,79,1,0
BRDA:923,80,0,0
BRDA:923,80,1,0
BRDA:930,81,0,0
BRDA:930,81,1,0
BRDA:947,82,0,0
BRDA:947,82,1,0
BRDA:952,83,0,0
BRDA:952,83,1,0
BRDA:974,84,0,0
BRDA:974,84,1,0
BRDA:979,85,0,0
BRDA:979,85,1,0
BRDA:984,86,0,0
BRDA:984,86,1,0
BRDA:989,87,0,0
BRDA:989,87,1,0
BRDA:989,88,0,0
BRDA:989,88,1,0
BRDA:1010,89,0,0
BRDA:1010,89,1,0
BRDA:1019,90,0,0
BRDA:1019,90,1,0
BRDA:1027,91,0,0
BRDA:1027,91,1,0
BRDA:1033,92,0,0
BRDA:1033,92,1,0
BRDA:1059,93,0,0
BRDA:1059,93,1,0
BRDA:1064,94,0,0
BRDA:1064,94,1,0
BRDA:1069,95,0,0
BRDA:1069,95,1,0
BRDA:1074,96,0,0
BRDA:1074,96,1,0
BRDA:1074,97,0,0
BRDA:1074,97,1,0
BRDA:1092,98,0,0
BRDA:1092,98,1,0
BRDA:1101,99,0,0
BRDA:1101,99,1,0
BRDA:1109,100,0,0
BRDA:1109,100,1,0
BRDA:1115,101,0,0
BRDA:1115,101,1,0
BRDA:1124,102,0,0
BRDA:1124,102,1,0
BRDA:1130,103,0,0
BRDA:1130,103,1,0
BRDA:1142,104,0,0
BRDA:1142,104,1,0
BRDA:1169,105,0,0
BRDA:1169,105,1,0
BRDA:1187,106,0,3
BRDA:1187,106,1,0
BRDA:1203,107,0,0
BRDA:1203,107,1,0
BRDA:1209,108,0,0
BRDA:1209,108,1,0
BRDA:1218,109,0,0
BRDA:1218,109,1,0
BRDA:1218,110,0,0
BRDA:1218,110,1,0
BRDA:1246,111,0,0
BRDA:1246,111,1,0
BRDA:1255,112,0,0
BRDA:1255,112,1,0
BRDA:1261,113,0,0
BRDA:1261,113,1,0
BRDA:1267,114,0,0
BRDA:1267,114,1,0
BRDA:1284,115,0,0
BRDA:1284,115,1,0
BRDA:1289,116,0,0
BRDA:1289,116,1,0
BRDA:1292,117,0,0
BRDA:1292,117,1,0
BRDA:1297,118,0,0
BRDA:1297,118,1,0
BRDA:1303,119,0,0
BRDA:1303,119,1,0
BRDA:1325,120,0,0
BRDA:1325,120,1,0
BRDA:1334,121,0,0
BRDA:1334,121,1,0
BRDA:1340,122,0,0
BRDA:1340,122,1,0
BRDA:1346,123,0,0
BRDA:1346,123,1,0
BRDA:1355,124,0,0
BRDA:1355,124,1,0
BRDA:1361,125,0,0
BRDA:1361,125,1,0
BRDA:1373,126,0,0
BRDA:1373,126,1,0
BRDA:1381,127,0,0
BRDA:1381,127,1,0
BRDA:1419,128,0,3
BRDA:1419,128,1,0
BRDA:1432,129,0,0
BRDA:1432,129,1,0
BRDA:1440,130,0,0
BRDA:1440,130,1,0
BRDA:1445,131,0,0
BRDA:1445,131,1,0
BRDA:1449,132,0,0
BRDA:1449,132,1,0
BRDA:1462,133,0,0
BRDA:1462,133,1,0
BRDA:1470,134,0,0
BRDA:1470,134,1,0
BRDA:1470,135,0,0
BRDA:1470,135,1,0
BRDA:1474,136,0,0
BRDA:1474,136,1,0
BRDA:1486,137,0,0
BRDA:1486,137,1,0
BRDA:1491,138,0,0
BRDA:1491,138,1,0
BRDA:1498,139,0,0
BRDA:1498,139,1,0
BRDA:1503,140,0,0
BRDA:1503,140,1,0
BRDA:1512,141,0,0
BRDA:1512,141,1,0
BRDA:1525,142,0,0
BRDA:1525,142,1,0
BRDA:1535,143,0,0
BRDA:1535,143,1,0
BRDA:1541,144,0,0
BRDA:1541,144,1,0
BRDA:1550,145,0,0
BRDA:1550,145,1,0
BRDA:1576,146,0,3
BRDA:1576,146,1,0
BRDA:1589,147,0,0
BRDA:1589,147,1,0
BRDA:1597,148,0,0
BRDA:1597,148,1,0
BRDA:1602,149,0,0
BRDA:1602,149,1,0
BRDA:1606,150,0,0
BRDA:1606,150,1,0
BRDA:1619,151,0,0
BRDA:1619,151,1,0
BRDA:1626,152,0,0
BRDA:1626,152,1,0
BRDA:1630,153,0,0
BRDA:1630,153,1,0
BRDA:1647,154,0,0
BRDA:1647,154,1,0
BRDA:1656,155,0,0
BRDA:1656,155,1,0
BRDA:1661,156,0,0
BRDA:1661,156,1,0
BRDA:1662,157,0,0
BRDA:1662,157,1,0
BRDA:1669,158,0,0
BRDA:1669,158,1,0
BRDA:1695,159,0,3
BRDA:1695,159,1,0
BRDA:1708,160,0,0
BRDA:1708,160,1,0
BRDA:1716,161,0,0
BRDA:1716,161,1,0
BRDA:1721,162,0,0
BRDA:1721,162,1,0
BRDA:1728,163,0,0
BRDA:1728,163,1,0
BRDA:1733,164,0,0
BRDA:1733,164,1,0
BRDA:1737,165,0,0
BRDA:1737,165,1,0
BRDA:1763,166,0,0
BRDA:1763,166,1,0
BRDA:1772,167,0,0
BRDA:1772,167,1,0
BRDA:1805,168,0,0
BRDA:1805,168,1,0
BRDA:1821,169,0,0
BRDA:1821,169,1,0
BRDA:1826,170,0,0
BRDA:1826,170,1,0
BRDA:1832,171,0,0
BRDA:1832,171,1,0
BRDA:1854,172,0,3
BRDA:1854,172,1,0
BRDA:1867,173,0,0
BRDA:1867,173,1,0
BRDA:1883,174,0,0
BRDA:1883,174,1,0
BRDA:1904,175,0,0
BRDA:1904,175,1,0
BRDA:1920,176,0,0
BRDA:1920,176,1,0
BRDA:1925,177,0,0
BRDA:1925,177,1,0
BRDA:1931,178,0,0
BRDA:1931,178,1,0
BRDA:1957,179,0,3
BRDA:1957,179,1,0
BRDA:1967,180,0,0
BRDA:1967,180,1,0
BRDA:1998,181,0,0
BRDA:1998,181,1,0
BRDA:2005,182,0,0
BRDA:2005,182,1,0
BRDA:2011,183,0,0
BRDA:2011,183,1,0
BRDA:2035,184,0,3
BRDA:2035,184,1,0
BRDA:2048,185,0,0
BRDA:2048,185,1,0
BRDA:2056,186,0,0
BRDA:2056,186,1,0
BRDA:2061,187,0,0
BRDA:2061,187,1,0
BRDA:2065,188,0,0
BRDA:2065,188,1,0
BRDA:2093,189,0,0
BRDA:2093,189,1,0
BRDA:2109,190,0,0
BRDA:2109,190,1,0
BRDA:2114,191,0,0
BRDA:2114,191,1,0
BRDA:2120,192,0,0
BRDA:2120,192,1,0
BRDA:2151,193,0,3
BRDA:2151,193,1,0
BRDA:2164,194,0,0
BRDA:2164,194,1,0
BRDA:2172,195,0,0
BRDA:2172,195,1,0
BRDA:2177,196,0,0
BRDA:2177,196,1,0
BRDA:2198,197,0,0
BRDA:2198,197,1,0
BRDA:2213,198,0,0
BRDA:2213,198,1,0
BRDA:2220,199,0,0
BRDA:2220,199,1,0
BRDA:2224,200,0,0
BRDA:2224,200,1,0
BRDA:2237,201,0,0
BRDA:2237,201,1,0
BRDA:2242,202,0,0
BRDA:2242,202,1,0
BRDA:2263,203,0,0
BRDA:2263,203,1,0
BRDA:2277,204,0,0
BRDA:2277,204,1,0
BRDA:2287,205,0,0
BRDA:2287,205,1,0
BRDA:2294,206,0,0
BRDA:2294,206,1,0
BRDA:2329,207,0,0
BRDA:2329,207,1,0
BRDA:2334,208,0,0
BRDA:2334,208,1,0
BRDA:2340,209,0,0
BRDA:2340,209,1,0
BRDA:2366,210,0,3
BRDA:2366,210,1,0
BRDA:2379,211,0,0
BRDA:2379,211,1,0
BRDA:2404,212,0,0
BRDA:2404,212,1,0
BRDA:2415,213,0,0
BRDA:2415,213,1,0
BRF:428
BRH:15
end_of_record
TN:
SF:events\budgetEvents.js
FN:13,(anonymous_0)
FNF:1
FNH:1
FNDA:182,(anonymous_0)
DA:1,10
DA:14,182
DA:19,10
LF:3
LH:3
BRF:0
BRH:0
end_of_record
TN:
SF:middleware\uploadMiddleware.js
FN:14,(anonymous_0)
FN:31,(anonymous_1)
FN:48,(anonymous_2)
FN:69,(anonymous_3)
FN:88,(anonymous_4)
FN:141,(anonymous_5)
FN:158,(anonymous_6)
FN:166,(anonymous_7)
FN:174,(anonymous_8)
FN:196,(anonymous_9)
FN:294,(anonymous_10)
FN:311,(anonymous_11)
FN:349,(anonymous_12)
FN:370,(anonymous_13)
FN:395,(anonymous_14)
FNF:15
FNH:11
FNDA:2,(anonymous_0)
FNDA:2,(anonymous_1)
FNDA:0,(anonymous_2)
FNDA:0,(anonymous_3)
FNDA:25,(anonymous_4)
FNDA:24,(anonymous_5)
FNDA:312,(anonymous_6)
FNDA:2,(anonymous_7)
FNDA:2,(anonymous_8)
FNDA:2,(anonymous_9)
FNDA:0,(anonymous_10)
FNDA:26,(anonymous_11)
FNDA:26,(anonymous_12)
FNDA:26,(anonymous_13)
FNDA:0,(anonymous_14)
DA:1,2
DA:2,2
DA:3,2
DA:4,2
DA:5,2
DA:6,2
DA:7,2
DA:16,2
DA:17,2
DA:18,2
DA:19,2
DA:20,2
DA:22,2
DA:25,2
DA:32,2
DA:33,2
DA:34,0
DA:35,0
DA:38,0
DA:39,0
DA:50,0
DA:51,0
DA:54,0
DA:55,0
DA:56,0
DA:59,0
DA:61,0
DA:70,0
DA:73,0
DA:89,25
DA:91,25
DA:92,0
DA:96,25
DA:97,25
DA:98,1
DA:102,24
DA:103,0
DA:107,24
DA:108,24
DA:109,0
DA:113,24
DA:114,0
DA:115,0
DA:119,24
DA:120,0
DA:124,24
DA:125,0
DA:128,24
DA:131,0
DA:132,0
DA:142,24
DA:158,312
DA:168,2
DA:175,2
DA:197,2
DA:205,2
DA:206,0
DA:209,2
DA:210,1
DA:212,1
DA:218,0
DA:224,0
DA:230,0
DA:236,0
DA:242,0
DA:248,0
DA:254,0
DA:263,1
DA:269,1
DA:277,0
DA:279,0
DA:287,0
DA:295,0
DA:296,0
DA:297,0
DA:298,0
DA:301,0
DA:313,26
DA:314,26
DA:315,26
DA:316,26
DA:319,26
DA:320,26
DA:323,26
DA:332,26
DA:333,0
DA:340,26
DA:353,26
DA:354,26
DA:355,1
DA:361,26
DA:372,26
DA:373,26
DA:375,26
DA:376,0
DA:380,0
DA:381,0
DA:389,0
DA:390,0
DA:392,0
DA:395,0
DA:396,0
DA:397,0
DA:402,26
DA:407,2
DA:409,2
LF:106
LH:58
BRDA:33,0,0,0
BRDA:33,0,1,2
BRDA:70,1,0,0
BRDA:70,1,1,0
BRDA:91,2,0,0
BRDA:91,2,1,25
BRDA:91,3,0,25
BRDA:91,3,1,25
BRDA:97,4,0,1
BRDA:97,4,1,24
BRDA:102,5,0,0
BRDA:102,5,1,24
BRDA:108,6,0,0
BRDA:108,6,1,24
BRDA:113,7,0,0
BRDA:113,7,1,24
BRDA:113,8,0,24
BRDA:113,8,1,0
BRDA:119,9,0,0
BRDA:119,9,1,24
BRDA:124,10,0,0
BRDA:124,10,1,24
BRDA:205,11,0,0
BRDA:205,11,1,2
BRDA:205,12,0,2
BRDA:205,12,1,0
BRDA:209,13,0,1
BRDA:209,13,1,1
BRDA:210,14,0,1
BRDA:210,14,1,0
BRDA:210,14,2,0
BRDA:210,14,3,0
BRDA:210,14,4,0
BRDA:210,14,5,0
BRDA:210,14,6,0
BRDA:210,14,7,0
BRDA:263,15,0,1
BRDA:263,15,1,0
BRDA:263,16,0,1
BRDA:263,16,1,0
BRDA:263,16,2,0
BRDA:263,16,3,0
BRDA:263,16,4,0
BRDA:263,16,5,0
BRDA:277,17,0,0
BRDA:277,17,1,0
BRDA:277,18,0,0
BRDA:277,18,1,0
BRDA:296,19,0,0
BRDA:296,19,1,0
BRDA:319,20,0,26
BRDA:319,20,1,26
BRDA:320,21,0,26
BRDA:320,21,1,0
BRDA:320,21,2,0
BRDA:332,22,0,0
BRDA:332,22,1,26
BRDA:332,23,0,26
BRDA:332,23,1,26
BRDA:353,24,0,26
BRDA:353,24,1,0
BRDA:354,25,0,1
BRDA:354,25,1,25
BRDA:375,26,0,0
BRDA:375,26,1,26
BRDA:380,27,0,0
BRDA:380,27,1,0
BRDA:380,28,0,0
BRDA:380,28,1,0
BRDA:389,29,0,0
BRDA:389,29,1,0
BRDA:396,30,0,0
BRDA:396,30,1,0
BRF:73
BRH:29
end_of_record
TN:
SF:repositories\budgetRepository.js
FN:9,(anonymous_0)
FN:12,(anonymous_1)
FN:25,(anonymous_2)
FN:47,(anonymous_3)
FN:50,(anonymous_4)
FN:53,(anonymous_5)
FN:69,(anonymous_6)
FN:72,(anonymous_7)
FN:80,(anonymous_8)
FN:96,(anonymous_9)
FN:99,(anonymous_10)
FN:106,(anonymous_11)
FN:118,(anonymous_12)
FN:134,(anonymous_13)
FN:137,(anonymous_14)
FN:140,(anonymous_15)
FN:157,(anonymous_16)
FN:160,(anonymous_17)
FN:168,(anonymous_18)
FNF:19
FNH:19
FNDA:825,(anonymous_0)
FNDA:825,(anonymous_1)
FNDA:825,(anonymous_2)
FNDA:416,(anonymous_3)
FNDA:416,(anonymous_4)
FNDA:416,(anonymous_5)
FNDA:448,(anonymous_6)
FNDA:448,(anonymous_7)
FNDA:448,(anonymous_8)
FNDA:101,(anonymous_9)
FNDA:101,(anonymous_10)
FNDA:101,(anonymous_11)
FNDA:101,(anonymous_12)
FNDA:669,(anonymous_13)
FNDA:669,(anonymous_14)
FNDA:669,(anonymous_15)
FNDA:19,(anonymous_16)
FNDA:19,(anonymous_17)
FNDA:19,(anonymous_18)
DA:1,5
DA:10,825
DA:12,825
DA:13,825
DA:18,825
DA:25,825
DA:26,825
DA:27,49
DA:28,49
DA:32,776
DA:48,416
DA:50,416
DA:51,416
DA:53,416
DA:54,416
DA:55,0
DA:56,0
DA:58,416
DA:70,448
DA:72,448
DA:73,448
DA:80,448
DA:81,448
DA:82,0
DA:83,0
DA:85,448
DA:97,101
DA:99,101
DA:100,101
DA:106,101
DA:107,101
DA:108,0
DA:109,0
DA:112,101
DA:113,0
DA:114,0
DA:118,101
DA:119,101
DA:120,0
DA:121,0
DA:123,101
DA:135,669
DA:137,669
DA:138,669
DA:140,669
DA:141,669
DA:142,0
DA:143,0
DA:146,669
DA:158,19
DA:160,19
DA:161,19
DA:168,19
DA:169,19
DA:170,0
DA:171,0
DA:173,19
DA:179,5
LF:58
LH:44
BRDA:26,0,0,49
BRDA:26,0,1,776
BRDA:54,1,0,0
BRDA:54,1,1,416
BRDA:58,2,0,416
BRDA:58,2,1,101
BRDA:81,3,0,0
BRDA:81,3,1,448
BRDA:85,4,0,448
BRDA:85,4,1,0
BRDA:107,5,0,0
BRDA:107,5,1,101
BRDA:112,6,0,0
BRDA:112,6,1,101
BRDA:119,7,0,0
BRDA:119,7,1,101
BRDA:141,8,0,0
BRDA:141,8,1,669
BRDA:169,9,0,0
BRDA:169,9,1,19
BRDA:173,10,0,19
BRDA:173,10,1,0
BRF:22
BRH:13
end_of_record
TN:
SF:repositories\expensePeopleRepository.js
FN:11,(anonymous_0)
FN:14,(anonymous_1)
FN:16,(anonymous_2)
FN:29,(anonymous_3)
FN:35,(anonymous_4)
FN:54,(anonymous_5)
FN:75,(anonymous_6)
FN:78,(anonymous_7)
FN:94,(anonymous_8)
FN:101,(anonymous_9)
FN:122,(anonymous_10)
FN:125,(anonymous_11)
FN:126,(anonymous_12)
FN:130,(anonymous_13)
FN:149,(anonymous_14)
FN:155,(anonymous_15)
FN:174,(anonymous_16)
FN:197,(anonymous_17)
FN:200,(anonymous_18)
FN:203,(anonymous_19)
FN:221,(anonymous_20)
FN:224,(anonymous_21)
FN:227,(anonymous_22)
FN:245,(anonymous_23)
FN:248,(anonymous_24)
FN:266,(anonymous_25)
FN:273,(anonymous_26)
FN:295,(anonymous_27)
FN:298,(anonymous_28)
FN:301,(anonymous_29)
FN:318,(anonymous_30)
FN:321,(anonymous_31)
FN:324,(anonymous_32)
FN:341,(anonymous_33)
FN:348,(anonymous_34)
FN:349,(anonymous_35)
FN:364,(anonymous_36)
FN:373,(anonymous_37)
FNF:38
FNH:22
FNDA:9,(anonymous_0)
FNDA:9,(anonymous_1)
FNDA:9,(anonymous_2)
FNDA:12,(anonymous_3)
FNDA:12,(anonymous_4)
FNDA:9,(anonymous_5)
FNDA:24,(anonymous_6)
FNDA:24,(anonymous_7)
FNDA:24,(anonymous_8)
FNDA:22,(anonymous_9)
FNDA:3,(anonymous_10)
FNDA:3,(anonymous_11)
FNDA:3,(anonymous_12)
FNDA:3,(anonymous_13)
FNDA:3,(anonymous_14)
FNDA:3,(anonymous_15)
FNDA:2,(anonymous_16)
FNDA:0,(anonymous_17)
FNDA:0,(anonymous_18)
FNDA:0,(anonymous_19)
FNDA:0,(anonymous_20)
FNDA:0,(anonymous_21)
FNDA:0,(anonymous_22)
FNDA:0,(anonymous_23)
FNDA:0,(anonymous_24)
FNDA:0,(anonymous_25)
FNDA:0,(anonymous_26)
FNDA:0,(anonymous_27)
FNDA:0,(anonymous_28)
FNDA:0,(anonymous_29)
FNDA:0,(anonymous_30)
FNDA:0,(anonymous_31)
FNDA:0,(anonymous_32)
FNDA:12,(anonymous_33)
FNDA:12,(anonymous_34)
FNDA:12,(anonymous_35)
FNDA:12,(anonymous_36)
FNDA:15,(anonymous_37)
DA:1,12
DA:2,12
DA:12,9
DA:14,9
DA:16,9
DA:17,9
DA:19,9
DA:20,9
DA:21,9
DA:23,9
DA:24,0
DA:25,0
DA:26,0
DA:29,9
DA:30,12
DA:35,12
DA:36,12
DA:37,0
DA:38,0
DA:39,0
DA:40,0
DA:41,0
DA:44,12
DA:45,12
DA:52,12
DA:53,12
DA:54,9
DA:55,9
DA:56,0
DA:57,0
DA:59,9
DA:76,24
DA:78,24
DA:79,24
DA:94,24
DA:95,24
DA:96,0
DA:97,0
DA:98,0
DA:101,24
DA:111,24
DA:123,3
DA:125,3
DA:126,3
DA:127,3
DA:130,3
DA:131,3
DA:132,0
DA:133,0
DA:134,0
DA:135,0
DA:139,3
DA:140,1
DA:141,1
DA:142,1
DA:145,2
DA:146,2
DA:147,2
DA:149,2
DA:150,3
DA:155,3
DA:156,3
DA:157,0
DA:158,0
DA:159,0
DA:160,0
DA:161,0
DA:164,3
DA:165,3
DA:172,3
DA:173,3
DA:174,2
DA:175,2
DA:176,0
DA:177,0
DA:179,2
DA:180,2
DA:198,0
DA:200,0
DA:201,0
DA:203,0
DA:204,0
DA:205,0
DA:206,0
DA:207,0
DA:210,0
DA:211,0
DA:222,0
DA:224,0
DA:225,0
DA:227,0
DA:228,0
DA:229,0
DA:230,0
DA:231,0
DA:234,0
DA:235,0
DA:246,0
DA:248,0
DA:249,0
DA:266,0
DA:267,0
DA:268,0
DA:269,0
DA:270,0
DA:273,0
DA:285,0
DA:296,0
DA:298,0
DA:299,0
DA:301,0
DA:302,0
DA:303,0
DA:304,0
DA:305,0
DA:308,0
DA:319,0
DA:321,0
DA:322,0
DA:324,0
DA:325,0
DA:326,0
DA:327,0
DA:328,0
DA:331,0
DA:342,12
DA:343,0
DA:346,12
DA:348,12
DA:349,12
DA:350,12
DA:364,12
DA:365,12
DA:366,0
DA:367,0
DA:368,0
DA:372,12
DA:373,12
DA:374,15
DA:375,11
DA:377,15
DA:386,12
DA:392,12
LF:143
LH:67
BRDA:23,0,0,0
BRDA:23,0,1,9
BRDA:36,1,0,0
BRDA:36,1,1,12
BRDA:36,2,0,12
BRDA:36,2,1,0
BRDA:44,3,0,12
BRDA:44,3,1,0
BRDA:53,4,0,9
BRDA:53,4,1,3
BRDA:55,5,0,0
BRDA:55,5,1,9
BRDA:95,6,0,0
BRDA:95,6,1,24
BRDA:131,7,0,0
BRDA:131,7,1,3
BRDA:139,8,0,1
BRDA:139,8,1,2
BRDA:156,9,0,0
BRDA:156,9,1,3
BRDA:156,10,0,3
BRDA:156,10,1,0
BRDA:164,11,0,3
BRDA:164,11,1,0
BRDA:173,12,0,2
BRDA:173,12,1,1
BRDA:175,13,0,0
BRDA:175,13,1,2
BRDA:204,14,0,0
BRDA:204,14,1,0
BRDA:228,15,0,0
BRDA:228,15,1,0
BRDA:267,16,0,0
BRDA:267,16,1,0
BRDA:302,17,0,0
BRDA:302,17,1,0
BRDA:325,18,0,0
BRDA:325,18,1,0
BRDA:331,19,0,0
BRDA:331,19,1,0
BRDA:342,20,0,0
BRDA:342,20,1,12
BRDA:342,21,0,12
BRDA:342,21,1,12
BRDA:365,22,0,0
BRDA:365,22,1,12
BRDA:374,23,0,11
BRDA:374,23,1,4
BRF:48
BRH:23
end_of_record
TN:
SF:repositories\expenseRepository.js
FN:10,(anonymous_0)
FN:13,(anonymous_1)
FN:29,(anonymous_2)
FN:49,(anonymous_3)
FN:52,(anonymous_4)
FN:73,(anonymous_5)
FN:88,(anonymous_6)
FN:91,(anonymous_7)
FN:94,(anonymous_8)
FN:110,(anonymous_9)
FN:113,(anonymous_10)
FN:131,(anonymous_11)
FN:156,(anonymous_12)
FN:159,(anonymous_13)
FN:162,(anonymous_14)
FN:179,(anonymous_15)
FN:182,(anonymous_16)
FN:185,(anonymous_17)
FN:203,(anonymous_18)
FN:206,(anonymous_19)
FN:214,(anonymous_20)
FN:235,(anonymous_21)
FN:238,(anonymous_22)
FN:252,(anonymous_23)
FN:264,(anonymous_24)
FN:265,(anonymous_25)
FN:278,(anonymous_26)
FN:286,(anonymous_27)
FN:305,(anonymous_28)
FN:339,(anonymous_29)
FN:342,(anonymous_30)
FN:350,(anonymous_31)
FN:355,(anonymous_32)
FN:365,(anonymous_33)
FN:368,(anonymous_34)
FN:382,(anonymous_35)
FN:397,(anonymous_36)
FN:400,(anonymous_37)
FN:415,(anonymous_38)
FN:433,(anonymous_39)
FN:460,(anonymous_40)
FN:463,(anonymous_41)
FN:497,(anonymous_42)
FN:503,(anonymous_43)
FN:526,(anonymous_44)
FN:529,(anonymous_45)
FN:596,(anonymous_46)
FN:602,(anonymous_47)
FN:612,(anonymous_48)
FN:624,(anonymous_49)
FN:646,(anonymous_50)
FN:656,(anonymous_51)
FN:671,(anonymous_52)
FN:674,(anonymous_53)
FN:738,(anonymous_54)
FN:755,(anonymous_55)
FN:758,(anonymous_56)
FN:804,(anonymous_57)
FN:811,(anonymous_58)
FN:836,(anonymous_59)
FN:839,(anonymous_60)
FN:876,(anonymous_61)
FN:902,(anonymous_62)
FN:909,(anonymous_63)
FN:913,(anonymous_64)
FN:920,(anonymous_65)
FN:924,(anonymous_66)
FN:931,(anonymous_67)
FN:935,(anonymous_68)
FNF:69
FNH:40
FNDA:134,(anonymous_0)
FNDA:134,(anonymous_1)
FNDA:134,(anonymous_2)
FNDA:3,(anonymous_3)
FNDA:3,(anonymous_4)
FNDA:3,(anonymous_5)
FNDA:123,(anonymous_6)
FNDA:123,(anonymous_7)
FNDA:123,(anonymous_8)
FNDA:38,(anonymous_9)
FNDA:38,(anonymous_10)
FNDA:38,(anonymous_11)
FNDA:20,(anonymous_12)
FNDA:20,(anonymous_13)
FNDA:20,(anonymous_14)
FNDA:10,(anonymous_15)
FNDA:10,(anonymous_16)
FNDA:10,(anonymous_17)
FNDA:0,(anonymous_18)
FNDA:0,(anonymous_19)
FNDA:0,(anonymous_20)
FNDA:13,(anonymous_21)
FNDA:13,(anonymous_22)
FNDA:13,(anonymous_23)
FNDA:16,(anonymous_24)
FNDA:16,(anonymous_25)
FNDA:13,(anonymous_26)
FNDA:2,(anonymous_27)
FNDA:16,(anonymous_28)
FNDA:1,(anonymous_29)
FNDA:1,(anonymous_30)
FNDA:1,(anonymous_31)
FNDA:2,(anonymous_32)
FNDA:0,(anonymous_33)
FNDA:0,(anonymous_34)
FNDA:0,(anonymous_35)
FNDA:0,(anonymous_36)
FNDA:0,(anonymous_37)
FNDA:0,(anonymous_38)
FNDA:0,(anonymous_39)
FNDA:0,(anonymous_40)
FNDA:0,(anonymous_41)
FNDA:0,(anonymous_42)
FNDA:0,(anonymous_43)
FNDA:0,(anonymous_44)
FNDA:0,(anonymous_45)
FNDA:0,(anonymous_46)
FNDA:0,(anonymous_47)
FNDA:0,(anonymous_48)
FNDA:0,(anonymous_49)
FNDA:0,(anonymous_50)
FNDA:0,(anonymous_51)
FNDA:0,(anonymous_52)
FNDA:0,(anonymous_53)
FNDA:0,(anonymous_54)
FNDA:0,(anonymous_55)
FNDA:0,(anonymous_56)
FNDA:0,(anonymous_57)
FNDA:0,(anonymous_58)
FNDA:10,(anonymous_59)
FNDA:10,(anonymous_60)
FNDA:170,(anonymous_61)
FNDA:10,(anonymous_62)
FNDA:4,(anonymous_63)
FNDA:10,(anonymous_64)
FNDA:4,(anonymous_65)
FNDA:10,(anonymous_66)
FNDA:6,(anonymous_67)
FNDA:10,(anonymous_68)
DA:1,15
DA:2,15
DA:11,134
DA:13,134
DA:14,134
DA:19,134
DA:29,134
DA:30,134
DA:31,1
DA:32,1
DA:36,133
DA:50,3
DA:52,3
DA:53,3
DA:54,3
DA:57,3
DA:58,1
DA:59,1
DA:63,2
DA:64,0
DA:65,0
DA:66,2
DA:67,0
DA:68,0
DA:71,3
DA:73,3
DA:74,3
DA:75,1
DA:76,1
DA:78,2
DA:89,123
DA:91,123
DA:92,123
DA:94,123
DA:95,123
DA:96,0
DA:97,0
DA:99,123
DA:111,38
DA:113,38
DA:114,38
DA:120,38
DA:131,38
DA:132,38
DA:133,0
DA:134,0
DA:137,38
DA:138,1
DA:139,1
DA:143,37
DA:157,20
DA:159,20
DA:160,20
DA:162,20
DA:163,20
DA:164,0
DA:165,0
DA:168,20
DA:180,10
DA:182,10
DA:183,10
DA:185,10
DA:186,10
DA:187,0
DA:188,0
DA:191,10
DA:204,0
DA:206,0
DA:207,0
DA:214,0
DA:215,0
DA:216,0
DA:217,0
DA:220,0
DA:236,13
DA:238,13
DA:240,13
DA:250,13
DA:252,13
DA:253,13
DA:254,0
DA:255,0
DA:258,13
DA:259,0
DA:260,0
DA:264,16
DA:265,16
DA:267,13
DA:278,13
DA:279,13
DA:280,0
DA:281,0
DA:285,13
DA:286,13
DA:287,2
DA:288,1
DA:290,2
DA:305,13
DA:306,16
DA:307,16
DA:322,16
DA:323,1
DA:326,16
DA:329,13
DA:340,1
DA:342,1
DA:343,1
DA:350,1
DA:351,1
DA:352,0
DA:353,0
DA:355,2
DA:366,0
DA:368,0
DA:369,0
DA:370,0
DA:371,0
DA:374,0
DA:382,0
DA:383,0
DA:384,0
DA:385,0
DA:387,0
DA:398,0
DA:400,0
DA:401,0
DA:402,0
DA:403,0
DA:406,0
DA:415,0
DA:416,0
DA:417,0
DA:418,0
DA:421,0
DA:422,0
DA:423,0
DA:427,0
DA:433,0
DA:434,0
DA:435,0
DA:436,0
DA:439,0
DA:443,0
DA:461,0
DA:463,0
DA:464,0
DA:466,0
DA:478,0
DA:481,0
DA:482,0
DA:483,0
DA:484,0
DA:485,0
DA:486,0
DA:487,0
DA:488,0
DA:489,0
DA:492,0
DA:497,0
DA:498,0
DA:499,0
DA:500,0
DA:503,0
DA:512,0
DA:516,0
DA:527,0
DA:529,0
DA:531,0
DA:542,0
DA:545,0
DA:546,0
DA:547,0
DA:548,0
DA:549,0
DA:550,0
DA:551,0
DA:552,0
DA:553,0
DA:556,0
DA:559,0
DA:570,0
DA:573,0
DA:574,0
DA:575,0
DA:576,0
DA:577,0
DA:579,0
DA:580,0
DA:581,0
DA:582,0
DA:583,0
DA:584,0
DA:585,0
DA:586,0
DA:587,0
DA:588,0
DA:589,0
DA:590,0
DA:593,0
DA:596,0
DA:597,0
DA:598,0
DA:599,0
DA:602,0
DA:603,0
DA:604,0
DA:605,0
DA:609,0
DA:612,0
DA:613,0
DA:614,0
DA:624,0
DA:625,0
DA:626,0
DA:628,0
DA:629,0
DA:630,0
DA:631,0
DA:632,0
DA:635,0
DA:646,0
DA:656,0
DA:658,0
DA:672,0
DA:674,0
DA:675,0
DA:681,0
DA:684,0
DA:685,0
DA:686,0
DA:687,0
DA:688,0
DA:689,0
DA:690,0
DA:691,0
DA:692,0
DA:695,0
DA:697,0
DA:712,0
DA:715,0
DA:716,0
DA:717,0
DA:718,0
DA:719,0
DA:721,0
DA:722,0
DA:723,0
DA:724,0
DA:725,0
DA:726,0
DA:727,0
DA:728,0
DA:729,0
DA:730,0
DA:731,0
DA:732,0
DA:736,0
DA:738,0
DA:739,0
DA:740,0
DA:741,0
DA:743,0
DA:756,0
DA:758,0
DA:759,0
DA:771,0
DA:773,0
DA:775,0
DA:787,0
DA:790,0
DA:801,0
DA:804,0
DA:805,0
DA:806,0
DA:807,0
DA:811,0
DA:812,0
DA:814,0
DA:816,0
DA:825,0
DA:837,10
DA:839,10
DA:840,10
DA:841,10
DA:844,10
DA:852,10
DA:860,10
DA:868,10
DA:875,10
DA:876,10
DA:877,170
DA:880,10
DA:902,10
DA:903,10
DA:904,0
DA:905,0
DA:909,10
DA:910,4
DA:913,10
DA:914,10
DA:915,0
DA:916,0
DA:920,10
DA:921,4
DA:924,10
DA:925,10
DA:926,0
DA:927,0
DA:931,10
DA:932,6
DA:935,10
DA:936,10
DA:937,0
DA:938,0
DA:942,10
DA:944,10
DA:953,15
LF:317
LH:113
BRDA:21,0,0,134
BRDA:21,0,1,0
BRDA:22,1,0,134
BRDA:22,1,1,1
BRDA:30,2,0,1
BRDA:30,2,1,133
BRDA:49,3,0,2
BRDA:57,4,0,1
BRDA:57,4,1,2
BRDA:57,5,0,3
BRDA:57,5,1,1
BRDA:63,6,0,0
BRDA:63,6,1,2
BRDA:66,7,0,0
BRDA:66,7,1,2
BRDA:74,8,0,1
BRDA:74,8,1,2
BRDA:78,9,0,2
BRDA:78,9,1,0
BRDA:95,10,0,0
BRDA:95,10,1,123
BRDA:99,11,0,123
BRDA:99,11,1,5
BRDA:122,12,0,38
BRDA:122,12,1,1
BRDA:123,13,0,38
BRDA:123,13,1,2
BRDA:132,14,0,0
BRDA:132,14,1,38
BRDA:137,15,0,1
BRDA:137,15,1,37
BRDA:163,16,0,0
BRDA:163,16,1,20
BRDA:186,17,0,0
BRDA:186,17,1,10
BRDA:191,18,0,0
BRDA:191,18,1,10
BRDA:191,19,0,10
BRDA:191,19,1,10
BRDA:215,20,0,0
BRDA:215,20,1,0
BRDA:253,21,0,0
BRDA:253,21,1,13
BRDA:258,22,0,0
BRDA:258,22,1,13
BRDA:258,23,0,13
BRDA:258,23,1,13
BRDA:279,24,0,0
BRDA:279,24,1,13
BRDA:286,25,0,13
BRDA:286,25,1,0
BRDA:287,26,0,1
BRDA:287,26,1,1
BRDA:306,27,0,16
BRDA:306,27,1,15
BRDA:322,28,0,1
BRDA:322,28,1,15
BRDA:351,29,0,0
BRDA:351,29,1,1
BRDA:369,30,0,0
BRDA:369,30,1,0
BRDA:369,31,0,0
BRDA:369,31,1,0
BRDA:383,32,0,0
BRDA:383,32,1,0
BRDA:387,33,0,0
BRDA:387,33,1,0
BRDA:401,34,0,0
BRDA:401,34,1,0
BRDA:401,35,0,0
BRDA:401,35,1,0
BRDA:416,36,0,0
BRDA:416,36,1,0
BRDA:421,37,0,0
BRDA:421,37,1,0
BRDA:434,38,0,0
BRDA:434,38,1,0
BRDA:439,39,0,0
BRDA:439,39,1,0
BRDA:460,40,0,0
BRDA:460,41,0,0
BRDA:464,42,0,0
BRDA:464,42,1,0
BRDA:481,43,0,0
BRDA:481,43,1,0
BRDA:481,44,0,0
BRDA:481,44,1,0
BRDA:484,45,0,0
BRDA:484,45,1,0
BRDA:487,46,0,0
BRDA:487,46,1,0
BRDA:498,47,0,0
BRDA:498,47,1,0
BRDA:526,48,0,0
BRDA:545,49,0,0
BRDA:545,49,1,0
BRDA:545,50,0,0
BRDA:545,50,1,0
BRDA:548,51,0,0
BRDA:548,51,1,0
BRDA:551,52,0,0
BRDA:551,52,1,0
BRDA:573,53,0,0
BRDA:573,53,1,0
BRDA:573,54,0,0
BRDA:573,54,1,0
BRDA:581,55,0,0
BRDA:581,55,1,0
BRDA:586,56,0,0
BRDA:586,56,1,0
BRDA:597,57,0,0
BRDA:597,57,1,0
BRDA:603,58,0,0
BRDA:603,58,1,0
BRDA:626,59,0,0
BRDA:626,59,1,0
BRDA:631,60,0,0
BRDA:631,60,1,0
BRDA:632,61,0,0
BRDA:632,61,1,0
BRDA:671,62,0,0
BRDA:671,63,0,0
BRDA:684,64,0,0
BRDA:684,64,1,0
BRDA:684,65,0,0
BRDA:684,65,1,0
BRDA:687,66,0,0
BRDA:687,66,1,0
BRDA:690,67,0,0
BRDA:690,67,1,0
BRDA:695,68,0,0
BRDA:695,68,1,0
BRDA:715,69,0,0
BRDA:715,69,1,0
BRDA:715,70,0,0
BRDA:715,70,1,0
BRDA:723,71,0,0
BRDA:723,71,1,0
BRDA:728,72,0,0
BRDA:728,72,1,0
BRDA:739,73,0,0
BRDA:739,73,1,0
BRDA:743,74,0,0
BRDA:743,74,1,0
BRDA:755,75,0,0
BRDA:755,76,0,0
BRDA:773,77,0,0
BRDA:773,77,1,0
BRDA:805,78,0,0
BRDA:805,78,1,0
BRDA:903,79,0,0
BRDA:903,79,1,10
BRDA:914,80,0,0
BRDA:914,80,1,10
BRDA:925,81,0,0
BRDA:925,81,1,10
BRDA:936,82,0,0
BRDA:936,82,1,10
BRDA:942,83,0,4
BRDA:942,83,1,6
BRF:160
BRH:49
end_of_record
TN:
SF:repositories\fixedExpenseRepository.js
FN:10,(anonymous_0)
FN:12,(anonymous_1)
FN:19,(anonymous_2)
FN:35,(anonymous_3)
FN:37,(anonymous_4)
FN:43,(anonymous_5)
FN:58,(anonymous_6)
FN:60,(anonymous_7)
FN:74,(anonymous_8)
FN:96,(anonymous_9)
FN:98,(anonymous_10)
FN:106,(anonymous_11)
FN:113,(anonymous_12)
FN:130,(anonymous_13)
FN:132,(anonymous_14)
FN:134,(anonymous_15)
FN:151,(anonymous_16)
FN:153,(anonymous_17)
FN:160,(anonymous_18)
FN:177,(anonymous_19)
FN:179,(anonymous_20)
FN:186,(anonymous_21)
FN:202,(anonymous_22)
FN:204,(anonymous_23)
FN:211,(anonymous_24)
FN:216,(anonymous_25)
FN:231,(anonymous_26)
FN:233,(anonymous_27)
FN:240,(anonymous_28)
FN:245,(anonymous_29)
FN:262,(anonymous_30)
FNF:31
FNH:28
FNDA:19,(anonymous_0)
FNDA:19,(anonymous_1)
FNDA:19,(anonymous_2)
FNDA:12,(anonymous_3)
FNDA:12,(anonymous_4)
FNDA:12,(anonymous_5)
FNDA:29,(anonymous_6)
FNDA:29,(anonymous_7)
FNDA:29,(anonymous_8)
FNDA:4,(anonymous_9)
FNDA:4,(anonymous_10)
FNDA:4,(anonymous_11)
FNDA:3,(anonymous_12)
FNDA:2,(anonymous_13)
FNDA:2,(anonymous_14)
FNDA:2,(anonymous_15)
FNDA:1,(anonymous_16)
FNDA:1,(anonymous_17)
FNDA:1,(anonymous_18)
FNDA:0,(anonymous_19)
FNDA:0,(anonymous_20)
FNDA:0,(anonymous_21)
FNDA:11,(anonymous_22)
FNDA:11,(anonymous_23)
FNDA:11,(anonymous_24)
FNDA:14,(anonymous_25)
FNDA:10,(anonymous_26)
FNDA:10,(anonymous_27)
FNDA:10,(anonymous_28)
FNDA:11,(anonymous_29)
FNDA:5,(anonymous_30)
DA:1,11
DA:11,19
DA:12,19
DA:13,19
DA:19,19
DA:20,19
DA:21,1
DA:23,18
DA:36,12
DA:37,12
DA:38,12
DA:43,12
DA:44,12
DA:45,0
DA:47,12
DA:59,29
DA:60,29
DA:61,29
DA:65,29
DA:74,29
DA:75,29
DA:76,1
DA:79,28
DA:97,4
DA:98,4
DA:99,4
DA:104,4
DA:106,4
DA:107,4
DA:108,0
DA:109,4
DA:110,1
DA:113,3
DA:114,3
DA:115,0
DA:117,3
DA:131,2
DA:132,2
DA:133,2
DA:134,2
DA:135,2
DA:136,0
DA:138,2
DA:152,1
DA:153,1
DA:154,1
DA:160,1
DA:161,1
DA:162,0
DA:164,1
DA:178,0
DA:179,0
DA:180,0
DA:186,0
DA:187,0
DA:188,0
DA:190,0
DA:203,11
DA:204,11
DA:205,11
DA:211,11
DA:212,11
DA:213,0
DA:215,11
DA:216,11
DA:217,14
DA:219,11
DA:232,10
DA:233,10
DA:234,10
DA:240,10
DA:241,10
DA:242,0
DA:244,10
DA:245,10
DA:246,11
DA:248,10
DA:263,5
DA:266,5
DA:268,5
DA:269,1
DA:273,4
DA:275,4
DA:276,7
DA:284,7
DA:287,4
DA:291,11
LF:87
LH:73
BRDA:20,0,0,1
BRDA:20,0,1,18
BRDA:23,1,0,18
BRDA:23,1,1,0
BRDA:44,2,0,0
BRDA:44,2,1,12
BRDA:75,3,0,1
BRDA:75,3,1,28
BRDA:107,4,0,0
BRDA:107,4,1,4
BRDA:109,5,0,1
BRDA:109,5,1,3
BRDA:114,6,0,0
BRDA:114,6,1,3
BRDA:135,7,0,0
BRDA:135,7,1,2
BRDA:161,8,0,0
BRDA:161,8,1,1
BRDA:164,9,0,1
BRDA:164,9,1,0
BRDA:187,10,0,0
BRDA:187,10,1,0
BRDA:190,11,0,0
BRDA:190,11,1,0
BRDA:212,12,0,0
BRDA:212,12,1,11
BRDA:241,13,0,0
BRDA:241,13,1,10
BRDA:268,14,0,1
BRDA:268,14,1,4
BRF:30
BRH:17
end_of_record
TN:
SF:repositories\incomeRepository.js
FN:10,(anonymous_0)
FN:13,(anonymous_1)
FN:21,(anonymous_2)
FN:37,(anonymous_3)
FN:40,(anonymous_4)
FN:47,(anonymous_5)
FN:63,(anonymous_6)
FN:66,(anonymous_7)
FN:74,(anonymous_8)
FN:82,(anonymous_9)
FN:96,(anonymous_10)
FN:99,(anonymous_11)
FN:107,(anonymous_12)
FN:115,(anonymous_13)
FN:129,(anonymous_14)
FN:132,(anonymous_15)
FN:146,(anonymous_16)
FN:168,(anonymous_17)
FN:171,(anonymous_18)
FN:185,(anonymous_19)
FN:197,(anonymous_20)
FN:213,(anonymous_21)
FN:216,(anonymous_22)
FN:219,(anonymous_23)
FN:236,(anonymous_24)
FN:248,(anonymous_25)
FN:257,(anonymous_26)
FN:277,(anonymous_27)
FN:278,(anonymous_28)
FNF:29
FNH:21
FNDA:3,(anonymous_0)
FNDA:3,(anonymous_1)
FNDA:3,(anonymous_2)
FNDA:2,(anonymous_3)
FNDA:2,(anonymous_4)
FNDA:2,(anonymous_5)
FNDA:0,(anonymous_6)
FNDA:0,(anonymous_7)
FNDA:0,(anonymous_8)
FNDA:0,(anonymous_9)
FNDA:0,(anonymous_10)
FNDA:0,(anonymous_11)
FNDA:0,(anonymous_12)
FNDA:0,(anonymous_13)
FNDA:2,(anonymous_14)
FNDA:2,(anonymous_15)
FNDA:2,(anonymous_16)
FNDA:2,(anonymous_17)
FNDA:2,(anonymous_18)
FNDA:2,(anonymous_19)
FNDA:1,(anonymous_20)
FNDA:2,(anonymous_21)
FNDA:2,(anonymous_22)
FNDA:2,(anonymous_23)
FNDA:3,(anonymous_24)
FNDA:3,(anonymous_25)
FNDA:3,(anonymous_26)
FNDA:3,(anonymous_27)
FNDA:3,(anonymous_28)
DA:1,2
DA:11,3
DA:13,3
DA:14,3
DA:21,3
DA:22,3
DA:23,1
DA:24,1
DA:26,2
DA:38,2
DA:40,2
DA:41,2
DA:47,2
DA:48,2
DA:49,0
DA:50,0
DA:52,2
DA:64,0
DA:66,0
DA:67,0
DA:74,0
DA:75,0
DA:76,0
DA:77,0
DA:81,0
DA:82,0
DA:83,0
DA:86,0
DA:97,0
DA:99,0
DA:100,0
DA:107,0
DA:108,0
DA:109,0
DA:110,0
DA:114,0
DA:115,0
DA:116,0
DA:119,0
DA:130,2
DA:132,2
DA:133,2
DA:138,2
DA:146,2
DA:147,2
DA:148,1
DA:149,1
DA:153,1
DA:169,2
DA:171,2
DA:172,2
DA:178,2
DA:185,2
DA:186,2
DA:187,0
DA:188,0
DA:191,2
DA:192,1
DA:193,1
DA:197,1
DA:198,1
DA:199,0
DA:200,0
DA:202,1
DA:214,2
DA:216,2
DA:217,2
DA:219,2
DA:220,2
DA:221,0
DA:222,0
DA:225,2
DA:237,3
DA:240,3
DA:241,3
DA:243,3
DA:244,1
DA:245,1
DA:248,3
DA:250,3
DA:257,3
DA:258,3
DA:259,0
DA:260,0
DA:263,3
DA:264,1
DA:265,1
DA:269,2
DA:274,2
DA:275,2
DA:277,2
DA:278,3
DA:279,3
DA:280,0
DA:281,0
DA:284,3
DA:293,3
DA:294,3
DA:295,2
DA:304,2
LF:100
LH:66
BRDA:22,0,0,1
BRDA:22,0,1,2
BRDA:26,1,0,2
BRDA:26,1,1,0
BRDA:48,2,0,0
BRDA:48,2,1,2
BRDA:52,3,0,2
BRDA:52,3,1,0
BRDA:75,4,0,0
BRDA:75,4,1,0
BRDA:108,5,0,0
BRDA:108,5,1,0
BRDA:143,6,0,2
BRDA:143,6,1,2
BRDA:147,7,0,1
BRDA:147,7,1,1
BRDA:156,8,0,1
BRDA:156,8,1,1
BRDA:186,9,0,0
BRDA:186,9,1,2
BRDA:191,10,0,1
BRDA:191,10,1,1
BRDA:198,11,0,0
BRDA:198,11,1,1
BRDA:220,12,0,0
BRDA:220,12,1,2
BRDA:243,13,0,1
BRDA:243,13,1,2
BRDA:258,14,0,0
BRDA:258,14,1,3
BRDA:263,15,0,1
BRDA:263,15,1,2
BRDA:263,16,0,3
BRDA:263,16,1,3
BRDA:279,17,0,0
BRDA:279,17,1,3
BRDA:294,18,0,2
BRDA:294,18,1,1
BRF:38
BRH:26
end_of_record
TN:
SF:repositories\investmentRepository.js
FN:9,(anonymous_0)
FN:12,(anonymous_1)
FN:24,(anonymous_2)
FN:45,(anonymous_3)
FN:48,(anonymous_4)
FN:51,(anonymous_5)
FN:66,(anonymous_6)
FN:69,(anonymous_7)
FN:72,(anonymous_8)
FN:88,(anonymous_9)
FN:91,(anonymous_10)
FN:104,(anonymous_11)
FN:116,(anonymous_12)
FN:132,(anonymous_13)
FN:135,(anonymous_14)
FN:138,(anonymous_15)
FN:154,(anonymous_16)
FN:157,(anonymous_17)
FN:165,(anonymous_18)
FN:179,(anonymous_19)
FN:182,(anonymous_20)
FN:198,(anonymous_21)
FNF:22
FNH:3
FNDA:0,(anonymous_0)
FNDA:0,(anonymous_1)
FNDA:0,(anonymous_2)
FNDA:0,(anonymous_3)
FNDA:0,(anonymous_4)
FNDA:0,(anonymous_5)
FNDA:0,(anonymous_6)
FNDA:0,(anonymous_7)
FNDA:0,(anonymous_8)
FNDA:0,(anonymous_9)
FNDA:0,(anonymous_10)
FNDA:0,(anonymous_11)
FNDA:0,(anonymous_12)
FNDA:0,(anonymous_13)
FNDA:0,(anonymous_14)
FNDA:0,(anonymous_15)
FNDA:0,(anonymous_16)
FNDA:0,(anonymous_17)
FNDA:0,(anonymous_18)
FNDA:10,(anonymous_19)
FNDA:10,(anonymous_20)
FNDA:10,(anonymous_21)
DA:1,9
DA:10,0
DA:12,0
DA:13,0
DA:18,0
DA:24,0
DA:25,0
DA:26,0
DA:27,0
DA:31,0
DA:46,0
DA:48,0
DA:49,0
DA:51,0
DA:52,0
DA:53,0
DA:54,0
DA:56,0
DA:67,0
DA:69,0
DA:70,0
DA:72,0
DA:73,0
DA:74,0
DA:75,0
DA:77,0
DA:89,0
DA:91,0
DA:92,0
DA:98,0
DA:104,0
DA:105,0
DA:106,0
DA:107,0
DA:110,0
DA:111,0
DA:112,0
DA:116,0
DA:117,0
DA:118,0
DA:119,0
DA:121,0
DA:133,0
DA:135,0
DA:136,0
DA:138,0
DA:139,0
DA:140,0
DA:141,0
DA:144,0
DA:155,0
DA:157,0
DA:158,0
DA:165,0
DA:166,0
DA:167,0
DA:168,0
DA:170,0
DA:180,10
DA:182,10
DA:183,10
DA:198,10
DA:199,10
DA:200,0
DA:201,0
DA:203,10
DA:209,9
LF:67
LH:8
BRDA:25,0,0,0
BRDA:25,0,1,0
BRDA:52,1,0,0
BRDA:52,1,1,0
BRDA:56,2,0,0
BRDA:56,2,1,0
BRDA:73,3,0,0
BRDA:73,3,1,0
BRDA:77,4,0,0
BRDA:77,4,1,0
BRDA:105,5,0,0
BRDA:105,5,1,0
BRDA:110,6,0,0
BRDA:110,6,1,0
BRDA:117,7,0,0
BRDA:117,7,1,0
BRDA:139,8,0,0
BRDA:139,8,1,0
BRDA:166,9,0,0
BRDA:166,9,1,0
BRDA:170,10,0,0
BRDA:170,10,1,0
BRDA:199,11,0,0
BRDA:199,11,1,10
BRDA:203,12,0,10
BRDA:203,12,1,0
BRF:26
BRH:2
end_of_record
TN:
SF:repositories\invoiceRepository.js
FN:15,(anonymous_0)
FN:18,(anonymous_1)
FN:38,(anonymous_2)
FN:68,(anonymous_3)
FN:71,(anonymous_4)
FN:82,(anonymous_5)
FN:116,(anonymous_6)
FN:119,(anonymous_7)
FN:129,(anonymous_8)
FN:136,(anonymous_9)
FN:160,(anonymous_10)
FN:163,(anonymous_11)
FN:172,(anonymous_12)
FN:207,(anonymous_13)
FN:210,(anonymous_14)
FN:260,(anonymous_15)
FN:286,(anonymous_16)
FN:289,(anonymous_17)
FN:292,(anonymous_18)
FN:311,(anonymous_19)
FN:314,(anonymous_20)
FN:317,(anonymous_21)
FN:335,(anonymous_22)
FN:338,(anonymous_23)
FN:341,(anonymous_24)
FN:360,(anonymous_25)
FN:363,(anonymous_26)
FN:366,(anonymous_27)
FN:386,(anonymous_28)
FN:389,(anonymous_29)
FN:392,(anonymous_30)
FN:410,(anonymous_31)
FN:413,(anonymous_32)
FN:416,(anonymous_33)
FN:434,(anonymous_34)
FN:437,(anonymous_35)
FN:440,(anonymous_36)
FN:447,(anonymous_37)
FN:458,(anonymous_38)
FN:461,(anonymous_39)
FN:472,(anonymous_40)
FN:501,(anonymous_41)
FN:504,(anonymous_42)
FN:514,(anonymous_43)
FN:521,(anonymous_44)
FNF:45
FNH:42
FNDA:23,(anonymous_0)
FNDA:23,(anonymous_1)
FNDA:23,(anonymous_2)
FNDA:9,(anonymous_3)
FNDA:9,(anonymous_4)
FNDA:9,(anonymous_5)
FNDA:7,(anonymous_6)
FNDA:7,(anonymous_7)
FNDA:7,(anonymous_8)
FNDA:4,(anonymous_9)
FNDA:26,(anonymous_10)
FNDA:26,(anonymous_11)
FNDA:26,(anonymous_12)
FNDA:0,(anonymous_13)
FNDA:0,(anonymous_14)
FNDA:0,(anonymous_15)
FNDA:3,(anonymous_16)
FNDA:3,(anonymous_17)
FNDA:3,(anonymous_18)
FNDA:3,(anonymous_19)
FNDA:3,(anonymous_20)
FNDA:3,(anonymous_21)
FNDA:3,(anonymous_22)
FNDA:3,(anonymous_23)
FNDA:3,(anonymous_24)
FNDA:2,(anonymous_25)
FNDA:2,(anonymous_26)
FNDA:2,(anonymous_27)
FNDA:2,(anonymous_28)
FNDA:2,(anonymous_29)
FNDA:2,(anonymous_30)
FNDA:2,(anonymous_31)
FNDA:2,(anonymous_32)
FNDA:2,(anonymous_33)
FNDA:1,(anonymous_34)
FNDA:1,(anonymous_35)
FNDA:1,(anonymous_36)
FNDA:2,(anonymous_37)
FNDA:1,(anonymous_38)
FNDA:1,(anonymous_39)
FNDA:1,(anonymous_40)
FNDA:2,(anonymous_41)
FNDA:2,(anonymous_42)
FNDA:2,(anonymous_43)
FNDA:1,(anonymous_44)
DA:1,4
DA:2,4
DA:16,23
DA:18,23
DA:19,23
DA:26,23
DA:27,23
DA:38,23
DA:39,23
DA:40,1
DA:41,1
DA:42,1
DA:45,22
DA:48,22
DA:69,9
DA:71,9
DA:72,9
DA:82,9
DA:83,9
DA:84,0
DA:85,0
DA:86,0
DA:89,9
DA:90,5
DA:103,5
DA:105,4
DA:117,7
DA:119,7
DA:120,7
DA:129,7
DA:130,7
DA:131,0
DA:132,0
DA:133,0
DA:136,7
DA:149,7
DA:150,7
DA:161,26
DA:163,26
DA:164,26
DA:172,26
DA:173,26
DA:174,0
DA:175,0
DA:176,0
DA:179,26
DA:180,22
DA:193,22
DA:195,4
DA:208,0
DA:210,0
DA:212,0
DA:213,0
DA:215,0
DA:216,0
DA:217,0
DA:220,0
DA:221,0
DA:222,0
DA:225,0
DA:226,0
DA:227,0
DA:230,0
DA:231,0
DA:232,0
DA:235,0
DA:236,0
DA:237,0
DA:241,0
DA:242,0
DA:243,0
DA:246,0
DA:247,0
DA:248,0
DA:249,0
DA:252,0
DA:254,0
DA:260,0
DA:261,0
DA:262,0
DA:263,0
DA:264,0
DA:267,0
DA:268,0
DA:269,0
DA:272,0
DA:275,0
DA:287,3
DA:289,3
DA:290,3
DA:292,3
DA:293,3
DA:294,0
DA:295,0
DA:296,0
DA:299,3
DA:300,3
DA:301,3
DA:312,3
DA:314,3
DA:315,3
DA:317,3
DA:318,3
DA:319,0
DA:320,0
DA:321,0
DA:324,3
DA:325,3
DA:336,3
DA:338,3
DA:339,3
DA:341,3
DA:342,3
DA:343,0
DA:344,0
DA:345,0
DA:348,3
DA:349,3
DA:350,3
DA:361,2
DA:363,2
DA:364,2
DA:366,2
DA:367,2
DA:368,0
DA:369,0
DA:370,0
DA:373,2
DA:374,2
DA:375,2
DA:387,2
DA:389,2
DA:390,2
DA:392,2
DA:393,2
DA:394,0
DA:395,0
DA:396,0
DA:399,2
DA:400,2
DA:411,2
DA:413,2
DA:414,2
DA:416,2
DA:417,2
DA:418,0
DA:419,0
DA:420,0
DA:423,2
DA:424,2
DA:425,2
DA:435,1
DA:437,1
DA:438,1
DA:440,1
DA:441,1
DA:442,0
DA:443,0
DA:444,0
DA:447,2
DA:448,1
DA:449,1
DA:459,1
DA:461,1
DA:462,1
DA:472,1
DA:473,1
DA:474,0
DA:475,0
DA:476,0
DA:479,1
DA:489,1
DA:490,1
DA:502,2
DA:504,2
DA:505,2
DA:514,2
DA:515,2
DA:516,0
DA:517,0
DA:518,0
DA:521,2
DA:534,2
DA:539,2
DA:545,4
LF:185
LH:111
BRDA:26,0,0,23
BRDA:26,0,1,0
BRDA:29,1,0,23
BRDA:29,1,1,21
BRDA:34,2,0,23
BRDA:34,2,1,0
BRDA:39,3,0,1
BRDA:39,3,1,22
BRDA:51,4,0,22
BRDA:51,4,1,21
BRDA:56,5,0,22
BRDA:56,5,1,0
BRDA:83,6,0,0
BRDA:83,6,1,9
BRDA:89,7,0,5
BRDA:89,7,1,4
BRDA:130,8,0,0
BRDA:130,8,1,7
BRDA:173,9,0,0
BRDA:173,9,1,26
BRDA:179,10,0,22
BRDA:179,10,1,4
BRDA:215,11,0,0
BRDA:215,11,1,0
BRDA:220,12,0,0
BRDA:220,12,1,0
BRDA:225,13,0,0
BRDA:225,13,1,0
BRDA:230,14,0,0
BRDA:230,14,1,0
BRDA:235,15,0,0
BRDA:235,15,1,0
BRDA:241,16,0,0
BRDA:241,16,1,0
BRDA:246,17,0,0
BRDA:246,17,1,0
BRDA:261,18,0,0
BRDA:261,18,1,0
BRDA:267,19,0,0
BRDA:267,19,1,0
BRDA:293,20,0,0
BRDA:293,20,1,3
BRDA:318,21,0,0
[...]
BRDA:574,43,1,3
BRDA:587,44,0,0
BRDA:592,45,0,4
BRDA:592,45,1,17
BRDA:615,46,0,4
BRDA:615,46,1,3
BRDA:637,47,0,2
BRDA:637,47,1,24
BRDA:647,48,0,1
BRDA:647,48,1,23
BRDA:655,49,0,1
BRDA:655,49,1,22
BRDA:661,50,0,1
BRDA:661,50,1,22
BRDA:681,51,0,0
BRDA:684,52,0,0
BRDA:684,52,1,0
BRDA:709,53,0,0
BRDA:709,53,1,0
BRDA:715,54,0,0
BRDA:715,54,1,0
BRDA:715,55,0,0
BRDA:715,55,1,0
BRDA:743,56,0,0
BRDA:743,56,1,0
BRDA:793,57,0,0
BRDA:793,57,1,1
BRDA:799,58,0,0
BRDA:799,58,1,1
BRDA:844,59,0,0
BRDA:844,59,1,0
BRDA:844,60,0,0
BRDA:844,60,1,0
BRDA:844,60,2,0
BRDA:859,61,0,0
BRDA:859,61,1,0
BRDA:870,62,0,0
BRDA:870,62,1,0
BRDA:870,63,0,0
BRDA:870,63,1,0
BRDA:874,64,0,0
BRDA:874,64,1,0
BRDA:895,65,0,0
BRDA:895,65,1,0
BRDA:904,66,0,0
BRDA:904,66,1,0
BRF:125
BRH:84
end_of_record
TN:
SF:services\loanService.js
FN:11,(anonymous_0)
FN:52,(anonymous_1)
FN:74,(anonymous_2)
FN:94,(anonymous_3)
FN:104,(anonymous_4)
FN:121,(anonymous_5)
FN:130,(anonymous_6)
FN:134,(anonymous_7)
FN:146,(anonymous_8)
FN:150,(anonymous_9)
FN:153,(anonymous_10)
FN:164,(anonymous_11)
FN:165,(anonymous_12)
FNF:13
FNH:2
FNDA:0,(anonymous_0)
FNDA:0,(anonymous_1)
FNDA:0,(anonymous_2)
FNDA:0,(anonymous_3)
FNDA:0,(anonymous_4)
FNDA:0,(anonymous_5)
FNDA:0,(anonymous_6)
FNDA:0,(anonymous_7)
FNDA:10,(anonymous_8)
FNDA:0,(anonymous_9)
FNDA:0,(anonymous_10)
FNDA:10,(anonymous_11)
FNDA:0,(anonymous_12)
DA:1,9
DA:2,9
DA:3,9
DA:13,0
DA:16,0
DA:19,0
DA:22,0
DA:23,0
DA:24,0
DA:28,0
DA:29,0
DA:30,0
DA:34,0
DA:35,0
DA:39,0
DA:40,0
DA:41,0
DA:42,0
DA:53,0
DA:55,0
DA:65,0
DA:75,0
DA:77,0
DA:86,0
DA:95,0
DA:105,0
DA:106,0
DA:108,0
DA:109,0
DA:113,0
DA:122,0
DA:123,0
DA:131,0
DA:134,0
DA:147,10
DA:150,10
DA:153,10
DA:165,10
DA:166,0
DA:171,9
LF:40
LH:8
BRDA:23,0,0,0
BRDA:23,0,1,0
BRDA:29,1,0,0
BRDA:29,1,1,0
BRDA:34,2,0,0
BRDA:34,2,1,0
BRDA:34,3,0,0
BRDA:34,3,1,0
BRDA:39,4,0,0
BRDA:39,4,1,0
BRDA:39,5,0,0
BRDA:39,5,1,0
BRDA:41,6,0,0
BRDA:41,6,1,0
BRDA:59,7,0,0
BRDA:59,7,1,0
BRDA:60,8,0,0
BRDA:60,8,1,0
BRDA:62,9,0,0
BRDA:62,9,1,0
BRDA:81,10,0,0
BRDA:81,10,1,0
BRDA:82,11,0,0
BRDA:82,11,1,0
BRDA:83,12,0,0
BRDA:83,12,1,0
BRDA:105,13,0,0
BRDA:105,13,1,0
BRDA:108,14,0,0
BRDA:108,14,1,0
BRDA:123,15,0,0
BRDA:123,15,1,0
BRDA:166,16,0,0
BRDA:166,16,1,0
BRF:34
BRH:0
end_of_record
TN:
SF:services\peopleService.js
FN:10,(anonymous_0)
FN:58,(anonymous_1)
FN:82,(anonymous_2)
FN:115,(anonymous_3)
FN:169,(anonymous_4)
FN:179,(anonymous_5)
FN:195,(anonymous_6)
FNF:7
FNH:7
FNDA:32,(anonymous_0)
FNDA:25,(anonymous_1)
FNDA:6,(anonymous_2)
FNDA:20,(anonymous_3)
FNDA:2,(anonymous_4)
FNDA:4,(anonymous_5)
FNDA:3,(anonymous_6)
DA:1,3
DA:2,3
DA:11,32
DA:14,32
DA:15,4
DA:19,32
DA:20,1
DA:24,32
DA:25,25
DA:26,25
DA:27,2
DA:29,23
DA:30,23
DA:31,0
DA:35,23
DA:36,23
DA:37,1
DA:40,23
DA:41,1
DA:47,32
DA:48,8
DA:60,25
DA:61,25
DA:64,18
DA:70,18
DA:72,18
DA:84,6
DA:85,1
DA:89,5
DA:90,5
DA:93,4
DA:99,4
DA:101,4
DA:102,3
DA:104,1
DA:107,4
DA:117,20
DA:118,1
DA:122,19
DA:123,19
DA:124,1
DA:125,1
DA:132,18
DA:133,18
DA:136,18
DA:138,18
DA:139,17
DA:146,17
DA:157,1
DA:158,1
DA:170,2
DA:171,2
DA:181,4
DA:182,1
DA:185,3
DA:187,3
DA:197,3
DA:198,1
DA:201,2
DA:202,2
DA:204,2
DA:211,3
LF:62
LH:61
BRDA:14,0,0,4
BRDA:14,0,1,28
BRDA:14,1,0,32
BRDA:14,1,1,29
BRDA:19,2,0,1
BRDA:19,2,1,31
BRDA:19,3,0,32
BRDA:19,3,1,29
BRDA:24,4,0,25
BRDA:24,4,1,7
BRDA:26,5,0,2
BRDA:26,5,1,23
BRDA:30,6,0,0
BRDA:30,6,1,23
BRDA:36,7,0,1
BRDA:36,7,1,22
BRDA:40,8,0,1
BRDA:40,8,1,22
BRDA:47,9,0,8
BRDA:47,9,1,24
BRDA:66,10,0,18
BRDA:66,10,1,2
BRDA:84,11,0,1
BRDA:84,11,1,5
BRDA:95,12,0,4
BRDA:95,12,1,1
BRDA:101,13,0,3
BRDA:101,13,1,1
BRDA:117,14,0,1
BRDA:117,14,1,19
BRDA:123,15,0,1
BRDA:123,15,1,18
BRDA:138,16,0,17
BRDA:138,16,1,1
BRDA:148,17,0,2
BRDA:148,17,1,15
BRDA:181,18,0,1
BRDA:181,18,1,3
BRDA:197,19,0,1
BRDA:197,19,1,2
BRF:40
BRH:39
end_of_record
TN:
SF:services\placeNameService.js
FN:9,levenshteinDistance
FN:14,(anonymous_1)
FN:47,normalizeString
FN:62,calculateSimilarity
FN:106,areSimilar
FN:115,groupSimilarNames
FN:120,(anonymous_6)
FN:142,(anonymous_7)
FN:156,(anonymous_8)
FN:169,(anonymous_9)
FN:178,analyzePlaceNames
FN:188,(anonymous_11)
FN:197,validateUpdates
FN:246,standardizePlaceNames
FNF:14
FNH:14
FNDA:48,levenshteinDistance
FNDA:674,(anonymous_1)
FNDA:142,normalizeString
FNDA:66,calculateSimilarity
FNDA:57,areSimilar
FNDA:16,groupSimilarNames
FNDA:47,(anonymous_6)
FNDA:49,(anonymous_7)
FNDA:25,(anonymous_8)
FNDA:4,(anonymous_9)
FNDA:3,analyzePlaceNames
FNDA:8,(anonymous_11)
FNDA:21,validateUpdates
FNDA:12,standardizePlaceNames
DA:1,2
DA:10,48
DA:11,48
DA:14,674
DA:17,48
DA:18,674
DA:20,48
DA:21,644
DA:25,48
DA:26,626
DA:27,10168
DA:28,896
DA:30,9272
DA:39,48
DA:48,142
DA:50,139
DA:63,66
DA:64,66
DA:67,66
DA:68,18
DA:72,48
DA:73,2
DA:77,46
DA:78,46
DA:80,46
DA:81,8
DA:85,38
DA:86,38
DA:89,38
DA:92,38
DA:93,9
DA:96,29
DA:107,57
DA:116,16
DA:117,16
DA:120,47
DA:122,16
DA:123,51
DA:124,25
DA:128,26
DA:133,26
DA:136,26
DA:137,87
DA:138,44
DA:142,43
DA:143,49
DA:146,43
DA:147,25
DA:148,25
DA:149,25
DA:154,26
DA:156,25
DA:159,15
DA:162,15
DA:164,15
DA:169,16
DA:171,16
DA:180,3
DA:183,3
DA:185,3
DA:188,8
DA:198,21
DA:199,1
DA:202,20
DA:203,1
DA:206,19
DA:207,24
DA:209,24
DA:210,0
DA:213,24
DA:214,1
DA:217,23
DA:218,1
DA:221,22
DA:222,1
DA:225,21
DA:226,4
DA:230,17
DA:231,39
DA:232,1
DA:234,38
DA:235,1
DA:248,12
DA:251,9
DA:253,9
DA:260,2
LF:86
LH:85
BRDA:27,0,0,896
BRDA:27,0,1,9272
BRDA:48,1,0,3
BRDA:48,1,1,139
BRDA:67,2,0,18
BRDA:67,2,1,48
BRDA:72,3,0,2
BRDA:72,3,1,46
BRDA:72,4,0,48
BRDA:72,4,1,48
BRDA:80,5,0,8
BRDA:80,5,1,38
BRDA:92,6,0,9
BRDA:92,6,1,29
BRDA:106,7,0,55
BRDA:123,8,0,25
BRDA:123,8,1,26
BRDA:137,9,0,44
BRDA:137,9,1,43
BRDA:146,10,0,25
BRDA:146,10,1,18
BRDA:154,11,0,15
BRDA:154,11,1,11
BRDA:198,12,0,1
BRDA:198,12,1,20
BRDA:202,13,0,1
BRDA:202,13,1,19
BRDA:209,14,0,0
BRDA:209,14,1,24
BRDA:209,15,0,24
BRDA:209,15,1,24
BRDA:213,16,0,1
BRDA:213,16,1,23
BRDA:217,17,0,1
BRDA:217,17,1,22
BRDA:221,18,0,1
BRDA:221,18,1,21
BRDA:225,19,0,4
BRDA:225,19,1,17
BRDA:231,20,0,1
BRDA:231,20,1,38
BRDA:234,21,0,1
BRDA:234,21,1,37
BRDA:256,22,0,8
BRDA:256,22,1,1
BRF:45
BRH:44
end_of_record
TN:
SF:utils\archiveUtils.js
FN:19,(anonymous_0)
FN:111,(anonymous_1)
FN:143,(anonymous_2)
FN:165,(anonymous_3)
FN:187,(anonymous_4)
FN:210,(anonymous_5)
FN:230,(anonymous_6)
FN:251,(anonymous_7)
FNF:8
FNH:8
FNDA:25,(anonymous_0)
FNDA:12,(anonymous_1)
FNDA:118,(anonymous_2)
FNDA:5,(anonymous_3)
FNDA:21,(anonymous_4)
FNDA:12,(anonymous_5)
FNDA:193,(anonymous_6)
FNDA:22,(anonymous_7)
DA:1,3
DA:2,3
DA:3,3
DA:4,3
DA:20,25
DA:21,1
DA:24,24
DA:25,1
DA:29,23
DA:30,23
DA:31,59
DA:32,0
DA:33,0
DA:36,59
DA:37,59
DA:38,58
DA:40,1
DA:44,23
DA:45,1
DA:49,22
DA:50,22
DA:53,22
DA:55,22
DA:56,22
DA:59,22
DA:60,58
DA:61,58
DA:63,58
DA:65,58
DA:66,58
DA:67,18
DA:69,40
DA:74,22
DA:77,22
DA:87,22
DA:89,22
DA:95,22
DA:101,22
DA:112,12
DA:113,1
DA:116,11
DA:117,1
DA:121,10
DA:122,10
DA:124,1
DA:128,9
DA:129,9
DA:130,1
DA:134,8
DA:137,8
DA:140,8
DA:144,118
DA:148,8
DA:154,8
DA:166,5
DA:167,1
DA:171,4
DA:172,4
DA:174,1
DA:178,3
DA:179,3
DA:180,1
DA:183,2
DA:185,2
DA:188,21
DA:196,2
DA:201,2
DA:211,12
DA:212,12
DA:213,12
DA:214,12
DA:215,12
DA:218,12
DA:220,0
DA:231,193
DA:232,193
DA:234,193
DA:235,230
DA:236,230
DA:238,230
DA:239,175
DA:241,55
DA:252,22
DA:253,22
DA:255,0
DA:260,3
LF:86
LH:82
BRDA:20,0,0,1
BRDA:20,0,1,24
BRDA:24,1,0,1
BRDA:24,1,1,23
BRDA:24,2,0,24
BRDA:24,2,1,24
BRDA:24,2,2,24
BRDA:31,3,0,0
BRDA:31,3,1,59
BRDA:31,4,0,59
BRDA:31,4,1,59
BRDA:44,5,0,1
BRDA:44,5,1,22
BRDA:66,6,0,18
BRDA:66,6,1,40
BRDA:112,7,0,1
BRDA:112,7,1,11
BRDA:116,8,0,1
BRDA:116,8,1,10
BRDA:129,9,0,1
BRDA:129,9,1,8
BRDA:166,10,0,1
BRDA:166,10,1,4
BRDA:179,11,0,1
BRDA:179,11,1,2
BRDA:218,12,0,12
BRDA:218,12,1,10
BRDA:238,13,0,175
BRDA:238,13,1,55
BRF:29
BRH:28
end_of_record
TN:
SF:utils\categories.js
FN:54,isTaxDeductible
FN:63,isBudgetable
FN:72,isValid
FNF:3
FNH:0
FNDA:0,isTaxDeductible
FNDA:0,isBudgetable
FNDA:0,isValid
DA:6,47
DA:26,47
DA:44,47
DA:55,0
DA:64,0
DA:73,0
DA:76,47
LF:7
LH:4
BRF:0
BRH:0
end_of_record
TN:
SF:utils\constants.js
FNF:0
FNH:0
DA:5,10
DA:15,10
DA:22,10
LF:3
LH:3
BRF:0
BRH:0
end_of_record
TN:
SF:utils\dateUtils.js
FN:6,calculateWeek
FNF:1
FNH:1
FNDA:175,calculateWeek
DA:9,175
DA:11,175
DA:12,175
DA:13,175
DA:16,0
DA:17,0
DA:20,0
DA:23,175
DA:26,9
LF:9
LH:6
BRDA:9,0,0,175
BRDA:9,0,1,0
BRDA:12,1,0,175
BRDA:12,1,1,0
BRF:4
BRH:2
end_of_record
TN:
SF:utils\filePermissions.js
FN:10,(anonymous_0)
FN:23,(anonymous_1)
FN:39,(anonymous_2)
FN:55,(anonymous_3)
FN:138,(anonymous_4)
FN:210,(anonymous_5)
FN:255,(anonymous_6)
FN:314,(anonymous_7)
FN:344,(anonymous_8)
FN:400,(anonymous_9)
FNF:10
FNH:7
FNDA:46,(anonymous_0)
FNDA:3,(anonymous_1)
FNDA:0,(anonymous_2)
FNDA:0,(anonymous_3)
FNDA:7,(anonymous_4)
FNDA:0,(anonymous_5)
FNDA:6,(anonymous_6)
FNDA:37,(anonymous_7)
FNDA:7,(anonymous_8)
FNDA:1,(anonymous_9)
DA:1,46
DA:2,46
DA:3,46
DA:12,46
DA:13,46
DA:14,46
DA:15,46
DA:24,3
DA:25,3
DA:26,3
DA:27,3
DA:29,0
DA:30,0
DA:40,0
DA:41,0
DA:42,0
DA:43,0
DA:45,0
DA:46,0
DA:56,0
DA:63,0
DA:64,0
DA:65,0
DA:66,0
DA:68,0
DA:71,0
DA:73,0
DA:75,0
DA:76,0
DA:78,0
DA:79,0
DA:81,0
DA:82,0
DA:86,0
DA:87,0
DA:91,0
DA:96,0
DA:97,0
DA:101,0
DA:102,0
DA:106,0
DA:107,0
DA:108,0
DA:112,0
DA:113,0
DA:114,0
DA:118,0
DA:119,0
DA:122,0
DA:125,0
DA:127,0
DA:128,0
DA:129,0
DA:139,7
DA:146,7
DA:147,7
DA:148,7
DA:149,7
DA:151,7
DA:154,7
DA:156,7
DA:158,7
DA:159,7
DA:161,7
DA:162,0
DA:164,7
DA:165,0
DA:169,7
DA:174,0
DA:175,0
DA:179,0
DA:180,0
DA:184,0
DA:185,0
DA:189,0
DA:190,0
DA:191,0
DA:194,0
DA:197,7
DA:199,0
DA:200,0
DA:201,0
DA:216,0
DA:218,0
DA:219,0
DA:220,0
DA:223,0
DA:224,0
DA:228,0
DA:229,0
DA:233,0
DA:234,0
DA:238,0
DA:239,0
DA:242,0
DA:243,0
DA:245,0
DA:246,0
DA:261,6
DA:263,6
DA:264,6
DA:265,6
DA:268,6
DA:271,6
DA:272,6
DA:276,6
DA:277,0
DA:281,6
DA:282,0
DA:285,6
DA:286,6
DA:289,6
DA:290,0
DA:292,0
DA:293,0
DA:295,0
DA:296,0
DA:297,0
DA:298,0
DA:303,0
DA:304,0
DA:315,37
DA:318,37
DA:320,15
DA:321,15
DA:323,15
DA:324,15
DA:326,7
DA:327,7
DA:329,0
DA:332,37
DA:333,37
DA:335,0
DA:345,7
DA:357,7
DA:358,7
DA:359,7
DA:360,7
DA:361,7
DA:363,7
DA:364,7
DA:367,7
DA:368,7
DA:369,7
DA:372,7
DA:373,0
DA:374,0
DA:375,0
DA:376,7
DA:377,7
DA:378,7
DA:379,7
DA:382,7
DA:384,0
DA:385,0
DA:387,0
DA:388,0
DA:390,0
DA:401,1
DA:403,1
DA:405,1
DA:406,1
DA:409,1
DA:410,2
DA:411,2
DA:412,2
DA:415,1
DA:417,0
DA:418,0
DA:423,46
LF:170
LH:74
BRDA:23,0,0,0
BRDA:25,1,0,0
BRDA:25,1,1,3
BRDA:39,2,0,0
BRDA:41,3,0,0
BRDA:41,3,1,0
BRDA:73,4,0,0
BRDA:73,4,1,0
BRDA:78,5,0,0
BRDA:78,5,1,0
BRDA:81,6,0,0
BRDA:81,6,1,0
BRDA:86,7,0,0
BRDA:86,7,1,0
BRDA:91,8,0,0
BRDA:91,8,1,0
BRDA:96,9,0,0
BRDA:96,9,1,0
BRDA:101,10,0,0
BRDA:101,10,1,0
BRDA:106,11,0,0
BRDA:106,11,1,0
BRDA:112,12,0,0
BRDA:112,12,1,0
BRDA:118,13,0,0
BRDA:118,13,1,0
BRDA:156,14,0,7
BRDA:156,14,1,0
BRDA:161,15,0,0
BRDA:161,15,1,7
BRDA:164,16,0,0
BRDA:164,16,1,7
BRDA:169,17,0,7
BRDA:169,17,1,7
BRDA:174,18,0,0
BRDA:174,18,1,0
BRDA:179,19,0,0
BRDA:179,19,1,0
BRDA:184,20,0,0
BRDA:184,20,1,0
BRDA:189,21,0,0
BRDA:189,21,1,0
BRDA:210,22,0,0
BRDA:212,23,0,0
BRDA:213,24,0,0
BRDA:214,25,0,0
BRDA:215,26,0,0
BRDA:223,27,0,0
BRDA:223,27,1,0
BRDA:228,28,0,0
BRDA:228,28,1,0
BRDA:233,29,0,0
BRDA:233,29,1,0
BRDA:238,30,0,0
BRDA:238,30,1,0
BRDA:255,31,0,0
BRDA:257,32,0,0
BRDA:258,33,0,0
BRDA:259,34,0,0
BRDA:260,35,0,6
BRDA:271,36,0,6
BRDA:271,36,1,0
BRDA:276,37,0,0
BRDA:276,37,1,6
BRDA:281,38,0,0
BRDA:281,38,1,6
BRDA:289,39,0,0
BRDA:289,39,1,6
BRDA:295,40,0,0
BRDA:295,40,1,0
BRDA:297,41,0,0
BRDA:297,41,1,0
BRDA:318,42,0,15
BRDA:318,42,1,15
BRDA:318,42,2,7
BRDA:318,42,3,0
BRDA:372,43,0,0
BRDA:372,43,1,7
BRDA:376,44,0,7
BRDA:376,44,1,0
BRDA:384,45,0,0
BRDA:384,45,1,0
BRDA:400,46,0,0
BRDA:400,47,0,1
BRDA:401,48,0,1
BRF:85
BRH:18
end_of_record
TN:
SF:utils\fileStorage.js
FN:11,(anonymous_0)
FN:27,(anonymous_1)
FN:48,(anonymous_2)
FN:61,(anonymous_3)
FN:75,(anonymous_4)
FN:116,(anonymous_5)
FN:134,(anonymous_6)
FN:152,(anonymous_7)
FN:170,(anonymous_8)
FN:197,(anonymous_9)
FN:214,(anonymous_10)
FN:228,(anonymous_11)
FN:247,(anonymous_12)
FN:280,(anonymous_13)
FN:283,(anonymous_14)
FN:329,(anonymous_15)
FN:348,(anonymous_16)
FNF:17
FNH:14
FNDA:47,(anonymous_0)
FNDA:8,(anonymous_1)
FNDA:23,(anonymous_2)
FNDA:22,(anonymous_3)
FNDA:26,(anonymous_4)
FNDA:22,(anonymous_5)
FNDA:1,(anonymous_6)
FNDA:38,(anonymous_7)
FNDA:0,(anonymous_8)
FNDA:4,(anonymous_9)
FNDA:30,(anonymous_10)
FNDA:43,(anonymous_11)
FNDA:3,(anonymous_12)
FNDA:0,(anonymous_13)
FNDA:0,(anonymous_14)
FNDA:31,(anonymous_15)
FNDA:3,(anonymous_16)
DA:1,47
DA:2,47
DA:3,47
DA:4,47
DA:13,47
DA:14,47
DA:15,47
DA:17,47
DA:28,8
DA:30,8
DA:33,8
DA:35,8
DA:37,0
DA:38,0
DA:49,23
DA:50,23
DA:51,23
DA:62,22
DA:63,22
DA:64,22
DA:65,22
DA:67,22
DA:76,26
DA:79,25
DA:82,25
DA:85,25
DA:88,25
DA:89,0
DA:93,25
DA:94,25
DA:95,25
DA:97,25
DA:98,1
DA:102,25
DA:103,0
DA:106,25
DA:117,22
DA:118,22
DA:119,22
DA:121,22
DA:135,1
DA:136,1
DA:137,1
DA:138,1
DA:140,1
DA:153,38
DA:154,38
DA:156,2
DA:157,2
DA:159,0
DA:171,0
DA:173,0
DA:174,0
DA:177,0
DA:180,0
DA:182,0
DA:184,0
DA:185,0
DA:189,0
DA:198,4
DA:199,4
DA:201,0
DA:202,0
DA:203,0
DA:215,30
DA:216,30
DA:217,28
DA:219,2
DA:229,43
DA:230,43
DA:231,43
DA:238,0
DA:239,0
DA:248,3
DA:249,3
DA:250,3
DA:251,3
DA:253,3
DA:255,3
DA:256,0
DA:257,0
DA:259,0
DA:260,0
DA:261,0
DA:265,3
DA:266,0
DA:269,3
DA:271,0
DA:272,0
DA:281,0
DA:282,0
DA:283,0
DA:285,0
DA:288,0
DA:290,0
DA:291,0
DA:292,0
DA:294,0
DA:296,0
DA:297,0
DA:298,0
DA:300,0
DA:302,0
DA:304,0
DA:305,0
DA:306,0
DA:307,0
DA:313,0
DA:314,0
DA:317,0
DA:319,0
DA:320,0
DA:330,31
DA:331,31
DA:332,31
DA:333,0
DA:335,31
DA:337,0
DA:338,0
DA:340,0
DA:349,3
DA:350,3
DA:351,3
DA:353,3
DA:355,3
DA:356,16
DA:358,13
DA:359,13
DA:361,13
DA:362,15
DA:363,15
DA:365,15
DA:366,9
DA:367,9
DA:368,9
DA:369,9
DA:370,9
DA:376,3
DA:382,0
DA:383,0
DA:388,47
LF:141
LH:85
BRDA:48,0,0,0
BRDA:76,1,0,1
BRDA:76,1,1,25
BRDA:88,2,0,0
BRDA:88,2,1,25
BRDA:88,3,0,25
BRDA:88,3,1,25
BRDA:97,4,0,1
BRDA:97,4,1,24
BRDA:102,5,0,0
BRDA:102,5,1,25
BRDA:102,6,0,25
BRDA:102,6,1,25
BRDA:116,7,0,2
BRDA:156,8,0,2
BRDA:156,8,1,0
BRDA:201,9,0,0
BRDA:201,9,1,0
BRDA:247,10,0,0
BRDA:259,11,0,0
BRDA:259,11,1,0
BRDA:265,12,0,0
BRDA:265,12,1,3
BRDA:292,13,0,0
BRDA:292,13,1,0
BRDA:304,14,0,0
BRDA:304,14,1,0
BRDA:313,15,0,0
BRDA:313,15,1,0
BRDA:332,16,0,0
BRDA:332,16,1,31
BRDA:337,17,0,0
BRDA:337,17,1,0
BRDA:356,18,0,3
BRDA:356,18,1,13
BRDA:368,19,0,9
BRDA:368,19,1,0
BRF:37
BRH:17
end_of_record
TN:
SF:utils\fileValidation.js
FN:10,(anonymous_0)
FN:35,(anonymous_1)
FN:105,(anonymous_2)
FN:168,(anonymous_3)
FN:173,(anonymous_4)
FN:225,(anonymous_5)
FN:253,(anonymous_6)
FN:283,(anonymous_7)
FN:305,(anonymous_8)
FN:328,(anonymous_9)
FN:362,(anonymous_10)
FN:409,(anonymous_11)
FN:453,(anonymous_12)
FN:466,(anonymous_13)
FN:478,(anonymous_14)
FNF:15
FNH:15
FNDA:5,(anonymous_0)
FNDA:14,(anonymous_1)
FNDA:20,(anonymous_2)
FNDA:20,(anonymous_3)
FNDA:20,(anonymous_4)
FNDA:45,(anonymous_5)
FNDA:43,(anonymous_6)
FNDA:21,(anonymous_7)
FNDA:52,(anonymous_8)
FNDA:50,(anonymous_9)
FNDA:48,(anonymous_10)
FNDA:73,(anonymous_11)
FNDA:52,(anonymous_12)
FNDA:3,(anonymous_13)
FNDA:3,(anonymous_14)
DA:1,5
DA:2,5
DA:3,5
DA:12,5
DA:17,5
DA:18,5
DA:21,5
DA:26,5
DA:36,14
DA:47,14
DA:49,14
DA:50,0
DA:51,0
DA:55,14
DA:56,14
DA:57,3
DA:61,14
DA:62,14
DA:63,3
DA:67,14
DA:68,14
DA:69,2
DA:73,14
DA:74,10
DA:75,10
DA:76,4
DA:78,10
DA:79,10
DA:84,14
DA:85,14
DA:86,1
DA:89,14
DA:91,14
DA:93,0
DA:94,0
DA:95,0
DA:106,20
DA:117,20
DA:119,20
DA:120,0
DA:121,0
DA:125,20
DA:126,20
DA:127,0
DA:131,20
DA:132,20
DA:133,0
DA:137,20
DA:138,20
DA:139,0
DA:143,20
DA:144,20
DA:145,20
DA:146,0
DA:148,20
DA:149,20
DA:153,20
DA:155,20
DA:157,0
DA:158,0
DA:159,0
DA:169,20
DA:171,20
DA:173,20
DA:174,20
DA:177,20
DA:178,0
DA:179,0
DA:180,0
DA:184,20
DA:187,20
DA:188,20
DA:189,0
DA:190,0
DA:191,0
DA:195,20
DA:196,0
DA:200,20
DA:201,0
DA:202,0
DA:206,20
DA:207,0
DA:208,0
DA:211,20
DA:213,0
DA:214,0
DA:215,0
DA:216,0
DA:226,45
DA:228,45
DA:229,1
DA:230,1
DA:231,1
DA:234,44
DA:235,6
DA:236,6
DA:239,44
DA:240,4
DA:241,4
DA:242,4
DA:245,44
DA:254,43
DA:256,43
DA:257,0
DA:258,0
DA:259,0
DA:262,43
DA:264,43
DA:265,3
DA:266,3
DA:267,3
DA:270,40
DA:271,6
DA:272,6
DA:275,40
DA:284,21
DA:286,21
DA:287,1
DA:288,1
DA:289,1
DA:292,20
DA:293,5
DA:294,5
DA:297,20
DA:306,52
DA:308,52
DA:310,52
DA:311,52
DA:312,2
DA:313,2
DA:314,2
DA:318,50
DA:319,50
DA:321,50
DA:322,50
DA:324,50
DA:328,50
DA:329,50
DA:332,50
DA:333,2
DA:334,2
DA:335,2
DA:339,48
DA:340,48
DA:341,1
DA:342,1
DA:344,48
DA:345,48
DA:348,48
DA:350,0
DA:351,0
DA:352,0
DA:353,0
DA:363,48
DA:365,48
DA:367,48
DA:368,48
DA:371,48
DA:372,48
DA:373,0
DA:374,0
DA:375,0
DA:379,48
DA:380,1
DA:384,48
DA:385,0
DA:386,0
DA:390,48
DA:391,1
DA:392,1
DA:395,48
DA:397,0
DA:398,0
DA:399,0
DA:400,0
DA:410,73
DA:412,73
DA:413,0
DA:414,0
DA:415,0
DA:419,73
DA:420,4
DA:421,4
DA:425,73
DA:426,73
DA:427,4
DA:428,4
DA:432,73
DA:433,4
DA:434,4
DA:438,73
DA:439,73
DA:440,73
DA:441,1
DA:442,1
DA:445,73
DA:454,52
DA:455,52
DA:456,50
DA:458,2
DA:467,3
DA:479,3
DA:486,5
LF:203
LH:155
BRDA:35,0,0,0
BRDA:41,1,0,14
BRDA:41,1,1,0
BRDA:43,2,0,14
BRDA:43,2,1,0
BRDA:49,3,0,0
BRDA:49,3,1,14
BRDA:56,4,0,3
BRDA:56,4,1,11
BRDA:61,5,0,14
BRDA:61,5,1,0
BRDA:62,6,0,3
BRDA:62,6,1,11
BRDA:68,7,0,2
BRDA:68,7,1,12
BRDA:73,8,0,10
BRDA:73,8,1,4
BRDA:73,9,0,14
BRDA:73,9,1,14
BRDA:75,10,0,4
BRDA:75,10,1,6
BRDA:78,11,0,10
BRDA:78,11,1,0
BRDA:84,12,0,14
BRDA:84,12,1,0
BRDA:85,13,0,1
BRDA:85,13,1,13
BRDA:112,14,0,20
BRDA:112,14,1,0
BRDA:119,15,0,0
BRDA:119,15,1,20
BRDA:119,16,0,20
BRDA:119,16,1,20
BRDA:126,17,0,0
BRDA:126,17,1,20
BRDA:132,18,0,0
BRDA:132,18,1,20
BRDA:138,19,0,0
BRDA:138,19,1,20
BRDA:143,20,0,20
BRDA:143,20,1,0
BRDA:145,21,0,0
BRDA:145,21,1,20
BRDA:148,22,0,20
BRDA:148,22,1,0
BRDA:177,23,0,0
BRDA:177,23,1,20
BRDA:188,24,0,0
BRDA:188,24,1,20
BRDA:195,25,0,0
BRDA:195,25,1,20
BRDA:200,26,0,0
BRDA:200,26,1,20
BRDA:200,27,0,20
BRDA:200,27,1,20
BRDA:206,28,0,0
BRDA:206,28,1,20
BRDA:228,29,0,1
BRDA:228,29,1,44
BRDA:228,30,0,45
BRDA:228,30,1,44
BRDA:234,31,0,6
BRDA:234,31,1,38
BRDA:239,32,0,4
BRDA:239,32,1,40
BRDA:256,33,0,0
BRDA:256,33,1,43
BRDA:264,34,0,3
BRDA:264,34,1,40
BRDA:270,35,0,6
BRDA:270,35,1,34
BRDA:286,36,0,1
BRDA:286,36,1,20
BRDA:292,37,0,5
BRDA:292,37,1,15
BRDA:311,38,0,2
BRDA:311,38,1,50
BRDA:332,39,0,2
BRDA:332,39,1,48
BRDA:340,40,0,1
BRDA:340,40,1,47
BRDA:344,41,0,48
BRDA:344,41,1,0
BRDA:372,42,0,0
BRDA:372,42,1,48
BRDA:379,43,0,1
BRDA:379,43,1,47
BRDA:384,44,0,0
BRDA:384,44,1,48
BRDA:384,45,0,48
BRDA:384,45,1,48
BRDA:390,46,0,1
BRDA:390,46,1,47
BRDA:412,47,0,0
BRDA:412,47,1,73
BRDA:419,48,0,4
BRDA:419,48,1,69
BRDA:419,49,0,73
BRDA:419,49,1,69
BRDA:419,49,2,69
BRDA:426,50,0,4
BRDA:426,50,1,69
BRDA:432,51,0,4
BRDA:432,51,1,69
BRDA:440,52,0,1
BRDA:440,52,1,72
BRF:106
BRH:81
end_of_record
TN:
SF:utils\validators.js
FN:17,(anonymous_0)
FN:66,(anonymous_1)
FN:111,(anonymous_2)
FNF:3
FNH:3
FNDA:74,(anonymous_0)
FNDA:26,(anonymous_1)
FNDA:29,(anonymous_2)
DA:17,13
DA:23,74
DA:26,74
DA:27,4
DA:28,1
DA:30,3
DA:31,2
DA:33,1
DA:37,70
DA:38,4
DA:42,66
DA:43,4
DA:47,62
DA:48,4
DA:51,58
DA:66,13
DA:72,26
DA:75,26
DA:76,5
DA:77,3
DA:79,2
DA:83,21
DA:84,3
DA:88,18
DA:89,2
DA:93,16
DA:94,2
DA:98,14
DA:99,3
DA:102,11
DA:111,13
DA:112,29
DA:113,26
DA:114,23
DA:117,13
LF:35
LH:35
BRDA:17,0,0,8
BRDA:19,1,0,13
BRDA:20,2,0,13
BRDA:21,3,0,73
BRDA:22,4,0,73
BRDA:26,5,0,4
BRDA:26,5,1,70
BRDA:26,6,0,74
BRDA:26,6,1,72
BRDA:27,7,0,1
BRDA:27,7,1,3
BRDA:27,8,0,4
BRDA:27,8,1,1
BRDA:30,9,0,2
BRDA:30,9,1,1
BRDA:37,10,0,4
BRDA:37,10,1,66
BRDA:37,11,0,70
BRDA:37,11,1,67
BRDA:42,12,0,4
BRDA:42,12,1,62
BRDA:42,13,0,66
BRDA:42,13,1,59
BRDA:47,14,0,4
BRDA:47,14,1,58
BRDA:47,15,0,62
BRDA:47,15,1,56
BRDA:66,16,0,9
BRDA:68,17,0,19
BRDA:69,18,0,20
BRDA:70,19,0,24
BRDA:71,20,0,20
BRDA:75,21,0,5
BRDA:75,21,1,21
BRDA:75,22,0,26
BRDA:75,22,1,24
BRDA:75,22,2,23
BRDA:76,23,0,3
BRDA:76,23,1,2
BRDA:83,24,0,3
BRDA:83,24,1,18
BRDA:88,25,0,2
BRDA:88,25,1,16
BRDA:88,26,0,18
BRDA:88,26,1,7
BRDA:93,27,0,2
BRDA:93,27,1,14
BRDA:93,28,0,16
BRDA:93,28,1,5
BRDA:98,29,0,3
BRDA:98,29,1,11
BRDA:98,30,0,14
BRDA:98,30,1,6
BRF:53
BRH:53
end_of_record
